wwwwwwwwwwwwwwwwwwwwwwwwwwwwwwwwwwwwwwwwwwwwwwwwwwwwwwwwwwwwwwwwwwwwwwwwwwwwwwwwwwwwwwwwwwwwwwwwwwwwwwwwwwwwwwwwwwwwwwwwwwwwwwwwwwwwwwwwwwwwwwwwwwwwwwwwwwwwwwwwwwwwwwwwwwwwwwwwwwwwwwwwwwwwwwwwwwwwwwwwwwwwwwwwwwwwwwwwwwwwwwwwwwwwwwwwwwwwwwwwwwwwwwwwwwwwwwww
wwwwwwwwwwwwwwwwwwwwwwwwwwwwwwwwwwwwwwwwwwwwwwwwwwwwwwwwwwwwwwwwwwwwwwwwwwwwwwwwwwwwwwwwwwwwwwwwwwwwwwwwwwwwwwwwwwwwwwwwwwwwwwwwwwwwwwwwwwwwwwwwwwwwwwwwwwwwwwwwwwwwwwwwwwwwwwwwwwwwwwwwwwwwwwwwwwwwwwwwwwwwwwwwwwwwwwwwwwwwwwwwwwwwwwwwwwwwwwwwwwwwwwwwwwwwwwww
wwwwwwwwwwwwwwwwwwwwwwwwwwwwwwwwwwwwwwwwwwwwwwwwwwwwwwwwwwwwwwwwwwwwwwwwwwwwwwwwwwwwwwwwwwwwwwwwwwwwwwwwwwwwwwwwwwwwwwwwwwwwwwwwwwwwwwwwwwwwwwwwwwwwwwwwwwwwwwwwwwwwwwwwwwwwwwwwwwwwwwwwwwwwwwwwwwwwwwwwwwwwwwwwwwwwwwwwwwwwwwwwwwwwwwwwwwwwwwwwwwwwwwwwwwwwwwww
wwwwwwwwwwwwwwwwwwwwwwwwwwwwwwwwwwwwwwwwwwwwwwwwwwwwwwwwwwwwwwwwwwwwwwwwwwwwwwwwwwwwwwwwwwwwwwwwwwwwwwwwwwwwwwwwwwwwwwwwwwwwwwwwwwwwwwwwwwwwwwwwwwwwwwwwwwwwwwwwwwwwwwwwwwwwwwwwwwwwwwwwwwwwwwwwwwwwwwwwwwwwwwwwwwwwwwwwwwwwwwwwwwwwwwwwwwwwwwwwwwwwwwwwwwwwwwww
wwwwwwwwwwwwwwwwwwwwwwwwwwwwwwwwwwwwwwwwwwwwwwwwwwwwwwwwwwwwwwwwwwwwwwwwwwwwwwwwwwwwwwwwwwwwwwwwwwwwwwwwwwwwwwwwwwwwwwwwwwwwwwwwwwwwwwwwwwwwwwwwwwwwwwwwwwwwwwwwwwwwwwwwwwwwwwwwwwwwwwwwwwwwwwwwwwwwwwwwwwwwwwwwwwwwwwwwwwwwwwwwwwwwwwwwwwwwwwwwwwwwwwwwwwwwwwww
wwwwwwwwwwwwwwwwwwwwwwwwwwwwwwwwwwwwwwwwwwwwwwwwwwwwwwwwwwwwwwwwwwwwwwwwwwwwwwwwwwwwwwwwwwwwwwwwwwwwwwwwwwwwwwwwwwwwwwwwwwwwwwwwwwwwwwwwwwwwwwwwwwwwwwwwwwwwwwwwwwwwwwwwwwwwwwwwwwwwwwwwwwwwwwwwwwwwwwwwwwwwwwwwwwwwwwwwwwwwwwwwwwwwwwwwwwwwwwwwwwwwwwwwwwwwwwww
wwwwwwwwwwwwwwwwwwwwwwwwwwwwwwwwwwwwwwwwwwwwwwwwwwwwwwwwwwwwwwwwwwwwwwwwwwwwwwwwwwwwwwwwwwwwwwwwwwwwwwwwwwwwwwwwwwwwwwwwwwwwwwwwwwwwwwwwwwwwwwwwwwwwwwwwwwwwwwwwwwwwwwwwwwwwwwwwwwwwwwwwwwwwwwwwwwwwwwwwwwwwwwwwwwwwwwwwwwwwwwwwwwwwwwwwwwwwwwwwwwwwwwwwwwwwwwww
wwwwwwwwwwwwwwwwwwwwwwwwwwwwwwwwwwwwwwwwwwwwwwwwwwwwwwwwwwwwwwwwwwwwwwwwwwwwwwwwwwwwwwwwwwwwwwwwwwwwwwwwwwwwwwwwwwwwwwwwwwwwwwwwwwwwwwwwwwwwwwwwwwwwwwwwwwwwwwwwwwwwwwwwwwwwwwwwwwwwwwwwwwwwwwwwwwwwwwwwwwwwwwwwwwwwwwwwwwwwwwwwwwwwwwwwwwwwwwwwwwwwwwwwwwwwwwww
wwwwwwwwwwwwwwwwwwwwwwwwwwwwwwwwwwwwwwwwwwwwwwwwwwwwwwwwwwwwwwwwwwwwwwwwwwwwwwwwwwwwwwwwwwwwwwwwwwwwwwwwwwwwwwwwwwwwwwwwwwwwwwwwwwwwwwwwwwwwwwwwwwwwwwwwwwwwwwwwwwwwwwwwwwwwwwwwwwwwwwwwwwwwwwwwwwwwwwwwwwwwwwwwwwwwwwwwwwwwwwwwwwwwwwwwwwwwwwwwwwwwwwwwwwwwwwww
wwwwwwwwwwwwwwwwwwwwwwwwwwwwwwwwwwwwwwwwwwwwwwwwwwwwwwwwwwwwwwwwwwwwwwwwwwwwwwwwwwwwwwwwwwwwwwwwwwwwwwwwwwwwwwwwwwwwwwwwwwwwwwwwwwwwwwwwwwwwwwwwwwwwwwwwwwwwwwwwwwwwwwwwwwwwwwwwwwwwwwwwwwwwwwwwwwwwwwwwwwwwwwwwwwwwwwwwwwwwwwwwwwwwwwwwwwwwwwwwwwwwwwwwwwwwwwww
wwwwwwwwwwwwwwwwwwwwwwwwwwwwwwwwwwwwwwwwwwwwwwwwwwwwwwwwwwwwwwwwwwwwwwwwwwwwwwwwwwwwwwwwwwwwwwwwwwwwwwwwwwwwwwwwwwwwwwwwwwwwwwwwwwwwwwwwwwwwwwwwwwwwwwwwwwwwwwwwwwwwwwwwwwwwwwwwwwwwwwwwwwwwwwwwwwwwwwwwwwwwwwwwwwwwwwwwwwwwwwwwwwwwwwwwwwwwwwwwwwwwwwwwwwwwwwww
wwwwwwwwwwwwwwwwwwwwwwwwwwwwwwwwwwwwwwwwwwwwwwwwwwwwwwwwwwwwwwwwwwwwwwwwwwwwwwwwwwwwwwwwwwwwwwwwwwwwwwwwwwwwwwwwwwwwwwwwwwwwwwwwwwwwwwwwwwwwwwwwwwwwwwwwwwwwwwwwwwwwwwwwwwwwwwwwwwwwwwwwwwwwwwwwwwwwwwwwwwwwwwwwwwwwwwwwwwwwwwwwwwwwwwwwwwwwwwwwwwwwwwwwwwwwwwww
wwwwwwwwwwwwwwwwwwwwwwwwwwwwwwwwwwwwwwwwwwwwwwwwwwwwwwwwwwwwwwwwwwwwwwwwwwwwwwwwwwwwwwwwwwwwwwwwwwwwwwwwwwwwwwwwwwwwwwwwwwwwwwwwwwwwwwwwwwwwwwwwwwwwwwwwwwwwwwwwwwwwwwwwwwwwwwwwwwwwwwwwwwwwwwwwwwwwwwwwwwwwwwwwwwwwwwwwwwwwwwwwwwwwwwwwwwwwwwwwwwwwwwwwwwwwwwww
wwwwwwwwwwwwwwwwwwwwwwwwwwwwwwwwwwwwwwwwwwwwwwwwwwwwwwwwwwwwwwwwwwwwwwwwwwwwwwwwwwwwwwwwwwwwwwwwwwwwwwwwwwwwwwwwwwwwwwwwwwwwwwwwwwwwwwwwwwwwwwwwwwwwwwwwwwwwwwwwwwwwwwwwwwwwwwwwwwwwwwwwwwwwwwwwwwwwwwwwwwwwwwwwwwwwwwwwwwwwwwwwwwwwwwwwwwwwwwwwwwwwwwwwwwwwwwww
wwwwwwwwwwwwwwwwwwwwwwwwwwwwwwwwwwwwwwwwwwwwwwwwwwwwwwwwwwwwwwwwwwwwwwwwwwwwwwwwwwwwwwwwwwwwwwwwwwwwwwwwwwwwwwwwwwwwwwwwwwwwwwwwwwwwwwwwwwwwwwwwwwwwwwwwwwwwwwwwwwwwwwwwwwwwwwwwwwwwwwwwwwwwwwwwwwwwwwwwwwwwwwwwwwwwwwwwwwwwwwwwwwwwwwwwwwwwwwwwwwwwwwwwwwwwwwww
wwwwwwwwwwwwwwwwwwwwwwwwwwwwwwwwwwwwwwwwwwwwwwwwwwwwwwwwwwwwwwwwwwwwwwwwwwwwwwwwwwwwwwwwwwwwwwwwwwwwwwwwwwwwwwwwwwwwwwwwwwwwwwwwwwwwwwwwwwwwwwwwwwwwwwwwwwwwwwwwwwwwwwwwwwwwwwwwwwwwwwwwwwwwwwwwwwwwwwwwwwwwwwwwwwwwwwwwwwwwwwwwwwwwwwwwwwwwwwwwwwwwwwwwwwwwwwww
wwwwwwwwwwwwwwwwwwwwwwwwwwwwwwwwwwwwwwwwwwwwwwwwwwwwwwwwwwwwwwwwwwwwwwwwwwwwwwwwwwwwwwwwwwwwwwwwwwwwwwwwwwwwwwwwwwwwwwwwwwwwwwwwwwwwwwwwwwwwwwwwwwwwwwwwwwwwwwwwwwwwwwwwwwwwwwwwwwwwwwwwwwwwwwwwwwwwwwwwwwwwwwwwwwwwwwwwwwwwwwwwwwwwwwwwwwwwwwwwwwwwwwwwwwwwwwww
wwwwwwwwwwwwwwwwwwwwwwwwwwwwwwwwwbbbbbwwwwbbwwwwwbbbbbwwwbbbbbwwwwwwbbwwbbbbbbbwwbbbbbwwwbbbbbwwwbbbbbwwwbbbbbwwwbbbbbwwbbbbbbwwwbbbbbwwbbbbbbwwwbbbbbwwwbbbbbwwwwwwwwwwwwwwwwwwwbbbbbwwbbbbbbbwwbbbbbwwwwwwwwwwwwbbwwwwwbbbbbwwwbbbbbwwwwwwwwwwwwwwwwwwwwwwwwww
wwwwwwwwwwwwwwwwwwwwwwwwwwwwwwwwbwwwwwbwwwwbwwwwbwwwwwbwbwwwwwbwwwwbwbwwbwwwwwwwbwwwwwbwbwwwwwbwbwwwwwbwbwwwwwbwbwwwwwbwbwwwwwbwbwwwwwbwbwwwwwbwbwwwwwbwbwwwwwbwwwwwwwwwwwwwwwwwbwwwwwbwbwwwwwwwbwwwwwbwwwwwwwwwwwwbwwwwbwwwwwbwbwwwwwbwwwwwwwwwwwwwwwwwwwwwwwww
wwwwwwwwwwwwwwwwwwwwwwwwwwwwwwwwbwwwwwbwwwwbwwwwwwwwwwbwwwwwwwbwwwbwwbwwbwwwwwwwbwwwwwwwwwwwwwbwbwwwwwbwbwwwwwbwwwwwwwbwbwwwwwbwbwwwwwwwbwwwwwbwbwwwwwwwbwwwwwwwwwwwwwwwwwwwwwwwwwwwwwbwbwwwwwwwbwwwwwwwwwwbbwwwwwwbwwwwwwwwwwbwbwwwwwwwwwwwwwwwwwwwwwwwwwwwwwww
wwwwwwwwwwwwwwwwwwwwwwwwwwwwwwwwbwwwwwbwwwwbwwwwwbbbbbwwwwwbbbwwwbwwwbwwwbbbbbwwbbbbbbwwwwwbbbbwwbbbbbwwwbbbbbbwwbbbbbbwbbbbbbwwbwwwwwwwbwwwwwbwbbbbwwwwbbbbwwwwwwwwwwwwwwwwwwwwwbbbbbwwwbbbbbwwbbbbbbwwwwwbbwwwwwwbwwwwwwwbbbbwbbbbbbwwwwwwwwwwwwwwwwwwwwwwwwww
wwwwwwwwwwwwwwwwwwwwwwwwwwwwwwwwbwwwwwbwwwwbwwwwbwwwwwwwwwwwwwbwbwwwwbwwwwwwwwbwbwwwwwbwwwwwwwbwbwwwwwbwwwwwwwbwbwwwwwbwbwwwwwbwbwwwwwwwbwwwwwbwbwwwwwwwbwwwwwwwwwwwwwwwwwwwwwwwbwwwwwwwwwwwwwbwbwwwwwbwwwwwwwwwwwwbwwwwwwwwwwbwbwwwwwbwwwwwwwwwwwwwwwwwwwwwwwww
wwwwwwwwwwwwwwwwwwwwwwwwwwwwwwwwbwwwwwbwwwwbwwwwbwwwwwwwbwwwwwbwbbbbbbbwbwwwwwbwbwwwwwbwwwwwwwbwbwwwwwbwbwwwwwbwbwwwwwbwbwwwwwbwbwwwwwbwbwwwwwbwbwwwwwbwbwwwwwwwwwwwwwwwwwwwwwwwbwwwwwwwbwwwwwbwbwwwwwbwwwwwwwwwwwwbwwwwwwwwwwbwbwwwwwbwwwwwwwwwwwwwwwwwwwwwwwww
wwwwwwwwwwwwwwwwwwwwwwwwwwwwwwwwwbbbbbwwwwwbwwwwbbbbbbbwwbbbbbwwwwwwwbwwwbbbbbwwwbbbbbwwwwwwwwbwwbbbbbwwwbbbbbwwwbbbbbbwbbbbbbwwwbbbbbwwbbbbbbwwwbbbbbwwbwwwwwwwwwwwwwwwwwwwwwwwbbbbbbbwwbbbbbwwwbbbbbwwwwwwwwwwwwwbwwwwwwwwwwbwwbbbbbwwwwwwwwwwwwwwwwwwwwwwwwww
wwwwwwwwwwwwwwwwwwwwwwwwwwwwwwwwwwwwwwwwwwwwwwwwwwwwwwwwwwwwwwwwwwwwwwwwwwwwwwwwwwwwwwwwwwwwwwwwwwwwwwwwwwwwwwwwwwwwwwwwwwwwwwwwwwwwwwwwwwwwwwwwwwwwwwwwwwwwwwwwwwwwwwwwwwwwwwwwwwwwwwwwwwwwwwwwwwwwwwwwwwwwwwwwwwwwwwwwwwwwwwwwwwwwwwwwwwwwwwwwwwwwwwwwwwwwwwww
wwwwwwwwwwwwwwwwwwwwwwwwwwwwwwwwwwwwwwwwwwwwwwwwwwwwwwwwwwwwwwwwwwwwwwwwwwwwwwwwwwwwwwwwwwwwwwwwwwwwwwwwwwwwwwwwwwwwwwwwwwwwwwwwwwwwwwwwwwwwwwwwwwwwwwwwwwwwwwwwwwwwwwwwwwwwwwwwwwwwwwwwwwwwwwwwwwwwwwwwwwwwwwwwwwwwwwwwwwwwwwwwwwwwwwwwwwwwwwwwwwwwwwwwwwwwwwww
wwwwwwwwwwwwwwwwwwwwwwwwwwwwwwwwwwwwwwwwwwwwwwwwwwwwwwwwwwwwwwwwwwwwwwwwwwwwwwwwwwwwwwwwwwwwwwwwwwwwwwwwwwwwwwwwwwwwwwwwwwwwwwwwwwwwwwwwwwwwwwwwwwwwwwwwwwwwwwwwwwwwwwwwwwwwwwwwwwwwwwwwwwwwwwwwwwwwwwwwwwwwwwwwwwwwwwwwwwwwwwwwwwwwwwwwwwwwwwwwwwwwwwwwwwwwwwww
wwwwwwwwwwwwwwwwwwwwwwwwwwwwwwwwwwwwwwwwwwwwwwwwwwwwwwwwwwwwwwwwwwwwwwwwwwwwwwwwwwwwwwwwwwwwwwwwwwwwwwwwwwwwwwwwwwwwwwwwwwwwwwwwwwwwwwwwwwwwwwwwwwwwwwwwwwwwwwwwwwwwwwwwwwwwwwwwwwwwwwwwwwwwwwwwwwwwwwwwwwwwwwwwwwwwwwwwwwwwwwwwwwwwwwwwwwwwwwwwwwwwwwwwwwwwwwww
wwwwwwwwwwwwwwwwwwwwwwwwwwwwwwwwwwwwwwwwwwwwwwwwwwwwwwwwwwwwwwwwwwwwwwwwwwwwwwwwwwwwwwwwwwwwwwwwwwwwwwwwwwwwwwwwwwwwwwwwwwwwwwwwwwwwwwwwwwwwwwwwwwwwwwwwwwwwwwwwwwwwwwwwwwwwwwwwwwwwwwwwwwwwwwwwwwwwwwwwwwwwwwwwwwwwwwwwwwwwwwwwwwwwwwwwwwwwwwwwwwwwwwwwwwwwwwww
wwwwwwwwwwwwwwwwwwwwwwwwwwwwwwwwwwwwwwwwwwwwwwwwwwwwwwwwwwwwwwwwwwwwwwwwwwwwwwwwwwwwwwwwwwwwwwwwwwwwwwwwwwwwwwwwwwwwwwwwwwwwwwwwwwwwwwwwwwwwwwwwwwwwwwwwwwwwwwwwwwwwwwwwwwwwwwwwwwwwwwwwwwwwwwwwwwwwwwwwwwwwwwwwwwwwwwwwwwwwwwwwwwwwwwwwwwwwwwwwwwwwwwwwwwwwwwww
wwwwwwwwwwwwwwwwwwwwwwwwwwwwwwwwwwwwwwwwwwwwwwwwwwwwwwwwwwwwwwwwwwwwwwwwwwwwwwwwwwwwwwwwwwwwwwwwwwwwwwwwwwwwwwwwwwwwwwwwwwwwwwwwwwwwwwwwwwwwwwwwwwwwwwwwwwwwwwwwwwwwwwwwwwwwwwwwwwwwwwwwwwwwwwwwwwwwwwwwwwwwwwwwwwwwwwwwwwwwwwwwwwwwwwwwwwwwwwwwwwwwwwwwwwwwwwww
wwwwwwwwwwwwwwwwwwwwwwwwwwwwwwwwwwwwwwwwwwwwwwwwwwwwwwwwwwwwwwwwwwwwwwwwwwwwwwwwwwwwwwwwwwwwwwwwwwwwwwwwwwwwwwwwwwwwwwwwwwwwwwwwwwwwwwwwwwwwwwwwwwwwwwwwwwwwwwwwwwwwwwwwwwwwwwwwwwwwwwwwwwwwwwwwwwwwwwwwwwwwwwwwwwwwwwwwwwwwwwwwwwwwwwwwwwwwwwwwwwwwwwwwwwwwwwww
wwwwwwwwwwwwwwwwwwwwwwwwwwwwwwwwwwwwwwwwwwwwbbbbwwwwsssswwwwrrrrbbbbwwwwwwwwbbbbbbbbssssbbbbrrrrsssswwwwssssbbbbwwwwssssssssrrrrrrrrwwwwrrrrbbbbrrrrsssswwwwrrrrwwwwwwwwwwwwwwwwwwwwwwwwwwwwwwwwwwwwbbbbbbbbwwwwwwwwsssssssswwwwwwwwrrrrrrrrwwwwwwwwwwwwwwwwwwww
wwwwwwwwwwwwwwwwwbbbbbwwwwwwwwwwwwwwwwwwwwbbbwwwwwssswwwwwrrrwwwbbwwwbbbwwbbbwwwbbsssbbbbbrrrbbbsswwwsssssbbbssswwssswwwssrrrsssrrwwwrrrrrbbbrrrrrsssrrrwwrrrwwwwwwwwwwwwwwwwwwwwwwwwwwwwwwwwwwwwwbbbwwwwwwbbbwwwwssswwwwwwssswwwwrrrwwwwwwrrrwwwwwwwwwwwwwwwwww
wwwwwwwwwwwwwwwwbwwwwwbwwwwwwwwwwwwwwwwwwbbwwbbbwsswwssswrrwwrrrbwwbbwwwwbbwwbbbbssbbsssbrrbbrrrswwsswwwsbbssbbbwsswwssssrrssrrrrwwrrwwwrbbrrbbbrssrrssswrrwwrrrwwwwwwwwwwwwwwwwwwwwwwwwwwwwwwwwwbbwwbbbbbbwwbbwwsswwsssssswwsswwrrwwrrrrrrwwrrwwwwwwwwwwwwwwwww
wwwwwwwwwwwwwwwwbwwwwwbwwwwwwwwwwwwwwwwwwbwbbbbbwswssssswrwrrrrrbwbwwwwwwbwbbbbbbsbsssssbrbrrrrrswswwwwwsbsbbbbbwswssssssrsrrrrrrwrwwwwwrbrbbbbbrsrssssswrwrrrrrwwwwwwwwwwwwwwwwwwwwwwwwwwwwwwwwwbwbbbbbbbbbbwbwwswsssssssssswswwrwrrrrrrrrrrwrwwwwwwwwwwwwwwwww
wwwwwwwwwwwwwwwwbwwwwwbwwwwwwwwwwwwwwwwwbbwbbbbbsswsssssrrwrrrrrwwbwwwwwbbwbbbbbssbsssssrrbrrrrrwwswwwwwbbsbbbbbsswsssssrrsrrrrrwwrwwwwwbbrbbbbbssrsssssrrwrrrrrwwwwwwwwwwwwwwwwwwwwwwwwwwwwwwwwbbwbbbbbbbbbbwbbsswsssssssssswssrrwrrrrrrrrrrwrrwwwwwwwwwwwwwwww
wwwwwwwwwwwwwwwwbwwwwwbwwwwwwwwwwwwwwwwwbwbbbbbbswssssssrwrrrrrrwbwwwwwwbwbbbbbbsbssssssrbrrrrrrwswwwwwwbsbbbbbbswssssssrsrrrrrrwrwwwwwwbrbbbbbbsrssssssrwrrrrrrwwwwwwwwwwwwwwwwwwwwwwwwwwwwwwwwbwbbbbbbbbbbbbwbswsssssssssssswsrwrrrrrrrrrrrrwrwwwwwwwwwwwwwwww
wwwwwwwwwwwwwwwwbwwwwwbwwwwwwwwwwwwwwwwwbwbbbbbbswssssssrwrrrrrrwbwwwwwwbwbbbbbbsbssssssrbrrrrrrwswwwwwwbsbbbbbbswssssssrsrrrrrrwrwwwwwwbrbbbbbbsrssssssrwrrrrrrwwwwwwwwwwwwwwwwwwwwwwwwwwwwwwwwbwbbbbbbbbbbbbwbswsssssssssssswsrwrrrrrrrrrrrrwrwwwwwwwwwwwwwwww
wwwwwwwwwwwwwwwwwbbbbbwwwwwwwwwwwwwwwwwwbwbbbbbbswssssssrwrrrrrrwbwwwwwwbwbbbbbbsbssssssrbrrrrrrwswwwwwwbsbbbbbbswssssssrsrrrrrrwrwwwwwwbrbbbbbbsrssssssrwrrrrrrwwwwwwwwwwwwwwwwwwwwwwwwwwwwwwwwbwbbbbbbbbbbbbwbswsssssssssssswsrwrrrrrrrrrrrrwrwwwwwwwwwwwwwwww
wwwwwwwwwwwwwwwwwwwwwwwwwwwwwwwwwwwwwwwwbbbbwwwwsssswwwwrrrrwwwwwwwwbbbbbbbbwwwwssssbbbbrrrrbbbbwwwwssssbbbbsssssssswwwwrrrrsssswwwwrrrrbbbbrrrrssssrrrrrrrrwwwwwwwwwwwwwwwwwwwwwwwwwwwwwwwwwwwwbwbbbbbbbbbbbbwbswsssssssssssswsrwrrrrrrrrrrrrwrwwwwwwwwwwwwwwww
wwwwwwwwwwwwwwwwwwbbwwwwwwwwwwwwwwwwwwwwwwwbbbwwwwwssswwwwwrrrwwbbbwwwbbwwwbbbwwbbbsssbbbbbrrrbbssswwwsssssbbbsswwwssswwsssrrrssrrrwwwrrrrrbbbrrrrrsssrrwwwrrrwwwwwwwwwwwwwwwwwwwwwwwwwwwwwwwwwwbwbbbbbbbbbbbbwbswsssssssssssswsrwrrrrrrrrrrrrwrwwwwwwwwwwwwwwww
wwwwwwwwwwwwwwwwwwwbwwwwwwwwwwwwwwwwwwwwbbbwwbbwssswwsswrrrwwrrwwwwbbwwbbbbwwbbwsssbbssbrrrbbrrbwwwsswwsbbbssbbsssswwsswrrrssrrswwwrrwwrbbbrrbbrsssrrssrrrrwwrrwwwwwwwwwwwwwwwwwwwwwwwwwwwwwwwwwbwbbbbbbbbbbbbwbswsssssssssssswsrwrrrrrrrrrrrrwrwwwwwwwwwwwwwwww
wwwwwwwwwwwwwwwwwwwbwwwwwwwwwwwwwwwwwwwwbbbbbwbwssssswswrrrrrwrwwwwwwbwbbbbbbwbwsssssbsbrrrrrbrbwwwwwswsbbbbbsbsssssswswrrrrrsrswwwwwrwrbbbbbrbrsssssrsrrrrrrwrwwwwwwwwwwwwwwwwwwwwwwwwwwwwwwwwwbbwbbbbbbbbbbwbbsswsssssssssswssrrwrrrrrrrrrrwrrwwwwwwwwwwwwwwww
wwwwwwwwwwwwwwwwwwwbwwwwwwwwwwwwwwwwwwwwbbbbbwbbssssswssrrrrrwrrwwwwwbwwbbbbbwbbsssssbssrrrrrbrrwwwwwswwbbbbbsbbssssswssrrrrrsrrwwwwwrwwbbbbbrbbsssssrssrrrrrwrrwwwwwwwwwwwwwwwwwwwwwwwwwwwwwwwwwbwbbbbbbbbbbwbwwswsssssssssswswwrwrrrrrrrrrrwrwwwwwwwwwwwwwwwww
wwwwwwwwwwwwwwwwwwwbwwwwwwwwwwwwwwwwwwwwbbbbbbwbsssssswsrrrrrrwrwwwwwwbwbbbbbbwbssssssbsrrrrrrbrwwwwwwswbbbbbbsbsssssswsrrrrrrsrwwwwwwrwbbbbbbrbssssssrsrrrrrrwrwwwwwwwwwwwwwwwwwwwwwwwwwwwwwwwwwbbwwbbbbbbwwbbwwsswwsssssswwsswwrrwwrrrrrrwwrrwwwwwwwwwwwwwwwww
wwwwwwwwwwwwwwwwwwwbwwwwwwwwwwwwwwwwwwwwbbbbbbwbsssssswsrrrrrrwrwwwwwwbwbbbbbbwbssssssbsrrrrrrbrwwwwwwswbbbbbbsbsssssswsrrrrrrsrwwwwwwrwbbbbbbrbssssssrsrrrrrrwrwwwwwwwwwwwwwwwwwwwwwwwwwwwwwwwwwwbbbwwwwwwbbbwwwwssswwwwwwssswwwwrrrwwwwwwrrrwwwwwwwwwwwwwwwwww
wwwwwwwwwwwwwwwwwwwbwwwwwwwwwwwwwwwwwwwwbbbbbbwbsssssswsrrrrrrwrwwwwwwbwbbbbbbwbssssssbsrrrrrrbrwwwwwwswbbbbbbsbsssssswsrrrrrrsrwwwwwwrwbbbbbbrbssssssrsrrrrrrwrwwwwwwwwwwwwwwwwwwwwwwwwwwwwwwwwwwwwbbbbbbbbwwwwwwwwsssssssswwwwwwwwrrrrrrrrwwwwwwwwwwwwwwwwwwww
wwwwwwwwwwwwwwwwwwwwwwwwwwwwwwwwwwwwwwwwbwbbbbbbswssssssrwrrrrrrwbwwwwwwbwbbbbbbsbssssssrbrrrrrrwswwwwwwbsbbbbbbswssssssrsrrrrrrwrwwwwwwbrbbbbbbsrssssssrwrrrrrrwwwwwwwwwwwwwwwwbbbbwwwwwwwwbbbbwwwwbbbbbbbbwwwwbbbbssssssssbbbbbbbbrrrrrrrrbbbbwwwwwwwwwwwwwwww
wwwwwwwwwwwwwwwwwbbbbbwwwwwwwwwwwwwwwwwwbwbbbbbbswssssssrwrrrrrrwbwwwwwwbwbbbbbbsbssssssrbrrrrrrwswwwwwwbsbbbbbbswssssssrsrrrrrrwrwwwwwwbrbbbbbbsrssssssrwrrrrrrwwwwwwwwwwwwwwwwbbwwwbbbbbbwwwbbwwbbbwwwwwwbbbwwbbsssbbbbbbsssbbbbrrrbbbbbbrrrbbwwwwwwwwwwwwwwww
wwwwwwwwwwwwwwwwbwwwwwbwwwwwwwwwwwwwwwwwbwbbbbbbswssssssrwrrrrrrwbwwwwwwbwbbbbbbsbssssssrbrrrrrrwswwwwwwbsbbbbbbswssssssrsrrrrrrwrwwwwwwbrbbbbbbsrssssssrwrrrrrrwwwwwwwwwwwwwwwwbwwbbwwwwwwbbwwbwbbwwbbbbbbwwbbwbssbbssssssbbssbbrrbbrrrrrrbbrrbwwwwwwwwwwwwwwww
wwwwwwwwwwwwwwwwwwwwwwbwwwwwwwwwwwwwwwwwbbwbbbbbsswsssssrrwrrrrrwwbwwwwwbbwbbbbbssbsssssrrbrrrrrwwswwwwwbbsbbbbbsswsssssrrsrrrrrwwrwwwwwbbrbbbbbssrsssssrrwrrrrrwwwwwwwwwwwwwwwwbwbwwwwwwwwwwbwbwbwbbbbbbbbbbwbwbsbssssssssssbsbbrbrrrrrrrrrrbrbwwwwwwwwwwwwwwww
wwwwwwwwwwwwwwwwwbbbbbwwwwwwwwwwwwwwwwwwwbwbbbbbwswssssswrwrrrrrbwbwwwwwwbwbbbbbbsbsssssbrbrrrrrswswwwwwsbsbbbbbwswssssssrsrrrrrrwrwwwwwrbrbbbbbrsrssssswrwrrrrrwwwwwwwwwwwwwwwwwwbwwwwwwwwwwbwwbbwbbbbbbbbbbwbbssbssssssssssbssrrbrrrrrrrrrrbrrwwwwwwwwwwwwwwww
wwwwwwwwwwwwwwwwbwwwwwwwwwwwwwwwwwwwwwwwwbbwwbbbwsswwssswrrwwrrrbwwbbwwwwbbwwbbbbssbbsssbrrbbrrrswwsswwwsbbssbbbwsswwssssrrssrrrrwwrrwwwrbbrrbbbrssrrssswrrwwrrrwwwwwwwwwwwwwwwwwbwwwwwwwwwwwwbwbwbbbbbbbbbbbbwbsbssssssssssssbsrbrrrrrrrrrrrrbrwwwwwwwwwwwwwwww
wwwwwwwwwwwwwwwwbwwwwwwwwwwwwwwwwwwwwwwwwwbbbwwwwwssswwwwwrrrwwwbbwwwbbbwwbbbwwwbbsssbbbbbrrrbbbsswwwsssssbbbssswwssswwwssrrrsssrrwwwrrrrrbbbrrrrrsssrrrwwrrrwwwwwwwwwwwwwwwwwwwwbwwwwwwwwwwwwbwbwbbbbbbbbbbbbwbsbssssssssssssbsrbrrrrrrrrrrrrbrwwwwwwwwwwwwwwww
wwwwwwwwwwwwwwwwbbbbbbbwwwwwwwwwwwwwwwwwwwwwbbbbwwwwsssswwwwrrrrbbbbwwwwwwwwbbbbbbbbssssbbbbrrrrsssswwwwssssbbbbwwwwssssssssrrrrrrrrwwwwrrrrbbbbrrrrsssswwwwrrrrwwwwwwwwwwwwwwwwwbwwwwwwwwwwwwbwbwbbbbbbbbbbbbwbsbssssssssssssbsrbrrrrrrrrrrrrbrwwwwwwwwwwwwwwww
wwwwwwwwwwwwwwwwwwwwwwwwwwwwwwwwwwwwwwwwbbbbbbwbsssssswsrrrrrrwrwwwwwwbwbbbbbbwbssssssbsrrrrrrbrwwwwwwswbbbbbbsbsssssswsrrrrrrsrwwwwwwrwbbbbbbrbssssssrsrrrrrrwrwwwwwwwwwwwwwwwwwbwwwwwwwwwwwwbwbwbbbbbbbbbbbbwbsbssssssssssssbsrbrrrrrrrrrrrrbrwwwwwwwwwwwwwwww
wwwwwwwwwwwwwwwwwbbbbbwwwwwwwwwwwwwwwwwwbbbbbbwbsssssswsrrrrrrwrwwwwwwbwbbbbbbwbssssssbsrrrrrrbrwwwwwwswbbbbbbsbsssssswsrrrrrrsrwwwwwwrwbbbbbbrbssssssrsrrrrrrwrwwwwwwwwwwwwwwwwwbwwwwwwwwwwwwbwbwbbbbbbbbbbbbwbsbssssssssssssbsrbrrrrrrrrrrrrbrwwwwwwwwwwwwwwww
wwwwwwwwwwwwwwwwbwwwwwbwwwwwwwwwwwwwwwwwbbbbbbwbsssssswsrrrrrrwrwwwwwwbwbbbbbbwbssssssbsrrrrrrbrwwwwwwswbbbbbbsbsssssswsrrrrrrsrwwwwwwrwbbbbbbrbssssssrsrrrrrrwrwwwwwwwwwwwwwwwwwbwwwwwwwwwwwwbwbwbbbbbbbbbbbbwbsbssssssssssssbsrbrrrrrrrrrrrrbrwwwwwwwwwwwwwwww
wwwwwwwwwwwwwwwwwwwwwwbwwwwwwwwwwwwwwwwwbbbbbwbbssssswssrrrrrwrrwwwwwbwwbbbbbwbbsssssbssrrrrrbrrwwwwwswwbbbbbsbbssssswssrrrrrsrrwwwwwrwwbbbbbrbbsssssrssrrrrrwrrwwwwwwwwwwwwwwwwwwbwwwwwwwwwwbwwbbwbbbbbbbbbbwbbssbssssssssssbssrrbrrrrrrrrrrbrrwwwwwwwwwwwwwwww
wwwwwwwwwwwwwwwwwwwbbbwwwwwwwwwwwwwwwwwwbbbbbwbwssssswswrrrrrwrwwwwwwbwbbbbbbwbwsssssbsbrrrrrbrbwwwwwswsbbbbbsbsssssswswrrrrrsrswwwwwrwrbbbbbrbrsssssrsrrrrrrwrwwwwwwwwwwwwwwwwwbwbwwwwwwwwwwbwbwbwbbbbbbbbbbwbwbsbssssssssssbsbbrbrrrrrrrrrrbrbwwwwwwwwwwwwwwww
wwwwwwwwwwwwwwwwwwwwwwbwwwwwwwwwwwwwwwwwbbbwwbbwssswwsswrrrwwrrwwwwbbwwbbbbwwbbwsssbbssbrrrbbrrbwwwsswwsbbbssbbsssswwsswrrrssrrswwwrrwwrbbbrrbbrsssrrssrrrrwwrrwwwwwwwwwwwwwwwwwbwwbbwwwwwwbbwwbwbbwwbbbbbbwwbbwbssbbssssssbbssbbrrbbrrrrrrbbrrbwwwwwwwwwwwwwwww
wwwwwwwwwwwwwwwwbwwwwwbwwwwwwwwwwwwwwwwwwwwbbbwwwwwssswwwwwrrrwwbbbwwwbbwwwbbbwwbbbsssbbbbbrrrbbssswwwsssssbbbsswwwssswwsssrrrssrrrwwwrrrrrbbbrrrrrsssrrwwwrrrwwwwwwwwwwwwwwwwwwbbwwwbbbbbbwwwbbwwbbbwwwwwwbbbwwbbsssbbbbbbsssbbbbrrrbbbbbbrrrbbwwwwwwwwwwwwwwww
wwwwwwwwwwwwwwwwwbbbbbwwwwwwwwwwwwwwwwwwbbbbwwwwsssswwwwrrrrwwwwwwwwbbbbbbbbwwwwssssbbbbrrrrbbbbwwwwssssbbbbsssssssswwwwrrrrsssswwwwrrrrbbbbrrrrssssrrrrrrrrwwwwwwwwwwwwwwwwwwwwbbbbwwwwwwwwbbbbwwwwbbbbbbbbwwwwbbbbssssssssbbbbbbbbrrrrrrrrbbbbwwwwwwwwwwwwwwww
wwwwwwwwwwwwwwwwwwwwwwwwwwwwwwwwwwwwwwwwwwwwbbbbwwwwsssswwwwrrrrbbbbwwwwwwwwbbbbbbbbssssbbbbrrrrsssswwwwssssbbbbwwwwssssssssrrrrrrrrwwwwrrrrbbbbrrrrsssswwwwrrrrwwwwwwwwwwwwwwwwsssswwwwwwwwssssssssbbbbbbbbsssswwwwsssssssswwwwssssrrrrrrrrsssswwwwwwwwwwwwwwww
wwwwwwwwwwwwwwwwwwwwbbwwwwwwwwwwwwwwwwwwwwbbbwwwwwssswwwwwrrrwwwbbwwwbbbwwbbbwwwbbsssbbbbbrrrbbbsswwwsssssbbbssswwssswwwssrrrsssrrwwwrrrrrbbbrrrrrsssrrrwwrrrwwwwwwwwwwwwwwwwwwwsswwwsssssswwwssssbbbssssssbbbsswwssswwwwwwssswwssrrrssssssrrrsswwwwwwwwwwwwwwww
wwwwwwwwwwwwwwwwwwwbwbwwwwwwwwwwwwwwwwwwwbbwwbbbwsswwssswrrwwrrrbwwbbwwwwbbwwbbbbssbbsssbrrbbrrrswwsswwwsbbssbbbwsswwssssrrssrrrrwwrrwwwrbbrrbbbrssrrssswrrwwrrrwwwwwwwwwwwwwwwwswwsswwwwwwsswwssbbssbbbbbbssbbswsswwsssssswwsswsrrssrrrrrrssrrswwwwwwwwwwwwwwww
wwwwwwwwwwwwwwwwwwbwwbwwwwwwwwwwwwwwwwwwwbwbbbbbwswssssswrwrrrrrbwbwwwwwwbwbbbbbbsbsssssbrbrrrrrswswwwwwsbsbbbbbwswssssssrsrrrrrrwrwwwwwrbrbbbbbrsrssssswrwrrrrrwwwwwwwwwwwwwwwwswswwwwwwwwwwswssbsbbbbbbbbbbsbswswsssssssssswswsrsrrrrrrrrrrsrswwwwwwwwwwwwwwww
wwwwwwwwwwwwwwwwwbwwwbwwwwwwwwwwwwwwwwwwbbwbbbbbsswsssssrrwrrrrrwwbwwwwwbbwbbbbbssbsssssrrbrrrrrwwswwwwwbbsbbbbbsswsssssrrsrrrrrwwrwwwwwbbrbbbbbssrsssssrrwrrrrrwwwwwwwwwwwwwwwwwwswwwwwwwwwwswwbbsbbbbbbbbbbsbbsswsssssssssswssrrsrrrrrrrrrrsrrwwwwwwwwwwwwwwww
wwwwwwwwwwwwwwwwbwwwwbwwwwwwwwwwwwwwwwwwbwbbbbbbswssssssrwrrrrrrwbwwwwwwbwbbbbbbsbssssssrbrrrrrrwswwwwwwbsbbbbbbswssssssrsrrrrrrwrwwwwwwbrbbbbbbsrssssssrwrrrrrrwwwwwwwwwwwwwwwwwswwwwwwwwwwwwswbsbbbbbbbbbbbbsbswsssssssssssswsrsrrrrrrrrrrrrsrwwwwwwwwwwwwwwww
wwwwwwwwwwwwwwwwbbbbbbbwwwwwwwwwwwwwwwwwbwbbbbbbswssssssrwrrrrrrwbwwwwwwbwbbbbbbsbssssssrbrrrrrrwswwwwwwbsbbbbbbswssssssrsrrrrrrwrwwwwwwbrbbbbbbsrssssssrwrrrrrrwwwwwwwwwwwwwwwwwswwwwwwwwwwwwswbsbbbbbbbbbbbbsbswsssssssssssswsrsrrrrrrrrrrrrsrwwwwwwwwwwwwwwww
wwwwwwwwwwwwwwwwwwwwwbwwwwwwwwwwwwwwwwwwbwbbbbbbswssssssrwrrrrrrwbwwwwwwbwbbbbbbsbssssssrbrrrrrrwswwwwwwbsbbbbbbswssssssrsrrrrrrwrwwwwwwbrbbbbbbsrssssssrwrrrrrrwwwwwwwwwwwwwwwwwswwwwwwwwwwwwswbsbbbbbbbbbbbbsbswsssssssssssswsrsrrrrrrrrrrrrsrwwwwwwwwwwwwwwww
wwwwwwwwwwwwwwwwwwwwwwwwwwwwwwwwwwwwwwwwbbbbwwwwsssswwwwrrrrwwwwwwwwbbbbbbbbwwwwssssbbbbrrrrbbbbwwwwssssbbbbsssssssswwwwrrrrsssswwwwrrrrbbbbrrrrssssrrrrrrrrwwwwwwwwwwwwwwwwwwwwwswwwwwwwwwwwwswbsbbbbbbbbbbbbsbswsssssssssssswsrsrrrrrrrrrrrrsrwwwwwwwwwwwwwwww
wwwwwwwwwwwwwwwwbbbbbbbwwwwwwwwwwwwwwwwwwwwbbbwwwwwssswwwwwrrrwwbbbwwwbbwwwbbbwwbbbsssbbbbbrrrbbssswwwsssssbbbsswwwssswwsssrrrssrrrwwwrrrrrbbbrrrrrsssrrwwwrrrwwwwwwwwwwwwwwwwwwwswwwwwwwwwwwwswbsbbbbbbbbbbbbsbswsssssssssssswsrsrrrrrrrrrrrrsrwwwwwwwwwwwwwwww
wwwwwwwwwwwwwwwwbwwwwwwwwwwwwwwwwwwwwwwwbbbwwbbwssswwsswrrrwwrrwwwwbbwwbbbbwwbbwsssbbssbrrrbbrrbwwwsswwsbbbssbbsssswwsswrrrssrrswwwrrwwrbbbrrbbrsssrrssrrrrwwrrwwwwwwwwwwwwwwwwwwswwwwwwwwwwwwswbsbbbbbbbbbbbbsbswsssssssssssswsrsrrrrrrrrrrrrsrwwwwwwwwwwwwwwww
wwwwwwwwwwwwwwwwbwwwwwwwwwwwwwwwwwwwwwwwbbbbbwbwssssswswrrrrrwrwwwwwwbwbbbbbbwbwsssssbsbrrrrrbrbwwwwwswsbbbbbsbsssssswswrrrrrsrswwwwwrwrbbbbbrbrsssssrsrrrrrrwrwwwwwwwwwwwwwwwwwwwswwwwwwwwwwswwbbsbbbbbbbbbbsbbsswsssssssssswssrrsrrrrrrrrrrsrrwwwwwwwwwwwwwwww
wwwwwwwwwwwwwwwwwbbbbbwwwwwwwwwwwwwwwwwwbbbbbwbbssssswssrrrrrwrrwwwwwbwwbbbbbwbbsssssbssrrrrrbrrwwwwwswwbbbbbsbbssssswssrrrrrsrrwwwwwrwwbbbbbrbbsssssrssrrrrrwrrwwwwwwwwwwwwwwwwswswwwwwwwwwwswssbsbbbbbbbbbbsbswswsssssssssswswsrsrrrrrrrrrrsrswwwwwwwwwwwwwwww
wwwwwwwwwwwwwwwwwwwwwwbwwwwwwwwwwwwwwwwwbbbbbbwbsssssswsrrrrrrwrwwwwwwbwbbbbbbwbssssssbsrrrrrrbrwwwwwwswbbbbbbsbsssssswsrrrrrrsrwwwwwwrwbbbbbbrbssssssrsrrrrrrwrwwwwwwwwwwwwwwwwswwsswwwwwwsswwssbbssbbbbbbssbbswsswwsssssswwsswsrrssrrrrrrssrrswwwwwwwwwwwwwwww
wwwwwwwwwwwwwwwwbwwwwwbwwwwwwwwwwwwwwwwwbbbbbbwbsssssswsrrrrrrwrwwwwwwbwbbbbbbwbssssssbsrrrrrrbrwwwwwwswbbbbbbsbsssssswsrrrrrrsrwwwwwwrwbbbbbbrbssssssrsrrrrrrwrwwwwwwwwwwwwwwwwsswwwsssssswwwssssbbbssssssbbbsswwssswwwwwwssswwssrrrssssssrrrsswwwwwwwwwwwwwwww
wwwwwwwwwwwwwwwwwbbbbbwwwwwwwwwwwwwwwwwwbbbbbbwbsssssswsrrrrrrwrwwwwwwbwbbbbbbwbssssssbsrrrrrrbrwwwwwwswbbbbbbsbsssssswsrrrrrrsrwwwwwwrwbbbbbbrbssssssrsrrrrrrwrwwwwwwwwwwwwwwwwsssswwwwwwwwssssssssbbbbbbbbsssswwwwsssssssswwwwssssrrrrrrrrsssswwwwwwwwwwwwwwww
wwwwwwwwwwwwwwwwwwwwwwwwwwwwwwwwwwwwwwwwbwbbbbbbswssssssrwrrrrrrwbwwwwwwbwbbbbbbsbssssssrbrrrrrrwswwwwwwbsbbbbbbswssssssrsrrrrrrwrwwwwwwbrbbbbbbsrssssssrwrrrrrrwwwwwwwwwwwwwwwwrrrrwwwwwwwwrrrrrrrrbbbbbbbbrrrrrrrrssssssssrrrrwwwwrrrrrrrrwwwwwwwwwwwwwwwwwwww
wwwwwwwwwwwwwwwwwbbbbbwwwwwwwwwwwwwwwwwwbwbbbbbbswssssssrwrrrrrrwbwwwwwwbwbbbbbbsbssssssrbrrrrrrwswwwwwwbsbbbbbbswssssssrsrrrrrrwrwwwwwwbrbbbbbbsrssssssrwrrrrrrwwwwwwwwwwwwwwwwrrwwwrrrrrrwwwrrrrbbbrrrrrrbbbrrrrsssrrrrrrsssrrwwrrrwwwwwwrrrwwwwwwwwwwwwwwwwww
wwwwwwwwwwwwwwwwbwwwwwbwwwwwwwwwwwwwwwwwbwbbbbbbswssssssrwrrrrrrwbwwwwwwbwbbbbbbsbssssssrbrrrrrrwswwwwwwbsbbbbbbswssssssrsrrrrrrwrwwwwwwbrbbbbbbsrssssssrwrrrrrrwwwwwwwwwwwwwwwwrwwrrwwwwwwrrwwrrbbrrbbbbbbrrbbrrssrrssssssrrssrwrrwwrrrrrrwwrrwwwwwwwwwwwwwwwww
wwwwwwwwwwwwwwwwbwwwwwwwwwwwwwwwwwwwwwwwbbwbbbbbsswsssssrrwrrrrrwwbwwwwwbbwbbbbbssbsssssrrbrrrrrwwswwwwwbbsbbbbbsswsssssrrsrrrrrwwrwwwwwbbrbbbbbssrsssssrrwrrrrrwwwwwwwwwwwwwwwwrwrwwwwwwwwwwrwrrbrbbbbbbbbbbrbrrsrssssssssssrsrwrwrrrrrrrrrrwrwwwwwwwwwwwwwwwww
wwwwwwwwwwwwwwwwbbbbbbwwwwwwwwwwwwwwwwwwwbwbbbbbwswssssswrwrrrrrbwbwwwwwwbwbbbbbbsbsssssbrbrrrrrswswwwwwsbsbbbbbwswssssssrsrrrrrrwrwwwwwrbrbbbbbrsrssssswrwrrrrrwwwwwwwwwwwwwwwwwwrwwwwwwwwwwrwwbbrbbbbbbbbbbrbbssrssssssssssrssrrwrrrrrrrrrrwrrwwwwwwwwwwwwwwww
wwwwwwwwwwwwwwwwbwwwwwbwwwwwwwwwwwwwwwwwwbbwwbbbwsswwssswrrwwrrrbwwbbwwwwbbwwbbbbssbbsssbrrbbrrrswwsswwwsbbssbbbwsswwssssrrssrrrrwwrrwwwrbbrrbbbrssrrssswrrwwrrrwwwwwwwwwwwwwwwwwrwwwwwwwwwwwwrwbrbbbbbbbbbbbbrbsrssssssssssssrsrwrrrrrrrrrrrrwrwwwwwwwwwwwwwwww
wwwwwwwwwwwwwwwwbwwwwwbwwwwwwwwwwwwwwwwwwwbbbwwwwwssswwwwwrrrwwwbbwwwbbbwwbbbwwwbbsssbbbbbrrrbbbsswwwsssssbbbssswwssswwwssrrrsssrrwwwrrrrrbbbrrrrrsssrrrwwrrrwwwwwwwwwwwwwwwwwwwwrwwwwwwwwwwwwrwbrbbbbbbbbbbbbrbsrssssssssssssrsrwrrrrrrrrrrrrwrwwwwwwwwwwwwwwww
wwwwwwwwwwwwwwwwwbbbbbwwwwwwwwwwwwwwwwwwwwwwbbbbwwwwsssswwwwrrrrbbbbwwwwwwwwbbbbbbbbssssbbbbrrrrsssswwwwssssbbbbwwwwssssssssrrrrrrrrwwwwrrrrbbbbrrrrsssswwwwrrrrwwwwwwwwwwwwwwwwwrwwwwwwwwwwwwrwbrbbbbbbbbbbbbrbsrssssssssssssrsrwrrrrrrrrrrrrwrwwwwwwwwwwwwwwww
wwwwwwwwwwwwwwwwwwwwwwwwwwwwwwwwwwwwwwwwbbbbbbwbsssssswsrrrrrrwrwwwwwwbwbbbbbbwbssssssbsrrrrrrbrwwwwwwswbbbbbbsbsssssswsrrrrrrsrwwwwwwrwbbbbbbrbssssssrsrrrrrrwrwwwwwwwwwwwwwwwwwrwwwwwwwwwwwwrwbrbbbbbbbbbbbbrbsrssssssssssssrsrwrrrrrrrrrrrrwrwwwwwwwwwwwwwwww
wwwwwwwwwwwwwwwwwbbbbbwwwwwwwwwwwwwwwwwwbbbbbbwbsssssswsrrrrrrwrwwwwwwbwbbbbbbwbssssssbsrrrrrrbrwwwwwwswbbbbbbsbsssssswsrrrrrrsrwwwwwwrwbbbbbbrbssssssrsrrrrrrwrwwwwwwwwwwwwwwwwwrwwwwwwwwwwwwrwbrbbbbbbbbbbbbrbsrssssssssssssrsrwrrrrrrrrrrrrwrwwwwwwwwwwwwwwww
wwwwwwwwwwwwwwwwbwwwwwbwwwwwwwwwwwwwwwwwbbbbbbwbsssssswsrrrrrrwrwwwwwwbwbbbbbbwbssssssbsrrrrrrbrwwwwwwswbbbbbbsbsssssswsrrrrrrsrwwwwwwrwbbbbbbrbssssssrsrrrrrrwrwwwwwwwwwwwwwwwwwrwwwwwwwwwwwwrwbrbbbbbbbbbbbbrbsrssssssssssssrsrwrrrrrrrrrrrrwrwwwwwwwwwwwwwwww
wwwwwwwwwwwwwwwwwwwwwwbwwwwwwwwwwwwwwwwwbbbbbwbbssssswssrrrrrwrrwwwwwbwwbbbbbwbbsssssbssrrrrrbrrwwwwwswwbbbbbsbbssssswssrrrrrsrrwwwwwrwwbbbbbrbbsssssrssrrrrrwrrwwwwwwwwwwwwwwwwwwrwwwwwwwwwwrwwbbrbbbbbbbbbbrbbssrssssssssssrssrrwrrrrrrrrrrwrrwwwwwwwwwwwwwwww
wwwwwwwwwwwwwwwwwwwbbbbwwwwwwwwwwwwwwwwwbbbbbwbwssssswswrrrrrwrwwwwwwbwbbbbbbwbwsssssbsbrrrrrbrbwwwwwswsbbbbbsbsssssswswrrrrrsrswwwwwrwrbbbbbrbrsssssrsrrrrrrwrwwwwwwwwwwwwwwwwwrwrwwwwwwwwwwrwrrbrbbbbbbbbbbrbrrsrssssssssssrsrwrwrrrrrrrrrrwrwwwwwwwwwwwwwwwww
wwwwwwwwwwwwwwwwwwwwwwbwwwwwwwwwwwwwwwwwbbbwwbbwssswwsswrrrwwrrwwwwbbwwbbbbwwbbwsssbbssbrrrbbrrbwwwsswwsbbbssbbsssswwsswrrrssrrswwwrrwwrbbbrrbbrsssrrssrrrrwwrrwwwwwwwwwwwwwwwwwrwwrrwwwwwwrrwwrrbbrrbbbbbbrrbbrrssrrssssssrrssrwrrwwrrrrrrwwrrwwwwwwwwwwwwwwwww
wwwwwwwwwwwwwwwwwwwwwwbwwwwwwwwwwwwwwwwwwwwbbbwwwwwssswwwwwrrrwwbbbwwwbbwwwbbbwwbbbsssbbbbbrrrbbssswwwsssssbbbsswwwssswwsssrrrssrrrwwwrrrrrbbbrrrrrsssrrwwwrrrwwwwwwwwwwwwwwwwwwrrwwwrrrrrrwwwrrrrbbbrrrrrrbbbrrrrsssrrrrrrsssrrwwrrrwwwwwwrrrwwwwwwwwwwwwwwwwww
wwwwwwwwwwwwwwwwwwwwwwbwwwwwwwwwwwwwwwwwbbbbwwwwsssswwwwrrrrwwwwwwwwbbbbbbbbwwwwssssbbbbrrrrbbbbwwwwssssbbbbsssssssswwwwrrrrsssswwwwrrrrbbbbrrrrssssrrrrrrrrwwwwwwwwwwwwwwwwwwwwrrrrwwwwwwwwrrrrrrrrbbbbbbbbrrrrrrrrssssssssrrrrwwwwrrrrrrrrwwwwwwwwwwwwwwwwwwww
wwwwwwwwwwwwwwwwwwwwwwwwwwwwwwwwwwwwwwwwwwwwbbbbwwwwsssswwwwrrrrbbbbwwwwwwwwbbbbbbbbssssbbbbrrrrsssswwwwssssbbbbwwwwssssssssrrrrrrrrwwwwrrrrbbbbrrrrsssswwwwrrrrwwwwwwwwwwwwwwwwwwwwwwwwwwwwwwwwwwwwbbbbbbbbwwwwwwwwsssssssswwwwwwwwrrrrrrrrwwwwwwwwwwwwwwwwwwww
wwwwwwwwwwwwwwwwwbbbbbwwwwwwwwwwwwwwwbbbwwbbbssswwsssrrrwwrrrbbbbbwwwbbbwwbbbsssbbsssrrrbbrrrbbbsswwwbbbssbbbssswwsssrrrssrrrbbbrrwwwbbbrrbbbsssrrsssrrrwwrrrbbbwwwwwwwwwwwwwwwwwwwwwbbbbbbwwwwwwwbbbssssssbbbwwwwsssrrrrrrssswwwwrrrbbbbbbrrrwwwwwwwwwwwwwwwwww
wwwwwwwwwwwwwwwwbwwwwwbwwwwwwwwwwwwbbwwwwbbssbbbwssrrssswrrbbrrrbwwbbwwwwbbssbbbbssrrsssbrrbbrrrswwbbwwwsbbssbbbwssrrssssrrbbrrrrwwbbwwwrbbssbbbrssrrssswrrbbrrrwwwwwwwwwwwwwwwwwwwbbwwwwwwbbwwwwbbssbbbbbbssbbwwssrrssssssrrsswwrrbbrrrrrrbbrrwwwwwwwwwwwwwwwww
wwwwwwwwwwwwwwwwbwwwwwbwwwwwwwwwwwbwwwwwwbsbbbbbwsrssssswrbrrrrrbwbwwwwwwbsbbbbbbsrsssssbrbrrrrrswbwwwwwsbsbbbbbwsrssssssrbrrrrrrwbwwwwwrbsbbbbbrsrssssswrbrrrrrwwwwwwwwwwwwwwwwwwbwwwwwwwwwwbwwwbsbbbbbbbbbbsbwwsrssssssssssrswwrbrrrrrrrrrrbrwwwwwwwwwwwwwwwww
wwwwwwwwwwwwwwwwwbbbbbwwwwwwwwwwwwbwwwssbbsbbbrrssrsssbbrrbrrrsswwbwwwssbbsbbbrrssrsssbbrrbrrrsswwbwwwssbbsbbbrrssrsssbbrrbrrrsswwbwwwssbbsbbbrrssrsssbbrrbrrrsswwwwwwwwwwwwwwwwwwbwwwsssswwwbwwbbsbbbrrrrbbbsbbssrsssbbbbsssrssrrbrrrssssrrrbrrwwwwwwwwwwwwwwww
wwwwwwwwwwwwwwwwbwwwwwbwwwwwwwwwwbwwwswwbsbbbrbbsrsssbssrbrrrsrrwbwwwswwbsbbbrbbsrsssbssrbrrrsrrwbwwwswwbsbbbrbbsrsssbssrbrrrsrrwbwwwswwbsbbbrbbsrsssbssrbrrrsrrwwwwwwwwwwwwwwwwwbwwwswwwwswwwbwbsbbbrbbbbrbbbsbsrsssbssssbsssrsrbrrrsrrrrsrrrbrwwwwwwwwwwwwwwww
wwwwwwwwwwwwwwwwbwwwwwbwwwwwwwwwwbwwswwwbsbbrbbbsrssbsssrbrrsrrrwbwwswwwbsbbrbbbsrssbsssrbrrsrrrwbwwswwwbsbbrbbbsrssbsssrbrrsrrrwbwwswwwbsbbrbbbsrssbsssrbrrsrrrwwwwwwwwwwwwwwwwwbwwswwwwwwswwbwbsbbrbbbbbbrbbsbsrssbssssssbssrsrbrrsrrrrrrsrrbrwwwwwwwwwwwwwwww
wwwwwwwwwwwwwwwwwbbbbbwwwwwwwwwwwbwwswwwbsbbrbbbsrssbsssrbrrsrrrwbwwswwwbsbbrbbbsrssbsssrbrrsrrrwbwwswwwbsbbrbbbsrssbsssrbrrsrrrwbwwswwwbsbbrbbbsrssbsssrbrrsrrrwwwwwwwwwwwwwwwwwbwwswwwwwwswwbwbsbbrbbbbbbrbbsbsrssbssssssbssrsrbrrsrrrrrrsrrbrwwwwwwwwwwwwwwww
wwwwwwwwwwwwwwwwwwwwwwwwwwwwwwwwwwwwwwwwbbbbwwwwsssswwwwrrrrwwwwwwwwbbbbbbbbwwwwssssbbbbrrrrbbbbwwwwssssbbbbsssssssswwwwrrrrsssswwwwrrrrbbbbrrrrssssrrrrrrrrwwwwwwwwwwwwwwwwwwwwwbwwswwwwwwswwbwbsbbrbbbbbbrbbsbsrssbssssssbssrsrbrrsrrrrrrsrrbrwwwwwwwwwwwwwwww
wwwwwwwwwwwwwwwwwbbbbbwwwwwwwwwwbbbwwwwwsssbbbwwrrrssswwbbbrrrwwbbbwwwbbsssbbbwwrrrsssbbbbbrrrbbbbbwwwsssssbbbssrrrssswwbbbrrrssbbbwwwrrsssbbbrrrrrsssrrbbbrrrwwwwwwwwwwwwwwwwwwwbwwswwwwwwswwbwbsbbrbbbbbbrbbsbsrssbssssssbssrsrbrrsrrrrrrsrrbrwwwwwwwwwwwwwwww
wwwwwwwwwwwwwwwwbwwwwwbwwwwwwwwwwwwbbwwwbbbssbbwsssrrsswrrrbbrrwwwwbbwwbbbbssbbwsssrrssbrrrbbrrbwwwbbwwsbbbssbbssssrrsswrrrbbrrswwwbbwwrbbbssbbrsssrrssrrrrbbrrwwwwwwwwwwwwwwwwwwbwwwswwwwswwwbwbsbbbrbbbbrbbbsbsrsssbssssbsssrsrbrrrsrrrrsrrrbrwwwwwwwwwwwwwwww
wwwwwwwwwwwwwwwwbwwwwwbwwwwwwwwwwwwwwbwwbbbbbsbwsssssrswrrrrrbrwwwwwwbwbbbbbbsbwsssssrsbrrrrrbrbwwwwwbwsbbbbbsbssssssrswrrrrrbrswwwwwbwrbbbbbsbrsssssrsrrrrrrbrwwwwwwwwwwwwwwwwwwwbwwwsssswwwbwwbbsbbbrrrrbbbsbbssrsssbbbbsssrssrrbrrrssssrrrbrrwwwwwwwwwwwwwwww
wwwwwwwwwwwwwwwwwbbbbbbwwwwwwwwwsswwwbwwrrbbbsbbbbsssrssssrrrbrrsswwwbwwrrbbbsbbbbsssrssssrrrbrrsswwwbwwrrbbbsbbbbsssrssssrrrbrrsswwwbwwrrbbbsbbbbsssrssssrrrbrrwwwwwwwwwwwwwwwwwwbwwwwwwwwwwbwwwbsbbbbbbbbbbsbwwsrssssssssssrswwrbrrrrrrrrrrbrwwwwwwwwwwwwwwwww
wwwwwwwwwwwwwwwwwwwwwwbwwwwwwwwwwwswwwbwbbrbbbsbssbsssrsrrsrrrbrwwswwwbwbbrbbbsbssbsssrsrrsrrrbrwwswwwbwbbrbbbsbssbsssrsrrsrrrbrwwswwwbwbbrbbbsbssbsssrsrrsrrrbrwwwwwwwwwwwwwwwwwwwbbwwwwwwbbwwwwbbssbbbbbbssbbwwssrrssssssrrsswwrrbbrrrrrrbbrrwwwwwwwwwwwwwwwww
wwwwwwwwwwwwwwwwbwwwwwbwwwwwwwwwwwwswwbwbbbrbbsbsssbssrsrrrsrrbrwwwswwbwbbbrbbsbsssbssrsrrrsrrbrwwwswwbwbbbrbbsbsssbssrsrrrsrrbrwwwswwbwbbbrbbsbsssbssrsrrrsrrbrwwwwwwwwwwwwwwwwwwwwwbbbbbbwwwwwwwbbbssssssbbbwwwwsssrrrrrrssswwwwrrrbbbbbbrrrwwwwwwwwwwwwwwwwww
wwwwwwwwwwwwwwwwwbbbbbwwwwwwwwwwwwwswwbwbbbrbbsbsssbssrsrrrsrrbrwwwswwbwbbbrbbsbsssbssrsrrrsrrbrwwwswwbwbbbrbbsbsssbssrsrrrsrrbrwwwswwbwbbbrbbsbsssbssrsrrrsrrbrwwwwwwwwwwwwwwwwwwwwwwwwwwwwwwwwwwwwbbbbbbbbwwwwwwwwsssssssswwwwwwwwrrrrrrrrwwwwwwwwwwwwwwwwwwww
wwwwwwwwwwwwwwwwwwwwwwwwwwwwwwwwwbwwswwwbsbbrbbbsrssbsssrbrrsrrrwbwwswwwbsbbrbbbsrssbsssrbrrsrrrwbwwswwwbsbbrbbbsrssbsssrbrrsrrrwbwwswwwbsbbrbbbsrssbsssrbrrsrrrwwwwwwwwwwwwwwwwbbbbwwwwwwwwbbbbwwwwbbbbbbbbwwwwbbbbssssssssbbbbbbbbrrrrrrrrbbbbwwwwwwwwwwwwwwww
wwwwwwwwwwwwwwwwwbbbbbwwwwwwwwwwwbwwswwwbsbbrbbbsrssbsssrbrrsrrrwbwwswwwbsbbrbbbsrssbsssrbrrsrrrwbwwswwwbsbbrbbbsrssbsssrbrrsrrrwbwwswwwbsbbrbbbsrssbsssrbrrsrrrwwwwwwwwwwwwwwwwbbwwwbbbbbbwwwbbwwbbbssssssbbbwwbbsssrrrrrrsssbbbbrrrbbbbbbrrrbbwwwwwwwwwwwwwwww
wwwwwwwwwwwwwwwwbwwwwwbwwwwwwwwwwbwwwswwbsbbbrbbsrsssbssrbrrrsrrwbwwwswwbsbbbrbbsrsssbssrbrrrsrrwbwwwswwbsbbbrbbsrsssbssrbrrrsrrwbwwwswwbsbbbrbbsrsssbssrbrrrsrrwwwwwwwwwwwwwwwwbwwbbwwwwwwbbwwbwbbssbbbbbbssbbwbssrrssssssrrssbbrrbbrrrrrrbbrrbwwwwwwwwwwwwwwww
wwwwwwwwwwwwwwwwwwwwwwbwwwwwwwwwwwbwwwssbbsbbbrrssrsssbbrrbrrrsswwbwwwssbbsbbbrrssrsssbbrrbrrrsswwbwwwssbbsbbbrrssrsssbbrrbrrrsswwbwwwssbbsbbbrrssrsssbbrrbrrrsswwwwwwwwwwwwwwwwbwbwwwwwwwwwwbwbwbsbbbbbbbbbbsbwbsrssssssssssrsbbrbrrrrrrrrrrbrbwwwwwwwwwwwwwwww
wwwwwwwwwwwwwwwwwbbbbbbwwwwwwwwwwwbwwwwwwbsbbbbbwsrssssswrbrrrrrbwbwwwwwwbsbbbbbbsrsssssbrbrrrrrswbwwwwwsbsbbbbbwsrssssssrbrrrrrrwbwwwwwrbsbbbbbrsrssssswrbrrrrrwwwwwwwwwwwwwwwwwwbwwwsssswwwbwwbbsbbbrrrrbbbsbbssrsssbbbbsssrssrrbrrrssssrrrbrrwwwwwwwwwwwwwwww
wwwwwwwwwwwwwwwwbwwwwwbwwwwwwwwwwwwbbwwwwbbssbbbwssrrssswrrbbrrrbwwbbwwwwbbssbbbbssrrsssbrrbbrrrswwbbwwwsbbssbbbwssrrssssrrbbrrrrwwbbwwwrbbssbbbrssrrssswrrbbrrrwwwwwwwwwwwwwwwwwbwwwswwwwswwwbwbsbbbrbbbbrbbbsbsrsssbssssbsssrsrbrrrsrrrrsrrrbrwwwwwwwwwwwwwwww
wwwwwwwwwwwwwwwwbwwwwwbwwwwwwwwwwwwwwbbbwwbbbssswwsssrrrwwrrrbbbbbwwwbbbwwbbbsssbbsssrrrbbrrrbbbsswwwbbbssbbbssswwsssrrrssrrrbbbrrwwwbbbrrbbbsssrrsssrrrwwrrrbbbwwwwwwwwwwwwwwwwwbwwswwwwwwswwbwbsbbrbbbbbbrbbsbsrssbssssssbssrsrbrrsrrrrrrsrrbrwwwwwwwwwwwwwwww
wwwwwwwwwwwwwwwwwbbbbbbwwwwwwwwwwwwwwwwwwwwwbbbbwwwwsssswwwwrrrrbbbbwwwwwwwwbbbbbbbbssssbbbbrrrrsssswwwwssssbbbbwwwwssssssssrrrrrrrrwwwwrrrrbbbbrrrrsssswwwwrrrrwwwwwwwwwwwwwwwwwbwwswwwwwwswwbwbsbbrbbbbbbrbbsbsrssbssssssbssrsrbrrsrrrrrrsrrbrwwwwwwwwwwwwwwww
wwwwwwwwwwwwwwwwwwwwwwwwwwwwwwwwwwwswwbwbbbrbbsbsssbssrsrrrsrrbrwwwswwbwbbbrbbsbsssbssrsrrrsrrbrwwwswwbwbbbrbbsbsssbssrsrrrsrrbrwwwswwbwbbbrbbsbsssbssrsrrrsrrbrwwwwwwwwwwwwwwwwwbwwswwwwwwswwbwbsbbrbbbbbbrbbsbsrssbssssssbssrsrbrrsrrrrrrsrrbrwwwwwwwwwwwwwwww
wwwwwwwwwwwwwwwwbbbbbbwwwwwwwwwwwwwswwbwbbbrbbsbsssbssrsrrrsrrbrwwwswwbwbbbrbbsbsssbssrsrrrsrrbrwwwswwbwbbbrbbsbsssbssrsrrrsrrbrwwwswwbwbbbrbbsbsssbssrsrrrsrrbrwwwwwwwwwwwwwwwwwbwwswwwwwwswwbwbsbbrbbbbbbrbbsbsrssbssssssbssrsrbrrsrrrrrrsrrbrwwwwwwwwwwwwwwww
wwwwwwwwwwwwwwwwbwwwwwbwwwwwwwwwwwswwwbwbbrbbbsbssbsssrsrrsrrrbrwwswwwbwbbrbbbsbssbsssrsrrsrrrbrwwswwwbwbbrbbbsbssbsssrsrrsrrrbrwwswwwbwbbrbbbsbssbsssrsrrsrrrbrwwwwwwwwwwwwwwwwwbwwwswwwwswwwbwbsbbbrbbbbrbbbsbsrsssbssssbsssrsrbrrrsrrrrsrrrbrwwwwwwwwwwwwwwww
wwwwwwwwwwwwwwwwbwwwwwbwwwwwwwwwsswwwbwwrrbbbsbbbbsssrssssrrrbrrsswwwbwwrrbbbsbbbbsssrssssrrrbrrsswwwbwwrrbbbsbbbbsssrssssrrrbrrsswwwbwwrrbbbsbbbbsssrssssrrrbrrwwwwwwwwwwwwwwwwwwbwwwsssswwwbwwbbsbbbrrrrbbbsbbssrsssbbbbsssrssrrbrrrssssrrrbrrwwwwwwwwwwwwwwww
wwwwwwwwwwwwwwwwbbbbbbwwwwwwwwwwwwwwwbwwbbbbbsbwsssssrswrrrrrbrwwwwwwbwbbbbbbsbwsssssrsbrrrrrbrbwwwwwbwsbbbbbsbssssssrswrrrrrbrswwwwwbwrbbbbbsbrsssssrsrrrrrrbrwwwwwwwwwwwwwwwwwbwbwwwwwwwwwwbwbwbsbbbbbbbbbbsbwbsrssssssssssrsbbrbrrrrrrrrrrbrbwwwwwwwwwwwwwwww
wwwwwwwwwwwwwwwwbwwwwwbwwwwwwwwwwwwbbwwwbbbssbbwsssrrsswrrrbbrrwwwwbbwwbbbbssbbwsssrrssbrrrbbrrbwwwbbwwsbbbssbbssssrrsswrrrbbrrswwwbbwwrbbbssbbrsssrrssrrrrbbrrwwwwwwwwwwwwwwwwwbwwbbwwwwwwbbwwbwbbssbbbbbbssbbwbssrrssssssrrssbbrrbbrrrrrrbbrrbwwwwwwwwwwwwwwww
wwwwwwwwwwwwwwwwbwwwwwbwwwwwwwwwbbbwwwwwsssbbbwwrrrssswwbbbrrrwwbbbwwwbbsssbbbwwrrrsssbbbbbrrrbbbbbwwwsssssbbbssrrrssswwbbbrrrssbbbwwwrrsssbbbrrrrrsssrrbbbrrrwwwwwwwwwwwwwwwwwwbbwwwbbbbbbwwwbbwwbbbssssssbbbwwbbsssrrrrrrsssbbbbrrrbbbbbbrrrbbwwwwwwwwwwwwwwww
wwwwwwwwwwwwwwwwbbbbbbwwwwwwwwwwwwwwwwwwbbbbwwwwsssswwwwrrrrwwwwwwwwbbbbbbbbwwwwssssbbbbrrrrbbbbwwwwssssbbbbsssssssswwwwrrrrsssswwwwrrrrbbbbrrrrssssrrrrrrrrwwwwwwwwwwwwwwwwwwwwbbbbwwwwwwwwbbbbwwwwbbbbbbbbwwwwbbbbssssssssbbbbbbbbrrrrrrrrbbbbwwwwwwwwwwwwwwww
wwwwwwwwwwwwwwwwwwwwwwwwwwwwwwwwwwwwwwwwwwwwbbbbwwwwsssswwwwrrrrbbbbwwwwwwwwbbbbbbbbssssbbbbrrrrsssswwwwssssbbbbwwwwssssssssrrrrrrrrwwwwrrrrbbbbrrrrsssswwwwrrrrwwwwwwwwwwwwwwwwsssswwwwwwwwssssssssbbbbbbbbsssswwwwsssssssswwwwssssrrrrrrrrsssswwwwwwwwwwwwwwww
wwwwwwwwwwwwwwwwwbbbbbwwwwwwwwwwwwwwwbbbwwbbbssswwsssrrrwwrrrbbbbbwwwbbbwwbbbsssbbsssrrrbbrrrbbbsswwwbbbssbbbssswwsssrrrssrrrbbbrrwwwbbbrrbbbsssrrsssrrrwwrrrbbbwwwwwwwwwwwwwwwwsswwwbbbbbbwwwssssbbbssssssbbbsswwsssrrrrrrssswwssrrrbbbbbbrrrsswwwwwwwwwwwwwwww
wwwwwwwwwwwwwwwwbwwwwwbwwwwwwwwwwwwbbwwwwbbssbbbwssrrssswrrbbrrrbwwbbwwwwbbssbbbbssrrsssbrrbbrrrswwbbwwwsbbssbbbwssrrssssrrbbrrrrwwbbwwwrbbssbbbrssrrssswrrbbrrrwwwwwwwwwwwwwwwwswwbbwwwwwwbbwwssbbssbbbbbbssbbswssrrssssssrrsswsrrbbrrrrrrbbrrswwwwwwwwwwwwwwww
wwwwwwwwwwwwwwwwbwwwwwwwwwwwwwwwwwbwwwwwwbsbbbbbwsrssssswrbrrrrrbwbwwwwwwbsbbbbbbsrsssssbrbrrrrrswbwwwwwsbsbbbbbwsrssssssrbrrrrrrwbwwwwwrbsbbbbbrsrssssswrbrrrrrwwwwwwwwwwwwwwwwswbwwwwwwwwwwbwssbsbbbbbbbbbbsbswsrssssssssssrswsrbrrrrrrrrrrbrswwwwwwwwwwwwwwww
wwwwwwwwwwwwwwwwbwwwwwwwwwwwwwwwwwbwwwssbbsbbbrrssrsssbbrrbrrrsswwbwwwssbbsbbbrrssrsssbbrrbrrrsswwbwwwssbbsbbbrrssrsssbbrrbrrrsswwbwwwssbbsbbbrrssrsssbbrrbrrrsswwwwwwwwwwwwwwwwwwbwwwsssswwwbwwbbsbbbrrrrbbbsbbssrsssbbbbsssrssrrbrrrssssrrrbrrwwwwwwwwwwwwwwww
wwwwwwwwwwwwwwwwbwwwwwwwwwwwwwwwwbwwwswwbsbbbrbbsrsssbssrbrrrsrrwbwwwswwbsbbbrbbsrsssbssrbrrrsrrwbwwwswwbsbbbrbbsrsssbssrbrrrsrrwbwwwswwbsbbbrbbsrsssbssrbrrrsrrwwwwwwwwwwwwwwwwwbwwwswwwwswwwbwbsbbbrbbbbrbbbsbsrsssbssssbsssrsrbrrrsrrrrsrrrbrwwwwwwwwwwwwwwww
wwwwwwwwwwwwwwwwbwwwwwbwwwwwwwwwwbwwswwwbsbbrbbbsrssbsssrbrrsrrrwbwwswwwbsbbrbbbsrssbsssrbrrsrrrwbwwswwwbsbbrbbbsrssbsssrbrrsrrrwbwwswwwbsbbrbbbsrssbsssrbrrsrrrwwwwwwwwwwwwwwwwwbwwswwwwwwswwbwbsbbrbbbbbbrbbsbsrssbssssssbssrsrbrrsrrrrrrsrrbrwwwwwwwwwwwwwwww
wwwwwwwwwwwwwwwwwbbbbbwwwwwwwwwwwbwwswwwbsbbrbbbsrssbsssrbrrsrrrwbwwswwwbsbbrbbbsrssbsssrbrrsrrrwbwwswwwbsbbrbbbsrssbsssrbrrsrrrwbwwswwwbsbbrbbbsrssbsssrbrrsrrrwwwwwwwwwwwwwwwwwbwwswwwwwwswwbwbsbbrbbbbbbrbbsbsrssbssssssbssrsrbrrsrrrrrrsrrbrwwwwwwwwwwwwwwww
wwwwwwwwwwwwwwwwwwwwwwwwwwwwwwwwwwwwwwwwbbbbwwwwsssswwwwrrrrwwwwwwwwbbbbbbbbwwwwssssbbbbrrrrbbbbwwwwssssbbbbsssssssswwwwrrrrsssswwwwrrrrbbbbrrrrssssrrrrrrrrwwwwwwwwwwwwwwwwwwwwwbwwswwwwwwswwbwbsbbrbbbbbbrbbsbsrssbssssssbssrsrbrrsrrrrrrsrrbrwwwwwwwwwwwwwwww
wwwwwwwwwwwwwwwwbbbbbbwwwwwwwwwwbbbwwwwwsssbbbwwrrrssswwbbbrrrwwbbbwwwbbsssbbbwwrrrsssbbbbbrrrbbbbbwwwsssssbbbssrrrssswwbbbrrrssbbbwwwrrsssbbbrrrrrsssrrbbbrrrwwwwwwwwwwwwwwwwwwwbwwswwwwwwswwbwbsbbrbbbbbbrbbsbsrssbssssssbssrsrbrrsrrrrrrsrrbrwwwwwwwwwwwwwwww
wwwwwwwwwwwwwwwwbwwwwwbwwwwwwwwwwwwbbwwwbbbssbbwsssrrsswrrrbbrrwwwwbbwwbbbbssbbwsssrrssbrrrbbrrbwwwbbwwsbbbssbbssssrrsswrrrbbrrswwwbbwwrbbbssbbrsssrrssrrrrbbrrwwwwwwwwwwwwwwwwwwbwwwswwwwswwwbwbsbbbrbbbbrbbbsbsrsssbssssbsssrsrbrrrsrrrrsrrrbrwwwwwwwwwwwwwwww
wwwwwwwwwwwwwwwwbwwwwwbwwwwwwwwwwwwwwbwwbbbbbsbwsssssrswrrrrrbrwwwwwwbwbbbbbbsbwsssssrsbrrrrrbrbwwwwwbwsbbbbbsbssssssrswrrrrrbrswwwwwbwrbbbbbsbrsssssrsrrrrrrbrwwwwwwwwwwwwwwwwwwwbwwwsssswwwbwwbbsbbbrrrrbbbsbbssrsssbbbbsssrssrrbrrrssssrrrbrrwwwwwwwwwwwwwwww
wwwwwwwwwwwwwwwwbwwwwwbwwwwwwwwwsswwwbwwrrbbbsbbbbsssrssssrrrbrrsswwwbwwrrbbbsbbbbsssrssssrrrbrrsswwwbwwrrbbbsbbbbsssrssssrrrbrrsswwwbwwrrbbbsbbbbsssrssssrrrbrrwwwwwwwwwwwwwwwwswbwwwwwwwwwwbwssbsbbbbbbbbbbsbswsrssssssssssrswsrbrrrrrrrrrrbrswwwwwwwwwwwwwwww
wwwwwwwwwwwwwwwwbwwwwwbwwwwwwwwwwwswwwbwbbrbbbsbssbsssrsrrsrrrbrwwswwwbwbbrbbbsbssbsssrsrrsrrrbrwwswwwbwbbrbbbsbssbsssrsrrsrrrbrwwswwwbwbbrbbbsbssbsssrsrrsrrrbrwwwwwwwwwwwwwwwwswwbbwwwwwwbbwwssbbssbbbbbbssbbswssrrssssssrrsswsrrbbrrrrrrbbrrswwwwwwwwwwwwwwww
wwwwwwwwwwwwwwwwbwwwwwbwwwwwwwwwwwwswwbwbbbrbbsbsssbssrsrrrsrrbrwwwswwbwbbbrbbsbsssbssrsrrrsrrbrwwwswwbwbbbrbbsbsssbssrsrrrsrrbrwwwswwbwbbbrbbsbsssbssrsrrrsrrbrwwwwwwwwwwwwwwwwsswwwbbbbbbwwwssssbbbssssssbbbsswwsssrrrrrrssswwssrrrbbbbbbrrrsswwwwwwwwwwwwwwww
wwwwwwwwwwwwwwwwbbbbbbwwwwwwwwwwwwwswwbwbbbrbbsbsssbssrsrrrsrrbrwwwswwbwbbbrbbsbsssbssrsrrrsrrbrwwwswwbwbbbrbbsbsssbssrsrrrsrrbrwwwswwbwbbbrbbsbsssbssrsrrrsrrbrwwwwwwwwwwwwwwwwsssswwwwwwwwssssssssbbbbbbbbsssswwwwsssssssswwwwssssrrrrrrrrsssswwwwwwwwwwwwwwww
wwwwwwwwwwwwwwwwwwwwwwwwwwwwwwwwwbwwswwwbsbbrbbbsrssbsssrbrrsrrrwbwwswwwbsbbrbbbsrssbsssrbrrsrrrwbwwswwwbsbbrbbbsrssbsssrbrrsrrrwbwwswwwbsbbrbbbsrssbsssrbrrsrrrwwwwwwwwwwwwwwwwrrrrwwwwwwwwrrrrrrrrbbbbbbbbrrrrrrrrssssssssrrrrwwwwrrrrrrrrwwwwwwwwwwwwwwwwwwww
wwwwwwwwwwwwwwwwwbbbbbwwwwwwwwwwwbwwswwwbsbbrbbbsrssbsssrbrrsrrrwbwwswwwbsbbrbbbsrssbsssrbrrsrrrwbwwswwwbsbbrbbbsrssbsssrbrrsrrrwbwwswwwbsbbrbbbsrssbsssrbrrsrrrwwwwwwwwwwwwwwwwrrwwwbbbbbbwwwrrrrbbbssssssbbbrrrrsssrrrrrrsssrrwwrrrbbbbbbrrrwwwwwwwwwwwwwwwwww
wwwwwwwwwwwwwwwwbwwwwwbwwwwwwwwwwbwwwswwbsbbbrbbsrsssbssrbrrrsrrwbwwwswwbsbbbrbbsrsssbssrbrrrsrrwbwwwswwbsbbbrbbsrsssbssrbrrrsrrwbwwwswwbsbbbrbbsrsssbssrbrrrsrrwwwwwwwwwwwwwwwwrwwbbwwwwwwbbwwrrbbssbbbbbbssbbrrssrrssssssrrssrwrrbbrrrrrrbbrrwwwwwwwwwwwwwwwww
wwwwwwwwwwwwwwwwbwwwwwwwwwwwwwwwwwbwwwssbbsbbbrrssrsssbbrrbrrrsswwbwwwssbbsbbbrrssrsssbbrrbrrrsswwbwwwssbbsbbbrrssrsssbbrrbrrrsswwbwwwssbbsbbbrrssrsssbbrrbrrrsswwwwwwwwwwwwwwwwrwbwwwwwwwwwwbwrrbsbbbbbbbbbbsbrrsrssssssssssrsrwrbrrrrrrrrrrbrwwwwwwwwwwwwwwwww
wwwwwwwwwwwwwwwwbbbbwwwwwwwwwwwwwwbwwwwwwbsbbbbbwsrssssswrbrrrrrbwbwwwwwwbsbbbbbbsrsssssbrbrrrrrswbwwwwwsbsbbbbbwsrssssssrbrrrrrrwbwwwwwrbsbbbbbrsrssssswrbrrrrrwwwwwwwwwwwwwwwwwwbwwwsssswwwbwwbbsbbbrrrrbbbsbbssrsssbbbbsssrssrrbrrrssssrrrbrrwwwwwwwwwwwwwwww
wwwwwwwwwwwwwwwwbwwwwwwwwwwwwwwwwwwbbwwwwbbssbbbwssrrssswrrbbrrrbwwbbwwwwbbssbbbbssrrsssbrrbbrrrswwbbwwwsbbssbbbwssrrssssrrbbrrrrwwbbwwwrbbssbbbrssrrssswrrbbrrrwwwwwwwwwwwwwwwwwbwwwswwwwswwwbwbsbbbrbbbbrbbbsbsrsssbssssbsssrsrbrrrsrrrrsrrrbrwwwwwwwwwwwwwwww
wwwwwwwwwwwwwwwwbwwwwwbwwwwwwwwwwwwwwbbbwwbbbssswwsssrrrwwrrrbbbbbwwwbbbwwbbbsssbbsssrrrbbrrrbbbsswwwbbbssbbbssswwsssrrrssrrrbbbrrwwwbbbrrbbbsssrrsssrrrwwrrrbbbwwwwwwwwwwwwwwwwwbwwswwwwwwswwbwbsbbrbbbbbbrbbsbsrssbssssssbssrsrbrrsrrrrrrsrrbrwwwwwwwwwwwwwwww
wwwwwwwwwwwwwwwwwbbbbbwwwwwwwwwwwwwwwwwwwwwwbbbbwwwwsssswwwwrrrrbbbbwwwwwwwwbbbbbbbbssssbbbbrrrrsssswwwwssssbbbbwwwwssssssssrrrrrrrrwwwwrrrrbbbbrrrrsssswwwwrrrrwwwwwwwwwwwwwwwwwbwwswwwwwwswwbwbsbbrbbbbbbrbbsbsrssbssssssbssrsrbrrsrrrrrrsrrbrwwwwwwwwwwwwwwww
wwwwwwwwwwwwwwwwwwwwwwwwwwwwwwwwwwwswwbwbbbrbbsbsssbssrsrrrsrrbrwwwswwbwbbbrbbsbsssbssrsrrrsrrbrwwwswwbwbbbrbbsbsssbssrsrrrsrrbrwwwswwbwbbbrbbsbsssbssrsrrrsrrbrwwwwwwwwwwwwwwwwwbwwswwwwwwswwbwbsbbrbbbbbbrbbsbsrssbssssssbssrsrbrrsrrrrrrsrrbrwwwwwwwwwwwwwwww
wwwwwwwwwwwwwwwwwbbbbbwwwwwwwwwwwwwswwbwbbbrbbsbsssbssrsrrrsrrbrwwwswwbwbbbrbbsbsssbssrsrrrsrrbrwwwswwbwbbbrbbsbsssbssrsrrrsrrbrwwwswwbwbbbrbbsbsssbssrsrrrsrrbrwwwwwwwwwwwwwwwwwbwwswwwwwwswwbwbsbbrbbbbbbrbbsbsrssbssssssbssrsrbrrsrrrrrrsrrbrwwwwwwwwwwwwwwww
wwwwwwwwwwwwwwwwbwwwwwbwwwwwwwwwwwswwwbwbbrbbbsbssbsssrsrrsrrrbrwwswwwbwbbrbbbsbssbsssrsrrsrrrbrwwswwwbwbbrbbbsbssbsssrsrrsrrrbrwwswwwbwbbrbbbsbssbsssrsrrsrrrbrwwwwwwwwwwwwwwwwwbwwwswwwwswwwbwbsbbbrbbbbrbbbsbsrsssbssssbsssrsrbrrrsrrrrsrrrbrwwwwwwwwwwwwwwww
wwwwwwwwwwwwwwwwbwwwwwwwwwwwwwwwsswwwbwwrrbbbsbbbbsssrssssrrrbrrsswwwbwwrrbbbsbbbbsssrssssrrrbrrsswwwbwwrrbbbsbbbbsssrssssrrrbrrsswwwbwwrrbbbsbbbbsssrssssrrrbrrwwwwwwwwwwwwwwwwwwbwwwsssswwwbwwbbsbbbrrrrbbbsbbssrsssbbbbsssrssrrbrrrssssrrrbrrwwwwwwwwwwwwwwww
wwwwwwwwwwwwwwwwbbbbwwwwwwwwwwwwwwwwwbwwbbbbbsbwsssssrswrrrrrbrwwwwwwbwbbbbbbsbwsssssrsbrrrrrbrbwwwwwbwsbbbbbsbssssssrswrrrrrbrswwwwwbwrbbbbbsbrsssssrsrrrrrrbrwwwwwwwwwwwwwwwwwrwbwwwwwwwwwwbwrrbsbbbbbbbbbbsbrrsrssssssssssrsrwrbrrrrrrrrrrbrwwwwwwwwwwwwwwwww
wwwwwwwwwwwwwwwwbwwwwwwwwwwwwwwwwwwbbwwwbbbssbbwsssrrsswrrrbbrrwwwwbbwwbbbbssbbwsssrrssbrrrbbrrbwwwbbwwsbbbssbbssssrrsswrrrbbrrswwwbbwwrbbbssbbrsssrrssrrrrbbrrwwwwwwwwwwwwwwwwwrwwbbwwwwwwbbwwrrbbssbbbbbbssbbrrssrrssssssrrssrwrrbbrrrrrrbbrrwwwwwwwwwwwwwwwww
wwwwwwwwwwwwwwwwbwwwwwwwwwwwwwwwbbbwwwwwsssbbbwwrrrssswwbbbrrrwwbbbwwwbbsssbbbwwrrrsssbbbbbrrrbbbbbwwwsssssbbbssrrrssswwbbbrrrssbbbwwwrrsssbbbrrrrrsssrrbbbrrrwwwwwwwwwwwwwwwwwwrrwwwbbbbbbwwwrrrrbbbssssssbbbrrrrsssrrrrrrsssrrwwrrrbbbbbbrrrwwwwwwwwwwwwwwwwww
wwwwwwwwwwwwwwwwbwwwwwwwwwwwwwwwwwwwwwwwbbbbwwwwsssswwwwrrrrwwwwwwwwbbbbbbbbwwwwssssbbbbrrrrbbbbwwwwssssbbbbsssssssswwwwrrrrsssswwwwrrrrbbbbrrrrssssrrrrrrrrwwwwwwwwwwwwwwwwwwwwrrrrwwwwwwwwrrrrrrrrbbbbbbbbrrrrrrrrssssssssrrrrwwwwrrrrrrrrwwwwwwwwwwwwwwwwwwww
wwwwwwwwwwwwwwwwwwwwwwwwwwwwwwwwwwwwwwwwwwwwwwwwwwwwwwwwwwwwwwwwwwwwwwwwwwwwwwwwwwwwwwwwwwwwwwwwwwwwwwwwwwwwwwwwwwwwwwwwwwwwwwwwwwwwwwwwwwwwwwwwwwwwwwwwwwwwwwwwwwwwwwwwwwwwwwwwwwwwwwwwwwwwwwwwwwwwwwwwwwwwwwwwwwwwwwwwwwwwwwwwwwwwwwwwwwwwwwwwwwwwwwwwwwwwwwww
wwwwwwwwwwwwwwwwwwwwwwwwwwwwwwwwwwwwwwwwwwwwwwwwwwwwwwwwwwwwwwwwwwwwwwwwwwwwwwwwwwwwwwwwwwwwwwwwwwwwwwwwwwwwwwwwwwwwwwwwwwwwwwwwwwwwwwwwwwwwwwwwwwwwwwwwwwwwwwwwwwwwwwwwwwwwwwwwwwwwwwwwwwwwwwwwwwwwwwwwwwwwwwwwwwwwwwwwwwwwwwwwwwwwwwwwwwwwwwwwwwwwwwwwwwwwwwww
wwwwwwwwwwwwwwwwwwwwwwwwwwwwwwwwwwwwwwwwwwwwwwwwwwwwwwwwwwwwwwwwwwwwwwwwwwwwwwwwwwwwwwwwwwwwwwwwwwwwwwwwwwwwwwwwwwwwwwwwwwwwwwwwwwwwwwwwwwwwwwwwwwwwwwwwwwwwwwwwwwwwwwwwwwwwwwwwwwwwwwwwwwwwwwwwwwwwwwwwwwwwwwwwwwwwwwwwwwwwwwwwwwwwwwwwwwwwwwwwwwwwwwwwwwwwwwww
wwwwwwwwwwwwwwwwwwwwwwwwwwwwwwwwwwwwwwwwwwwwwwwwwwwwwwwwwwwwwwwwwwwwwwwwwwwwwwwwwwwwwwwwwwwwwwwwwwwwwwwwwwwwwwwwwwwwwwwwwwwwwwwwwwwwwwwwwwwwwwwwwwwwwwwwwwwwwwwwwwwwwwwwwwwwwwwwwwwwwwwwwwwwwwwwwwwwwwwwwwwwwwwwwwwwwwwwwwwwwwwwwwwwwwwwwwwwwwwwwwwwwwwwwwwwwwww
wwwwwwwwwwwwwwwwwwwwwwwwwwwwwwwwwwwwwwwwwwwwwwwwwwwwwwwwwwwwwwwwwwwwwwwwwwwwwwwwwwwwwwwwwwwwwwwwwwwwwwwwwwwwwwwwwwwwwwwwwwwwwwwwwwwwwwwwwwwwwwwwwwwwwwwwwwwwwwwwwwwwwwwwwwwwwwwwwwwwwwwwwwwwwwwwwwwwwwwwwwwwwwwwwwwwwwwwwwwwwwwwwwwwwwwwwwwwwwwwwwwwwwwwwwwwwwww
wwwwwwwwwwwwwwwwwwwwwwwwwwwwwwwwwwwwwwwwwwwwwwwwwwwwwwwwwwwwwwwwwwwwwwwwwwwwwwwwwwwwwwwwwwwwwwwwwwwwwwwwwwwwwwwwwwwwwwwwwwwwwwwwwwwwwwwwwwwwwwwwwwwwwwwwwwwwwwwwwwwwwwwwwwwwwwwwwwwwwwwwwwwwwwwwwwwwwwwwwwwwwwwwwwwwwwwwwwwwwwwwwwwwwwwwwwwwwwwwwwwwwwwwwwwwwwww
wwwwwwwwwwwwwwwwwwwwwwwwwwwwwwwwwwwwwwwwwwwwwwwwwwwwwwwwwwwwwwwwwwwwwwwwwwwwwwwwwwwwwwwwwwwwwwwwwwwwwwwwwwwwwwwwwwwwwwwwwwwwwwwwwwwwwwwwwwwwwwwwwwwwwwwwwwwwwwwwwwwwwwwwwwwwwwwwwwwwwwwwwwwwwwwwwwwwwwwwwwwwwwwwwwwwwwwwwwwwwwwwwwwwwwwwwwwwwwwwwwwwwwwwwwwwwwww
wwwwwwwwwwwwwwwwwwwwwwwwwwwwwwwwwwwwwwwwwwwwwwwwwwwwwwwwwwwwwwwwwwwwwwwwwwwwwwwwwwwwwwwwwwwwwwwwwwwwwwwwwwwwwwwwwwwwwwwwwwwwwwwwwwwwwwwwwwwwwwwwwwwwwwwwwwwwwwwwwwwwwwwwwwwwwwwwwwwwwwwwwwwwwwwwwwwwwwwwwwwwwwwwwwwwwwwwwwwwwwwwwwwwwwwwwwwwwwwwwwwwwwwwwwwwwwww
wwwwwwwwwwwwwwwwwwwwwwwwwwwwwwwwwwwwwwwwwwwwwwwwwwwwwwwwwwwwwwwwwwwwwwwwwwwwwwwwwwwwwwwwwwwwwwwwwwwwwwwwwwwwwwwwwwwwwwwwwwwwwwwwwwwwwwwwwwwwwwwwwwwwwwwwwwwwwwwwwwwwwwwwwwwwwwwwwwwwwwwwwwwwwwwwwwwwwwwwwwwwwwwwwwwwwwwwwwwwwwwwwwwwwwwwwwwwwwwwwwwwwwwwwwwwwwww
wwwwwwwwwwwwwwwwwwwwwwwwwwwwwwwwwwwwwwwwwwwwwwwwwwwwwwwwwwwwwwwwwwwwwwwwwwwwwwwwwwwwwwwwwwwwwwwwwwwwwwwwwwwwwwwwwwwwwwwwwwwwwwwwwwwwwwwwwwwwwwwwwwwwwwwwwwwwwwwwwwwwwwwwwwwwwwwwwwwwwwwwwwwwwwwwwwwwwwwwwwwwwwwwwwwwwwwwwwwwwwwwwwwwwwwwwwwwwwwwwwwwwwwwwwwwwwww
wwwwwwwwwwwwwwwwwwwwwwwwwwwwwwwwwwwwwwwwwwwwwwwwwwwwwwwwwwwwwwwwwwwwwwwwwwwwwwwwwwwwwwwwwwwwwwwwwwwwwwwwwwwwwwwwwwwwwwwwwwwwwwwwwwwwwwwwwwwwwwwwwwwwwwwwwwwwwwwwwwwwwwwwwwwwwwwwwwwwwwwwwwwwwwwwwwwwwwwwwwwwwwwwwwwwwwwwwwwwwwwwwwwwwwwwwwwwwwwwwwwwwwwwwwwwwwww
wwwwwwwwwwwwwwwwwwwwwwwwwwwwwwwwwwwwwwwwwwwwwwwwwwwwwwwwwwwwwwwwwwwwwwwwwwwwwwwwwwwwwwwwwwwwwwwwwwwwwwwwwwwwwwwwwwwwwwwwwwwwwwwwwwwwwwwwwwwwwwwwwwwwwwwwwwwwwwwwwwwwwwwwwwwwwwwwwwwwwwwwwwwwwwwwwwwwwwwwwwwwwwwwwwwwwwwwwwwwwwwwwwwwwwwwwwwwwwwwwwwwwwwwwwwwwwww
wwwwwwwwwwwwwwwwwwwwwwwwwwwwwwwwwwwwwwwwwwwwwwwwwwwwwwwwwwwwwwwwwwwwwwwwwwwwwwwwwwwwwwwwwwwwwwwwwwwwwwwwwwwwwwwwwwwwwwwwwwwwwwwwwwwwwwwwwwwwwwwwwwwwwwwwwwwwwwwwwwwwwwwwwwwwwwwwwwwwwwwwwwwwwwwwwwwwwwwwwwwwwwwwwwwwwwwwwwwwwwwwwwwwwwwwwwwwwwwwwwwwwwwwwwwwwwww
wwwwwwwwwwwwwwwwwwwwwwwwwwwwwwwwwwwwwwwwwwwwwwwwwwwwwwwwwwwwwwwwwwwwwwwwwwwwwwwwwwwwwwwwwwwwwwwwwwwwwwwwwwwwwwwwwwwwwwwwwwwwwwwwwwwwwwwwwwwwwwwwwwwwwwwwwwwwwwwwwwwwwwwwwwwwwwwwwwwwwwwwwwwwwwwwwwwwwwwwwwwwwwwwwwwwwwwwwwwwwwwwwwwwwwwwwwwwwwwwwwwwwwwwwwwwwwww
wwwwwwwwwwwwwwwwwwwwwwwwwwwwwwwwwwwwwwwwwwwwwwwwwwwwwwwwwwwwwwwwwwwwwwwwwwwwwwwwwwwwwwwwwwwwwwwwwwwwwwwwwwwwwwwwwwwwwwwwwwwwwwwwwwwwwwwwwwwwwwwwwwwwwwwwwwwwwwwwwwwwwwwwwwwwwwwwwwwwwwwwwwwwwwwwwwwwwwwwwwwwwwwwwwwwwwwwwwwwwwwwwwwwwwwwwwwwwwwwwwwwwwwwwwwwwwww
wwwwwwwwwwwwwwwwwwwwwwwwwwwwwwwwwwwwwwwwwwwwwwwwwwwwwwwwwwwwwwwwwwwwwwwwwwwwwwwwwwwwwwwwwwwwwwwwwwwwwwwwwwwwwwwwwwwwwwwwwwwwwwwwwwwwwwwwwwwwwwwwwwwwwwwwwwwwwwwwwwwwwwwwwwwwwwwwwwwwwwwwwwwwwwwwwwwwwwwwwwwwwwwwwwwwwwwwwwwwwwwwwwwwwwwwwwwwwwwwwwwwwwwwwwwwwwww
