77777777777777777797777777700FFF77777777777777777797777777700FFF77777777777777777797777777700FFF77777777777777777797777777700FFF77777777777777777797777777700FFF
777777777777777777977777777770FF777777777777777777977777777770FF777777777777777777977777777770FF777777777777777777977777777770FF777777777777777777977777777770FF
7777777777797777700777777797770F7777777777797777700777777797770F7777777777797777700777777797770F7777777777797777700777777797770F7777777777797777700777777797770F
77779777770777700FF007777779777077779777770777700FF007777779777077779777770777700FF007777779777077779777770777700FF007777779777077779777770777700FF0077777797770
7777797700F0000FFFFFF000077797707777797700F0000FFFFFF000077797707777797700F0000FFFFFF000077797707777797700F0000FFFFFF000077797707777797700F0000FFFFFF00007779770
77777970FFFFFFFFFFFFFFFFF077977077777970FFFFFFFFFFFFFFFFF077977077777970FFFFFFFFFFFFFFFFF077977077777970FFFFFFFFFFFFFFFFF077977077777970FFFFFFFFFFFFFFFFF0779770
7777790FFFFFFFFFFFFFFFFFFF0797707777790FFFFFFFFFFFFFFFFFFF0797707777790FFFFFFFFFFFFFFFFFFF0797707777790FFFFFFFFFFFFFFFFFFF0797707777790FFFFFFFFFFFFFFFFFFF079770
7777700FFFFFFFFFFFFFFF000F09770F7777700FFFFFFFFFFFFFFF000F09770F7777700FFFFFFFFFFFFFFF000F09770F7777700FFFFFFFFFFFFFFF000F09770F7777700FFFFFFFFFFFFFFF000F09770F
777770FFFFFF9FFFFFFFF0FFF90970FF777770FFFFFF9FFFFFFFF0FFF90970FF777770FFFFFF9FFFFFFFF0FFF90970FF777770FFFFFF9FFFFFFFF0FFF90970FF777770FFFFFF9FFFFFFFF0FFF90970FF
77770FFFFFF0FFFFFFFF9FFFFF090FFF77770FFFFFF0FFFFFFFF9FFFFF090FFF77770FFFFFF0FFFFFFFF9FFFFF090FFF77770FFFFFF0FFFFFFFF9FFFFF090FFF77770FFFFFF0FFFFFFFF9FFFFF090FFF
77770FF0000FFFFFFFFFFFFFFF070FFF77770FF0000FFFFFFFFFFFFFFF070FFF77770FF0000FFFFFFFFFFFFFFF070FFF77770FF0000FFFFFFFFFFFFFFF070FFF77770FF0000FFFFFFFFFFFFFFF070FFF
77790F9FFFFFFFFFFFFFF999F00770FF77790F9FFFFFFFFFFFFFF999F00770FF77790F9FFFFFFFFFFFFFF999F00770FF77790F9FFFFFFFFFFFFFF999F00770FF77790F9FFFFFFFFFFFFFF999F00770FF
77790FFFF999FFFFFFFF99000007770F77790FFFF999FFFFFFFF99000007770F77790FFFF999FFFFFFFF99000007770F77790FFFF999FFFFFFFF99000007770F77790FFFF999FFFFFFFF99000007770F
7790FFFF00099FFFFFFF9000007777707790FFFF00099FFFFFFF9000007777707790FFFF00099FFFFFFF9000007777707790FFFF00099FFFFFFF9000007777707790FFFF00099FFFFFFF900000777770
7770F00000009FFFFFFF009F007777707770F00000009FFFFFFF009F007777707770F00000009FFFFFFF009F007777707770F00000009FFFFFFF009F007777707770F00000009FFFFFFF009F00777770
7770FF0000FF09FFFFFF099F0F0777707770FF0000FF09FFFFFF099F0F0777707770FF0000FF09FFFFFF099F0F0777707770FF0000FF09FFFFFF099F0F0777707770FF0000FF09FFFFFF099F0F077770
7770FFF009FFF0FFFFFF09FFFF7777707770FFF009FFF0FFFFFF09FFFF7777707770FFF009FFF0FFFFFF09FFFF7777707770FFF009FFF0FFFFFF09FFFF7777707770FFF009FFF0FFFFFF09FFFF777770
77770FF099FFF0FFFFFF7FFFFFF0777077770FF099FFF0FFFFFF7FFFFFF0777077770FF099FFF0FFFFFF7FFFFFF0777077770FF099FFF0FFFFFF7FFFFFF0777077770FF099FFF0FFFFFF7FFFFFF07770
777770FF00FFFFFFFFFF7FFFFFF07770777770FF00FFFFFFFFFF7FFFFFF07770777770FF00FFFFFFFFFF7FFFFFF07770777770FF00FFFFFFFFFF7FFFFFF07770777770FF00FFFFFFFFFF7FFFFFF07770
7777770FFFFFFFFFFFFF99FFFFF079707777770FFFFFFFFFFFFF99FFFFF079707777770FFFFFFFFFFFFF99FFFFF079707777770FFFFFFFFFFFFF99FFFFF079707777770FFFFFFFFFFFFF99FFFFF07970
7777770FFFFFFFFFFFFFF9FFFFF0790F7777770FFFFFFFFFFFFFF9FFFFF0790F7777770FFFFFFFFFFFFFF9FFFFF0790F7777770FFFFFFFFFFFFFF9FFFFF0790F7777770FFFFFFFFFFFFFF9FFFFF0790F
7777770FFFFFFFFFFFFF7FFFFFF070FF7777770FFFFFFFFFFFFF7FFFFFF070FF7777770FFFFFFFFFFFFF7FFFFFF070FF7777770FFFFFFFFFFFFF7FFFFFF070FF7777770FFFFFFFFFFFFF7FFFFFF070FF
7777790FFFFFFFFFFFFFFFFFFF770FFF7777790FFFFFFFFFFFFFFFFFFF770FFF7777790FFFFFFFFFFFFFFFFFFF770FFF7777790FFFFFFFFFFFFFFFFFFF770FFF7777790FFFFFFFFFFFFFFFFFFF770FFF
7777790FFFFFFFFFFFF990FFFF00FFFF7777790FFFFFFFFFFFF990FFFF00FFFF7777790FFFFFFFFFFFF990FFFF00FFFF7777790FFFFFFFFFFFF990FFFF00FFFF7777790FFFFFFFFFFFF990FFFF00FFFF
77999770FFFFFFFFFF0999FFF0FFFFFF77999770FFFFFFFFFF0999FFF0FFFFFF77999770FFFFFFFFFF0999FFF0FFFFFF77999770FFFFFFFFFF0999FFF0FFFFFF77999770FFFFFFFFFF0999FFF0FFFFFF
777777700FFFFFFFF0999FFF0FFFFFFF777777700FFFFFFFF0999FFF0FFFFFFF777777700FFFFFFFF0999FFF0FFFFFFF777777700FFFFFFFF0999FFF0FFFFFFF777777700FFFFFFFF0999FFF0FFFFFFF
7777770F00FFFFFFFFFFFFF0FFFFFFFF7777770F00FFFFFFFFFFFFF0FFFFFFFF7777770F00FFFFFFFFFFFFF0FFFFFFFF7777770F00FFFFFFFFFFFFF0FFFFFFFF7777770F00FFFFFFFFFFFFF0FFFFFFFF
007770FF0707FFFFFFFFFF0FFFFFFFFF007770FF0707FFFFFFFFFF0FFFFFFFFF007770FF0707FFFFFFFFFF0FFFFFFFFF007770FF0707FFFFFFFFFF0FFFFFFFFF007770FF0707FFFFFFFFFF0FFFFFFFFF
FF000FFFF0F70007FFFFF0FFFFFFFFFFFF000FFFF0F70007FFFFF0FFFFFFFFFFFF000FFFF0F70007FFFFF0FFFFFFFFFFFF000FFFF0F70007FFFFF0FFFFFFFFFFFF000FFFF0F70007FFFFF0FFFFFFFFFF
FFFFFFFFF0FFF77700000FFFFFFFFFFFFFFFFFFFF0FFF77700000FFFFFFFFFFFFFFFFFFFF0FFF77700000FFFFFFFFFFFFFFFFFFFF0FFF77700000FFFFFFFFFFFFFFFFFFFF0FFF77700000FFFFFFFFFFF
FFFFFFFFF0FFFFF77770FFFFFFFFFFFFFFFFFFFFF0FFFFF77770FFFFFFFFFFFFFFFFFFFFF0FFFFF77770FFFFFFFFFFFFFFFFFFFFF0FFFFF77770FFFFFFFFFFFFFFFFFFFFF0FFFFF77770FFFFFFFFFFFF
FFFFFFFFF0FFFFFFFF0FFFFFFFFFFFFFFFFFFFFFF0FFFFFFFF0FFFFFFFFFFFFFFFFFFFFFF0FFFFFFFF0FFFFFFFFFFFFFFFFFFFFFF0FFFFFFFF0FFFFFFFFFFFFFFFFFFFFFF0FFFFFFFF0FFFFFFFFFFFFF
