FFFFFFBBFFFFFFBBFFFFFFBBFFFFFFBBFFFFFFBBFFFFFFBBFFFFFFBBFFFFFFBBFFFFFFBBFFFFFFBBFFFFFFBBFFFFFFBBFFFFFFBBFFFFFFBBFFFFFFBBFFFFFFBBFFFFFF22FFFFFF22FFFFFF22FFFFFF22FFFFFF22FFFFFF22FFFFFF22FFFFFF22FFFFFF22FFFFFF22FFFFFF22FFFFFF22FFFFFF22FFFFFF22FFFFFF22FFFFFF22
FFFFFBBFFFFFFBBFFFFFFBBFFFFFFBBFFFFFFBBFFFFFFBBFFFFFFBBFFFFFFBBFFFFFFBBFFFFFFBBFFFFFFBBFFFFFFBBFFFFFFBBFFFFFFBBFFFFFFBBFFFFFFBBFFFFFF22FFFFFF22FFFFFF22FFFFFF22FFFFFF22FFFFFF22FFFFFF22FFFFFF22FFFFFF22FFFFFF22FFFFFF22FFFFFF22FFFFFF22FFFFFF22FFFFFF22FFFFFF22F
FFFFBBFFFFFFBBFFFFFFBBFFFFFFBBFFFFFFBBFFFFFFBBFFFFFFBBFFFFFFBBFFFFFFBBFFFFFFBBFFFFFFBBFFFFFFBBFFFFFFBBFFFFFFBBFFFFFFBBFFFFFFBBFFFFFF22FFFFFF22FFFFFF22FFFFFF22FFFFFF22FFFFFF22FFFFFF22FFFFFF22FFFFFF22FFFFFF22FFFFFF22FFFFFF22FFFFFF22FFFFFF22FFFFFF22FFFFFF22FF
FFFBBFFFFFFBBFFFFFFBBFFFFFFBBFFFFFFBBFFFFFFBBFFFFFFBBFFFFFFBBFFFFFFBBFFFFFFBBFFFFFFBBFFFFFFBBFFFFFFBBFFFFFFBBFFFFFFBBFFFFFFBBFFFFFF22FFFFFF22FFFFFF22FFFFFF22FFFFFF22FFFFFF22FFFFFF22FFFFFF22FFFFFF22FFFFFF22FFFFFF22FFFFFF22FFFFFF22FFFFFF22FFFFFF22FFFFFF22FFF
FFBBFFFFFFBBFFFFFFBBFFFFFFBBFFFFFFBBFFFFFFBBFFFFFFBBFFFFFFBBFFFFFFBBFFFFFFBBFFFFFFBBFFFFFFBBFFFFFFBBFFFFFFBBFFFFFFBBFFFFFFBBFFFFFF22FFFFFF22FFFFFF22FFFFFF22FFFFFF22FFFFFF22FFFFFF22FFFFFF22FFFFFF22FFFFFF22FFFFFF22FFFFFF22FFFFFF22FFFFFF22FFFFFF22FFFFFF22FFFF
FBBFFFFFFBBFFFFFFBBFFFFFFBBFFFFFFBBFFFFFFBBFFFFFFBBFFFFFFBBFFFFFFBBFFFFFFBBFFFFFFBBFFFFFFBBFFFFFFBBFFFFFFBBFFFFFFBBFFFFFFBBFFFFFF22FFFFFF22FFFFFF22FFFFFF22FFFFFF22FFFFFF22FFFFFF22FFFFFF22FFFFFF22FFFFFF22FFFFFF22FFFFFF22FFFFFF22FFFFFF22FFFFFF22FFFFFF22FFFFF
BBFFFFFFBBFFFFFFBBFFFFFFBBFFFFFFBBFFFFFFBBFFFFFFBBFFFFFFBBFFFFFFBBFFFFFFBBFFFFFFBBFFFFFFBBFFFFFFBBFFFFFFBBFFFFFFBBFFFFFFBBFFFFFF22FFFFFF22FFFFFF22FFFFFF22FFFFFF22FFFFFF22FFFFFF22FFFFFF22FFFFFF22FFFFFF22FFFFFF22FFFFFF22FFFFFF22FFFFFF22FFFFFF22FFFFFF22FFFFFF
BFFFFFFBBFFFFFFBBFFFFFFBBFFFFFFBBFFFFFFBBFFFFFFBBFFFFFFBBFFFFFFBBFFFFFFBBFFFFFFBBFFFFFFBBFFFFFFBBFFFFFFBBFFFFFFBBFFFFFFBBFFFFFFB2FFFFFF22FFFFFF22FFFFFF22FFFFFF22FFFFFF22FFFFFF22FFFFFF22FFFFFF22FFFFFF22FFFFFF22FFFFFF22FFFFFF22FFFFFF22FFFFFF22FFFFFF22FFFFFF2
FFFFFFBBFFFFFFFFFFFFFFBBFFFFFFBBFFFFFFBBFFFFF000000FFFFFFFFFFFBBFFFFFFBBFFFFFBBBBBBFFFFFFFFFFFBBFFFFFFBBFFFFF222222FFFFFFFFFFFBBFFFFFF22FFFFFFFFFFFFFF22FFFFFF22FFFFFF22FFFFF000000FFFFFFFFFFF22FFFFFF22FFFFFBBBBBBFFFFFFFFFFF22FFFFFF22FFFFF222222FFFFFFFFFFF22
FFFFFBBFFFFFFFFFFFFFFBBFFFFFFBBFFFFFFBBFFFF0000000000FFFFFFFFBBFFFFFFBBFFFFBBBBBBBBBBFFFFFFFFBBFFFFFFBBFFFF2222222222FFFFFFFFBBFFFFFF22FFFFFFFFFFFFFF22FFFFFF22FFFFFF22FFFF0000000000FFFFFFFF22FFFFFF22FFFFBBBBBBBBBBFFFFFFFF22FFFFFF22FFFF2222222222FFFFFFFF22F
FFFFBBFFFFFFFFFFFFFFFFFFFFFFBBFFFFFFBBFFFF0000FFFF0000FFFFFFBBFFFFFFBBFFFFBBBBFFFFBBBBFFFFFFBBFFFFFFBBFFFF2222FFFF2222FFFFFFBBFFFFFF22FFFFFFFFFFFFFFFFFFFFFF22FFFFFF22FFFF0000FFFF0000FFFFFF22FFFFFF22FFFFBBBBFFFFBBBBFFFFFF22FFFFFF22FFFF2222FFFF2222FFFFFF22FF
FFFBBFFFFFFFBFFFFFFBFFFFFFFBBFFFFFFBBFFFF000FFFFFFFF000FFFFBBFFFFFFBBFFFFBBBFFFFFFFFBBBFFFFBBFFFFFFBBFFFF222FFFFFFFF222FFFFBBFFFFFF22FFFFFFF2FFFFFF2FFFFFFF22FFFFFF22FFFF000FFFFFFFF000FFFF22FFFFFF22FFFFBBBFFFFFFFFBBBFFFF22FFFFFF22FFFF222FFFFFFFF222FFFF22FFF
FFBBFFFFFFFBFFFFFFBBFFFFFFBBFFFFFFBBFFFFF00FFFFFFFFFF00FFFBBFFFFFFBBFFFFFBBFFFFFFFFFFBBFFFBBFFFFFFBBFFFFF22FFFFFFFFFF22FFFBBFFFFFF22FFFFFFF2FFFFFF22FFFFFF22FFFFFF22FFFFF00FFFFFFFFFF00FFF22FFFFFF22FFFFFBBFFFFFFFFFFBBFFF22FFFFFF22FFFFF22FFFFFFFFFF22FFF22FFFF
FBBFFFFFFFFFFFFFFFBFFFFFFBBFFFFFFBBFFFFF000FFF0000FFF000FBBFFFFFFBBFFFFFBBBFFFBBBBFFFBBBFBBFFFFFFBBFFFFF222FFF2222FFF222FBBFFFFFF22FFFFFFFFFFFFFFF2FFFFFF22FFFFFF22FFFFF000FFF0000FFF000F22FFFFFF22FFFFFBBBFFFBBBBFFFBBBF22FFFFFF22FFFFF222FFF2222FFF222F22FFFFF
BBFFFFFFFFFFFFFFFFFFFFFFBBFFFFFFBBFFFFFF00FFF000000FFF00BBFFFFFFBBFFFFFFBBFFFBBBBBBFFFBBBBFFFFFFBBFFFFFF22FFF222222FFF22BBFFFFFF22FFFFFFFFFFFFFFFFFFFFFF22FFFFFF22FFFFFF00FFF000000FFF0022FFFFFF22FFFFFFBBFFFBBBBBBFFFBB22FFFFFF22FFFFFF22FFF222222FFF2222FFFFFF
BFFFFFFBFFFFFFFFFFFFFFFFBFFFFFFBBFFFFFFB00FFF000000FFF00BFFFFFFBBFFFFFFBBBFFFBBBBBBFFFBBBFFFFFFBBFFFFFFB22FFF222222FFF22BFFFFFFB2FFFFFF2FFFFFFFFFFFFFFFF2FFFFFF22FFFFFF200FFF000000FFF002FFFFFF22FFFFFF2BBFFFBBBBBBFFFBB2FFFFFF22FFFFFF222FFF222222FFF222FFFFFF2
FFFFFFBBFFFFFFFFFFFFFFFFFFFFFFBBFFFFFFBB00FFF000000FFF00FFFFFFBBFFFFFFBBBBFFFBBBBBBFFFBBFFFFFFBBFFFFFFBB22FFF222222FFF22FFFFFFBBFFFFFF22FFFFFFFFFFFFFFFFFFFFFF22FFFFFF2200FFF000000FFF00FFFFFF22FFFFFF22BBFFFBBBBBBFFFBBFFFFFF22FFFFFF2222FFF222222FFF22FFFFFF22
FFFFFBBFFFFFFFFFFFFFFBFFFFFFFBBFFFFFFBBF00FFF000000FFF00FFFFFBBFFFFFFBBFBBFFFBBBBBBFFFBBFFFFFBBFFFFFFBBF22FFF222222FFF22FFFFFBBFFFFFF22FFFFFFFFFFFFFF2FFFFFFF22FFFFFF22F00FFF000000FFF00FFFFF22FFFFFF22FBBFFFBBBBBBFFFBBFFFFF22FFFFFF22F22FFF222222FFF22FFFFF22F
FFFFBBFFFFFFBBFFFFFFBFFFFFFFBBFFFFFFBBFF000FFF0000FFF000FFFFBBFFFFFFBBFFBBBFFFBBBBFFFBBBFFFFBBFFFFFFBBFF222FFF2222FFF222FFFFBBFFFFFF22FFFFFF22FFFFFF2FFFFFFF22FFFFFF22FF000FFF0000FFF000FFFF22FFFFFF22FFBBBFFFBBBBFFFBBBFFFF22FFFFFF22FF222FFF2222FFF222FFFF22FF
FFFBBFFFFFFBBFFFFFFBBFFFFFFBBFFFFFFBBFFFF00FFFFFFFFFF00FFFFBBFFFFFFBBFFFFBBFFFFFFFFFFBBFFFFBBFFFFFFBBFFFF22FFFFFFFFFF22FFFFBBFFFFFF22FFFFFF22FFFFFF22FFFFFF22FFFFFF22FFFF00FFFFFFFFFF00FFFF22FFFFFF22FFFFBBFFFFFFFFFFBBFFFF22FFFFFF22FFFF22FFFFFFFFFF22FFFF22FFF
FFBBFFFFFFFFFFFFFFBBFFFFFFBBFFFFFFBBFFFFF000FFFFFFFF000FFFBBFFFFFFBBFFFFFBBBFFFFFFFFBBBFFFBBFFFFFFBBFFFFF222FFFFFFFF222FFFBBFFFFFF22FFFFFFFFFFFFFF22FFFFFF22FFFFFF22FFFFF000FFFFFFFF000FFF22FFFFFF22FFFFFBBBFFFFFFFFBBBFFF22FFFFFF22FFFFF222FFFFFFFF222FFF22FFFF
FBBFFFFFFBFFFFFFFBFFFFFFFBBFFFFFFBBFFFFFFF0000FFFF0000FFFBBFFFFFFBBFFFFFFFBBBBFFFFBBBBFFFBBFFFFFFBBFFFFFFF2222FFFF2222FFFBBFFFFFF22FFFFFF2FFFFFFF2FFFFFFF22FFFFFF22FFFFFFF0000FFFF0000FFF22FFFFFF22FFFFFFFBBBBFFFFBBBBFFF22FFFFFF22FFFFFFF2222FFFF2222FFF22FFFFF
BBFFFFFFBBFFFFFFFFFFFFFFBBFFFFFFBBFFFFFFFFF0000000000FFFBBFFFFFFBBFFFFFFFFFBBBBBBBBBBFFFBBFFFFFFBBFFFFFFFFF2222222222FFFBBFFFFFF22FFFFFF22FFFFFFFFFFFFFF22FFFFFF22FFFFFFFFF0000000000FFF22FFFFFF22FFFFFFFFFBBBBBBBBBBFFF22FFFFFF22FFFFFFFFF2222222222FFF22FFFFFF
BFFFFFFBBFFFFFFFFFFFFFFBBFFFFFFBBFFFFFFBFFFFF000000FFFFFBFFFFFFBBFFFFFFBFFFFFBBBBBBFFFFFBFFFFFFBBFFFFFFBFFFFF222222FFFFFBFFFFFFB2FFFFFF22FFFFFFFFFFFFFF22FFFFFF22FFFFFF2FFFFF000000FFFFF2FFFFFF22FFFFFF2FFFFFBBBBBBFFFFF2FFFFFF22FFFFFF2FFFFF222222FFFFF2FFFFFF2
FFFFFFBBFFFFFFBBFFFFFFBBFFFFFFBBFFFFFFBBFFFFFFBBFFFFFFBBFFFFFFBBFFFFFFBBFFFFFFBBFFFFFFBBFFFFFFBBFFFFFFBBFFFFFFBBFFFFFFBBFFFFFFBBFFFFFF22FFFFFF22FFFFFF22FFFFFF22FFFFFF22FFFFFF22FFFFFF22FFFFFF22FFFFFF22FFFFFF22FFFFFF22FFFFFF22FFFFFF22FFFFFF22FFFFFF22FFFFFF22
FFFFFBBFFFFFFBBFFFFFFBBFFFFFFBBFFFFFFBBFFFFFFBBFFFFFFBBFFFFFFBBFFFFFFBBFFFFFFBBFFFFFFBBFFFFFFBBFFFFFFBBFFFFFFBBFFFFFFBBFFFFFFBBFFFFFF22FFFFFF22FFFFFF22FFFFFF22FFFFFF22FFFFFF22FFFFFF22FFFFFF22FFFFFF22FFFFFF22FFFFFF22FFFFFF22FFFFFF22FFFFFF22FFFFFF22FFFFFF22F
FFFFBBFFFFFFBBFFFFFFBBFFFFFFBBFFFFFFBBFFFFFFBBFFFFFFBBFFFFFFBBFFFFFFBBFFFFFFBBFFFFFFBBFFFFFFBBFFFFFFBBFFFFFFBBFFFFFFBBFFFFFFBBFFFFFF22FFFFFF22FFFFFF22FFFFFF22FFFFFF22FFFFFF22FFFFFF22FFFFFF22FFFFFF22FFFFFF22FFFFFF22FFFFFF22FFFFFF22FFFFFF22FFFFFF22FFFFFF22FF
FFFBBFFFFFFBBFFFFFFBBFFFFFFBBFFFFFFBBFFFFFFBBFFFFFFBBFFFFFFBBFFFFFFBBFFFFFFBBFFFFFFBBFFFFFFBBFFFFFFBBFFFFFFBBFFFFFFBBFFFFFFBBFFFFFF22FFFFFF22FFFFFF22FFFFFF22FFFFFF22FFFFFF22FFFFFF22FFFFFF22FFFFFF22FFFFFF22FFFFFF22FFFFFF22FFFFFF22FFFFFF22FFFFFF22FFFFFF22FFF
FFBBFFFFBBBBBBBBFFBBFFFFFFBBFFFFFFBBFFFFBBBBBBBBFFBBFFFFFFBBFFFFFFBBFFFFBBBBBBBBFFBBFFFFFFBBFFFFFFBBFFFFBBBBBBBBFFBBFFFFFFBBFFFFFF22FFFFBBBBBBBBFF22FFFFFF22FFFFFF22FFFFBBBBBBBBFF22FFFFFF22FFFFFF22FFFFBBBBBBBBFF22FFFFFF22FFFFFF22FFFFBBBBBBBBFF22FFFFFF22FFFF
FBBFFFFFB00000BBFBBFFFFFFBBFFFFFFBBFFFFFBB00BBBBFBBFFFFFFBBFFFFFFBBFFFFFB00000BBFBBFFFFFFBBFFFFFFBBFFFFFB00000BBFBBFFFFFFBBFFFFFF22FFFFFB00000BBF22FFFFFF22FFFFFF22FFFFFBB00BBBBF22FFFFFF22FFFFFF22FFFFFB00000BBF22FFFFFF22FFFFFF22FFFFFB00000BBF22FFFFFF22FFFFF
BBFFFFFF0BBBBB0BBBFFFFFFBBFFFFFFBBFFFFFFBBB0BBBBBBFFFFFFBBFFFFFFBBFFFFFF0BBBBB0BBBFFFFFFBBFFFFFFBBFFFFFF0BBBBB0BBBFFFFFFBBFFFFFF22FFFFFF0BBBBB0B22FFFFFF22FFFFFF22FFFFFFBBB0BBBB22FFFFFF22FFFFFF22FFFFFF0BBBBB0B22FFFFFF22FFFFFF22FFFFFF0BBBBB0B22FFFFFF22FFFFFF
BFFFFFFB0BBBBB0BBFFFFFFBBFFFFFFBBFFFFFFBBBB0BBBBBFFFFFFBBFFFFFFBBFFFFFFBBBBBBB0BBFFFFFFBBFFFFFFBBFFFFFFBBBBBBB0BBFFFFFFBBFFFFFFB2FFFFFF20BBBBB0B2FFFFFF22FFFFFF22FFFFFF2BBB0BBBB2FFFFFF22FFFFFF22FFFFFF2BBBBBB0B2FFFFFF22FFFFFF22FFFFFF2BBBBBB0B2FFFFFF22FFFFFF2
FFFFFFBB0BBBBB0BFFFFFFBBFFFFFFBBFFFFFFBBBBB0BBBBFFFFFFBBFFFFFFBBFFFFFFBBB00000BBFFFFFFBBFFFFFFBBFFFFFFBBBBB000BBFFFFFFBBFFFFFFBBFFFFFF220BBBBB0BFFFFFF22FFFFFF22FFFFFF22BBB0BBBBFFFFFF22FFFFFF22FFFFFF22B00000BBFFFFFF22FFFFFF22FFFFFF22BBB000BBFFFFFF22FFFFFF22
FFFFFBBF0BBBBB0BFFFFFBBFFFFFFBBFFFFFFBBFBBB0BBBBFFFFFBBFFFFFFBBFFFFFFBBF0BBBBBBBFFFFFBBFFFFFFBBFFFFFFBBFBBBBBB0BFFFFFBBFFFFFFBBFFFFFF22F0BBBBB0BFFFFF22FFFFFF22FFFFFF22FBBB0BBBBFFFFF22FFFFFF22FFFFFF22F0BBBBBBBFFFFF22FFFFFF22FFFFFF22FBBBBBB0BFFFFF22FFFFFF22F
FFFFBBFF0BBBBB0BFFFFBBFFFFFFBBFFFFFFBBFFBBB0BBBBFFFFBBFFFFFFBBFFFFFFBBFF0BBBBBBBFFFFBBFFFFFFBBFFFFFFBBFF0BBBBB0BFFFFBBFFFFFFBBFFFFFF22FF0BBBBB0BFFFF22FFFFFF22FFFFFF22FFBBB0BBBBFFFF22FFFFFF22FFFFFF22FF0BBBBBBBFFFF22FFFFFF22FFFFFF22FF0BBBBB0BFFFF22FFFFFF22FF
FFFBBFFFB00000BBFFFBBFFFFFFBBFFFFFFBBFFFBBB0BBBBFFFBBFFFFFFBBFFFFFFBBFFF0000000BFFFBBFFFFFFBBFFFFFFBBFFFB00000BBFFFBBFFFFFFBBFFFFFF22FFFB00000BBFFF22FFFFFF22FFFFFF22FFFBBB0BBBBFFF22FFFFFF22FFFFFF22FFF0000000BFFF22FFFFFF22FFFFFF22FFFB00000BBFFF22FFFFFF22FFF
FFBBFFFFFFBBFFFFFFBBFFFFFFBBFFFFFFBBFFFFFFBBFFFFFFBBFFFFFFBBFFFFFFBBFFFFFFBBFFFFFFBBFFFFFFBBFFFFFFBBFFFFFFBBFFFFFFBBFFFFFFBBFFFFFF22FFFFFF22FFFFFF22FFFFFF22FFFFFF22FFFFFF22FFFFFF22FFFFFF22FFFFFF22FFFFFF22FFFFFF22FFFFFF22FFFFFF22FFFFFF22FFFFFF22FFFFFF22FFFF
FBBFFFFFFBBFFFFFFBBFFFFFFBBFFFFFFBBFFFFFFBBFFFFFFBBFFFFFFBBFFFFFFBBFFFFFFBBFFFFFFBBFFFFFFBBFFFFFFBBFFFFFFBBFFFFFFBBFFFFFFBBFFFFFF22FFFFFF22FFFFFF22FFFFFF22FFFFFF22FFFFFF22FFFFFF22FFFFFF22FFFFFF22FFFFFF22FFFFFF22FFFFFF22FFFFFF22FFFFFF22FFFFFF22FFFFFF22FFFFF
BBFFFFFFBBFFFFFFBBFFFFFFBBFFFFFFBBFFFFFFBBFFFFFFBBFFFFFFBBFFFFFFBBFFFFFFBBFFFFFFBBFFFFFFBBFFFFFFBBFFFFFFBBFFFFFFBBFFFFFFBBFFFFFF22FFFFFF22FFFFFF22FFFFFF22FFFFFF22FFFFFF22FFFFFF22FFFFFF22FFFFFF22FFFFFF22FFFFFF22FFFFFF22FFFFFF22FFFFFF22FFFFFF22FFFFFF22FFFFFF
BFFFFFFBBFFFFFFBBFFFFFFBBFFFFFFBBFFFFFFBBFFFFFFBBFFFFFFBBFFFFFFBBFFFFFFBBFFFFFFBBFFFFFFBBFFFFFFBBFFFFFFBBFFFFFFBBFFFFFFBBFFFFFFB2FFFFFF22FFFFFF22FFFFFF22FFFFFF22FFFFFF22FFFFFF22FFFFFF22FFFFFF22FFFFFF22FFFFFF22FFFFFF22FFFFFF22FFFFFF22FFFFFF22FFFFFF22FFFFFF2
FFFFFFBB00000FFFFFF00000FFFFFFBBFFFFFFBBFFFFF000000FFFBBFFFFFFBBFFFFFFBB00000BBBBBB00000FFFFFFBBFFFFFFBB0000022222200000FFFFFFBBFFFFFF2200000FFFFFF00000FFFFFF22FFFFFF22FFFFF000000FFF22FFFFFF22FFFFFF2200000BBBBBB00000FFFFFF22FFFFFF220000022222200000FFFFFF22
FFFFFBBF000FFFFFFFFFF000FFFFFBBFFFFFFBBFFFF0000000000BBFFFFFFBBFFFFFFBBF000BBBBBBBBBB000FFFFFBBFFFFFFBBF0002222222222000FFFFFBBFFFFFF22F000FFFFFFFFFF000FFFFF22FFFFFF22FFFF000000000022FFFFFF22FFFFFF22F000BBBBBBBBBB000FFFFF22FFFFFF22F0002222222222000FFFFF22F
FFFFBBFF00FFFF0000FFFF00FFFFBBFFFFFFBBFFFF0000FFFF0000FFFFFFBBFFFFFFBBFF00BBBB0000BBBB00FFFFBBFFFFFFBBFF0022220000222200FFFFBBFFFFFF22FF00FFFF0000FFFF00FFFF22FFFFFF22FFFF0000FFFF0000FFFFFF22FFFFFF22FF00BBBB0000BBBB00FFFF22FFFFFF22FF0022220000222200FFFF22FF
FFFBBFFF0FFF00000000FFF0FFFBBFFFFFFBBFFFF000BFFFFFFB000FFFFBBFFFFFFBBFFF0BBB00000000BBB0FFFBBFFFFFFBBFFF0222000000002220FFFBBFFFFFF22FFF0FFF00000000FFF0FFF22FFFFFF22FFFF0002FFFFFF2000FFFF22FFFFFF22FFF0BBB00000000BBB0FFF22FFFFFF22FFF0222000000002220FFF22FFF
FFBBFFFF0FF0000000000FF0FFBBFFFFFFBBFFFFF00BFFFFFFBBF00FFFBBFFFFFFBBFFFF0BB0000000000BB0FFBBFFFFFFBBFFFF0220000000000220FFBBFFFFFF22FFFF0FF0000000000FF0FF22FFFFFF22FFFFF002FFFFFF22F00FFF22FFFFFF22FFFF0BB0000000000BB0FF22FFFFFF22FFFF0220000000000220FF22FFFF
FBBFFFFFFFF000FFFF000FFFFBBFFFFFFBBFFFFF000FFF0000BFF000FBBFFFFFFBBFFFFFBBB000BBBB000BBBFBBFFFFFFBBFFFFF2220002222000222FBBFFFFFF22FFFFFFFF000FFFF000FFFF22FFFFFF22FFFFF000FFF00002FF000F22FFFFFF22FFFFFBBB000BBBB000BBBF22FFFFFF22FFFFF2220002222000222F22FFFFF
BBFFFFFFFF000FFFFFF000FFBBFFFFFFBBFFFFFF00FFF000000FFF00BBFFFFFFBBFFFFFFBB000BBBBBB000BBBBFFFFFFBBFFFFFF2200022222200022BBFFFFFF22FFFFFFFF000FFFFFF000FF22FFFFFF22FFFFFF00FFF000000FFF0022FFFFFF22FFFFFFBB000BBBBBB000BB22FFFFFF22FFFFFF220002222220002222FFFFFF
BFFFFFFBFF000FFFFFF000FFBFFFFFFBBFFFFFFB00FFF000000FFF00BFFFFFFBBFFFFFFBBB000BBBBBB000BBBFFFFFFBBFFFFFFB2200022222200022BFFFFFFB2FFFFFF2FF000FFFFFF000FF2FFFFFF22FFFFFF200FFF000000FFF002FFFFFF22FFFFFF2BB000BBBBBB000BB2FFFFFF22FFFFFF222000222222000222FFFFFF2
FFFFFFBBFF000FFFFFF000FFFFFFFFBBFFFFFFBB00FFF000000FFF00FFFFFFBBFFFFFFBBBB000BBBBBB000BBFFFFFFBBFFFFFFBB2200022222200022FFFFFFBBFFFFFF22FF000FFFFFF000FFFFFFFF22FFFFFF2200FFF000000FFF00FFFFFF22FFFFFF22BB000BBBBBB000BBFFFFFF22FFFFFF222200022222200022FFFFFF22
FFFFFBBFFF000FFFFFF000FFFFFFFBBFFFFFFBBF00FFF000000FFB00FFFFFBBFFFFFFBBFBB000BBBBBB000BBFFFFFBBFFFFFFBBF2200022222200022FFFFFBBFFFFFF22FFF000FFFFFF000FFFFFFF22FFFFFF22F00FFF000000FF200FFFFF22FFFFFF22FBB000BBBBBB000BBFFFFF22FFFFFF22F2200022222200022FFFFF22F
FFFFBBFFFFF000FFFF000FFFFFFFBBFFFFFFBBFF000FBB0000FFB000FFFFBBFFFFFFBBFFBBB000BBBB000BBBFFFFBBFFFFFFBBFF2220002222000222FFFFBBFFFFFF22FFFFF000FFFF000FFFFFFF22FFFFFF22FF000F220000FF2000FFFF22FFFFFF22FFBBB000BBBB000BBBFFFF22FFFFFF22FF2220002222000222FFFF22FF
FFFBBFFF0FF0000000000FF0FFFBBFFFFFFBBFFFF00BBFFFFFFBB00FFFFBBFFFFFFBBFFF0BB0000000000BB0FFFBBFFFFFFBBFFF0220000000000220FFFBBFFFFFF22FFF0FF0000000000FF0FFF22FFFFFF22FFFF0022FFFFFF2200FFFF22FFFFFF22FFF0BB0000000000BB0FFF22FFFFFF22FFF0220000000000220FFF22FFF
FFBBFFFF0FFF00000000FFF0FFBBFFFFFFBBFFFFF000FFFFFFBB000FFFBBFFFFFFBBFFFF0BBB00000000BBB0FFBBFFFFFFBBFFFF0222000000002220FFBBFFFFFF22FFFF0FFF00000000FFF0FF22FFFFFF22FFFFF000FFFFFF22000FFF22FFFFFF22FFFF0BBB00000000BBB0FF22FFFFFF22FFFF0222000000002220FF22FFFF
FBBFFFFF00FFFF0000FFFF00FBBFFFFFFBBFFFFFFB0000FFFB0000FFFBBFFFFFFBBFFFFF00BBBB0000BBBB00FBBFFFFFFBBFFFFF0022220000222200FBBFFFFFF22FFFFF00FFFF0000FFFF00F22FFFFFF22FFFFFF20000FFF20000FFF22FFFFFF22FFFFF00BBBB0000BBBB00F22FFFFFF22FFFFF0022220000222200F22FFFFF
BBFFFFFF000FFFFFFFFFF000BBFFFFFFBBFFFFFFBBF0000000000FFFBBFFFFFFBBFFFFFF000BBBBBBBBBB000BBFFFFFFBBFFFFFF0002222222222000BBFFFFFF22FFFFFF000FFFFFFFFFF00022FFFFFF22FFFFFF22F0000000000FFF22FFFFFF22FFFFFF000BBBBBBBBBB00022FFFFFF22FFFFFF000222222222200022FFFFFF
BFFFFFFB00000FFFFFF00000BFFFFFFBBFFFFFFBBFFFF000000FFFFBBFFFFFFBBFFFFFFB00000BBBBBB00000BFFFFFFBBFFFFFFB0000022222200000BFFFFFFB2FFFFFF200000FFFFFF000002FFFFFF22FFFFFF22FFFF000000FFFF22FFFFFF22FFFFFF200000BBBBBB000002FFFFFF22FFFFFF200000222222000002FFFFFF2
FFFFFFBBFFFFFFBBFFFFFFBBFFFFFFBBFFFFFFBBFFFFFFBBFFFFFFBBFFFFFFBBFFFFFFBBFFFFFFBBFFFFFFBBFFFFFFBBFFFFFFBBFFFFFFBBFFFFFFBBFFFFFFBBFFFFFF22FFFFFF22FFFFFF22FFFFFF22FFFFFF22FFFFFF22FFFFFF22FFFFFF22FFFFFF22FFFFFF22FFFFFF22FFFFFF22FFFFFF22FFFFFF22FFFFFF22FFFFFF22
FFFFFBBFFFFFFBBFFFFFFBBFFFFFFBBFFFFFFBBFFFFFFBBFFFFFFBBFFFFFFBBFFFFFFBBFFFFFFBBFFFFFFBBFFFFFFBBFFFFFFBBFFFFFFBBFFFFFFBBFFFFFFBBFFFFFF22FFFFFF22FFFFFF22FFFFFF22FFFFFF22FFFFFF22FFFFFF22FFFFFF22FFFFFF22FFFFFF22FFFFFF22FFFFFF22FFFFFF22FFFFFF22FFFFFF22FFFFFF22F
FFFFBBFFFFFFBBFFFFFFBBFFFFFFBBFFFFFFBBFFFFFFBBFFFFFFBBFFFFFFBBFFFFFFBBFFFFFFBBFFFFFFBBFFFFFFBBFFFFFFBBFFFFFFBBFFFFFFBBFFFFFFBBFFFFFF22FFFFFF22FFFFFF22FFFFFF22FFFFFF22FFFFFF22FFFFFF22FFFFFF22FFFFFF22FFFFFF22FFFFFF22FFFFFF22FFFFFF22FFFFFF22FFFFFF22FFFFFF22FF
FFFBBFFFFFFBBFFFFFFBBFFFFFFBBFFFFFFBBFFFFFFBBFFFFFFBBFFFFFFBBFFFFFFBBFFFFFFBBFFFFFFBBFFFFFFBBFFFFFFBBFFFFFFBBFFFFFFBBFFFFFFBBFFFFFF22FFFFFF22FFFFFF22FFFFFF22FFFFFF22FFFFFF22FFFFFF22FFFFFF22FFFFFF22FFFFFF22FFFFFF22FFFFFF22FFFFFF22FFFFFF22FFFFFF22FFFFFF22FFF
FFBBFFFFBBBBBBBBFFBBFFFFFFBBFFFFFFBBFFFFBBBBBBBBFFBBFFFFFFBBFFFFFFBBFFFFBBBBBBBBFFBBFFFFFFBBFFFFFFBBFFFFBBBBBBBBFFBBFFFFFFBBFFFFFF22FFFFBBBBBBBBFF22FFFFFF22FFFFFF22FFFFBBBBBBBBFF22FFFFFF22FFFFFF22FFFFBBBBBBBBFF22FFFFFF22FFFFFF22FFFFBBBBBBBBFF22FFFFFF22FFFF
FBBFFFFFBBBB00BBFBBFFFFFFBBFFFFFFBBFFFFF0000000BFBBFFFFFFBBFFFFFFBBFFFFFB00000BBFBBFFFFFFBBFFFFFFBBFFFFFB00000BBFBBFFFFFFBBFFFFFF22FFFFFBBBB00BBF22FFFFFF22FFFFFF22FFFFF0000000BF22FFFFFF22FFFFFF22FFFFFB00000BBF22FFFFFF22FFFFFF22FFFFFB00000BBF22FFFFFF22FFFFF
BBFFFFFFBBB0B0BBBBFFFFFFBBFFFFFFBBFFFFFF0BBBBBBBBBFFFFFFBBFFFFFFBBFFFFFF0BBBBB0BBBFFFFFFBBFFFFFFBBFFFFFF0BBBBB0BBBFFFFFFBBFFFFFF22FFFFFFBBB0B0BB22FFFFFF22FFFFFF22FFFFFF0BBBBBBB22FFFFFF22FFFFFF22FFFFFF0BBBBB0B22FFFFFF22FFFFFF22FFFFFF0BBBBB0B22FFFFFF22FFFFFF
BFFFFFFBBB0BB0BBBFFFFFFBBFFFFFFBBFFFFFFB0BBBBBBBBFFFFFFBBFFFFFFBBFFFFFFB0BBBBBBBBFFFFFFBBFFFFFFBBFFFFFFBBBBBBB0BBFFFFFFBBFFFFFFB2FFFFFF2BB0BB0BB2FFFFFF22FFFFFF22FFFFFF20BBBBBBB2FFFFFF22FFFFFF22FFFFFF20BBBBBBB2FFFFFF22FFFFFF22FFFFFF2BBBBBB0B2FFFFFF22FFFFFF2
FFFFFFBBB0BBB0BBFFFFFFBBFFFFFFBBFFFFFFBBB00000BBFFFFFFBBFFFFFFBBFFFFFFBB000000BBFFFFFFBBFFFFFFBBFFFFFFBBBBB0000BFFFFFFBBFFFFFFBBFFFFFF22B0BBB0BBFFFFFF22FFFFFF22FFFFFF22B00000BBFFFFFF22FFFFFF22FFFFFF22000000BBFFFFFF22FFFFFF22FFFFFF22BBB0000BFFFFFF22FFFFFF22
FFFFFBBF0BBBB0BBFFFFFBBFFFFFFBBFFFFFFBBFBBBBBB0BFFFFFBBFFFFFFBBFFFFFFBBF0BBBBB0BFFFFFBBFFFFFFBBFFFFFFBBFBBBBBB0BFFFFFBBFFFFFFBBFFFFFF22F0BBBB0BBFFFFF22FFFFFF22FFFFFF22FBBBBBB0BFFFFF22FFFFFF22FFFFFF22F0BBBBB0BFFFFF22FFFFFF22FFFFFF22FBBBBBB0BFFFFF22FFFFFF22F
FFFFBBFF0000000BFFFFBBFFFFFFBBFFFFFFBBFF0BBBBB0BFFFFBBFFFFFFBBFFFFFFBBFF0BBBBB0BFFFFBBFFFFFFBBFFFFFFBBFFBBBBBB0BFFFFBBFFFFFFBBFFFFFF22FF0000000BFFFF22FFFFFF22FFFFFF22FF0BBBBB0BFFFF22FFFFFF22FFFFFF22FF0BBBBB0BFFFF22FFFFFF22FFFFFF22FFBBBBBB0BFFFF22FFFFFF22FF
FFFBBFFFBBBBB0BBFFFBBFFFFFFBBFFFFFFBBFFFB00000BBFFFBBFFFFFFBBFFFFFFBBFFFB00000BBFFFBBFFFFFFBBFFFFFFBBFFFBBBBBB0BFFFBBFFFFFFBBFFFFFF22FFFBBBBB0BBFFF22FFFFFF22FFFFFF22FFFB00000BBFFF22FFFFFF22FFFFFF22FFFB00000BBFFF22FFFFFF22FFFFFF22FFFBBBBBB0BFFF22FFFFFF22FFF
FFBBFFFFFFBBFFFFFFBBFFFFFFBBFFFFFFBBFFFFFFBBFFFFFFBBFFFFFFBBFFFFFFBBFFFFFFBBFFFFFFBBFFFFFFBBFFFFFFBBFFFFFFBBFFFFFFBBFFFFFFBBFFFFFF22FFFFFF22FFFFFF22FFFFFF22FFFFFF22FFFFFF22FFFFFF22FFFFFF22FFFFFF22FFFFFF22FFFFFF22FFFFFF22FFFFFF22FFFFFF22FFFFFF22FFFFFF22FFFF
FBBFFFFFFBBFFFFFFBBFFFFFFBBFFFFFFBBFFFFFFBBFFFFFFBBFFFFFFBBFFFFFFBBFFFFFFBBFFFFFFBBFFFFFFBBFFFFFFBBFFFFFFBBFFFFFFBBFFFFFFBBFFFFFF22FFFFFF22FFFFFF22FFFFFF22FFFFFF22FFFFFF22FFFFFF22FFFFFF22FFFFFF22FFFFFF22FFFFFF22FFFFFF22FFFFFF22FFFFFF22FFFFFF22FFFFFF22FFFFF
BBFFFFFFBBFFFFFFBBFFFFFFBBFFFFFFBBFFFFFFBBFFFFFFBBFFFFFFBBFFFFFFBBFFFFFFBBFFFFFFBBFFFFFFBBFFFFFFBBFFFFFFBBFFFFFFBBFFFFFFBBFFFFFF22FFFFFF22FFFFFF22FFFFFF22FFFFFF22FFFFFF22FFFFFF22FFFFFF22FFFFFF22FFFFFF22FFFFFF22FFFFFF22FFFFFF22FFFFFF22FFFFFF22FFFFFF22FFFFFF
BFFFFFFBBFFFFFFBBFFFFFFBBFFFFFFBBFFFFFFBBFFFFFFBBFFFFFFBBFFFFFFBBFFFFFFBBFFFFFFBBFFFFFFBBFFFFFFBBFFFFFFBBFFFFFFBBFFFFFFBBFFFFFFB2FFFFFF22FFFFFF22FFFFFF22FFFFFF22FFFFFF22FFFFFF22FFFFFF22FFFFFF22FFFFFF22FFFFFF22FFFFFF22FFFFFF22FFFFFF22FFFFFF22FFFFFF22FFFFFF2
FFFFFFBBBBBBBFFFFFFBBBBBFFFFFFBBFFFFFFBBBBBBB000000BBBBBFFFFFFBBFFFFFFBBFFFFFBBBBBBFFFBBFFFFFFBBFFFFFFBBBBBBB222222BBBBBFFFFFFBBFFFFFF22BBBBBFFFFFFBBBBBFFFFFF22FFFFFF22BBBBB000000BBBBBFFFFFF22FFFFFF22FFFFFBBBBBBFFF22FFFFFF22FFFFFF22BBBBB222222BBBBBFFFFFF22
FFFFFBBFBBBFFFFFFFFFFBBBFFFFFBBFFFFFFBBFBBB0000000000BBBFFFFFBBFFFFFFBBFFFFBBBBBBBBBBBBFFFFFFBBFFFFFFBBFBBB2222222222BBBFFFFFBBFFFFFF22FBBBFFFFFFFFFFBBBFFFFF22FFFFFF22FBBB0000000000BBBFFFFF22FFFFFF22FFFFBBBBBBBBBB22FFFFFF22FFFFFF22FBBB2222222222BBBFFFFF22F
FFFFBBFFBBFFFFBBBBFFFFBBFFFFBBFFFFFFBBFFBB0000BBBB0000BBFFFFBBFFFFFFBBFFFFBBBBFFFFBBBBFFFFFFBBFFFFFFBBFFBB2222BBBB2222BBFFFFBBFFFFFF22FFBBFFFFBBBBFFFFBBFFFF22FFFFFF22FFBB0000BBBB0000BBFFFF22FFFFFF22FFFFBBBBFFFFBBBBFFFFFF22FFFFFF22FFBB2222BBBB2222BBFFFF22FF
FFFBBFFFBFFFBBBBBBBBFFFBFFFBBFFFFFFBBFFFB000BBBBBBBB000BFFFBBFFFFFFBBFFFFBBBBFFFFFFBBBBFFFFBBFFFFFFBBFFFB222BBBBBBBB222BFFFBBFFFFFF22FFFBFFFBBBBBBBBFFFBFFF22FFFFFF22FFFB000BBBBBBBB000BFFF22FFFFFF22FFFFBBB2FFFFFF2BBBFFFF22FFFFFF22FFFB222BBBBBBBB222BFFF22FFF
FFBBFFFFBFFBBBBBBBBBBFFBFFBBFFFFFFBBFFFFB00BBBBBBBBBB00BFFBBFFFFFFBBFFFFFBBBFFFFFFBBFBBFFFBBFFFFFFBBFFFFB22BBBBBBBBBB22BFFBBFFFFFF22FFFFBFFBBBBBBBBBBFFBFF22FFFFFF22FFFFB00BBBBBBBBBB00BFF22FFFFFF22FFFFFBB2FFFFFF22FBBFFF22FFFFFF22FFFFB22BBBBBBBBBB22BFF22FFFF
FBBFFFFFFFFBBBFFFFBBBFFFFBBFFFFFFBBFFFFF000BBB0000BBB000FBBFFFFFFBBFFFFFBBBFFFBBBBBFFBBBFBBFFFFFFBBFFFFF222BBB2222BBB222FBBFFFFFF22FFFFFFFFBBBFFFFBBBFFFF22FFFFFF22FFFFF000BBB0000BBB000F22FFFFFF22FFFFFBBBFFFBBBB2FFBBBF22FFFFFF22FFFFF222BBB2222BBB222F22FFFFF
BBFFFFFFFFBBBFFFFFFBBBFFBBFFFFFFBBFFFFFF00BBB000000BBB00BBFFFFFFBBFFFFFFBBFFFBBBBBBFFFBBBBFFFFFFBBFFFFFF22BBB222222BBB22BBFFFFFF22FFFFFFFFBBBFFFFFFBBBFF22FFFFFF22FFFFFF00BBB000000BBB0022FFFFFF22FFFFFFBBFFFBBBBBBFFFBB22FFFFFF22FFFFFF22BBB222222BBB2222FFFFFF
BFFFFFFBFFBBBFFFFFFBBBFFBFFFFFFBBFFFFFFB00BBB000000BBB00BFFFFFFBBFFFFFFBBBFFFBBBBBBFFFBBBFFFFFFBBFFFFFFB22BBB222222BBB22BFFFFFFB2FFFFFF2FFBBBFFFFFFBBBFF2FFFFFF22FFFFFF200BBB000000BBB002FFFFFF22FFFFFF2BBFFFBBBBBBFFFBB2FFFFFF22FFFFFF222BBB222222BBB222FFFFFF2
FFFFFFBBFFBBBFFFFFFBBBFFFFFFFFBBFFFFFFBB00BBB000000BBB00FFFFFFBBFFFFFFBBBBFFFBBBBBBFFFBBFFFFFFBBFFFFFFBB22BBB222222BBB22FFFFFFBBFFFFFF22FFBBBFFFFFFBBBFFFFFFFF22FFFFFF2200BBB000000BBB00FFFFFF22FFFFFF22BBFFFBBBBBBFFFBBFFFFFF22FFFFFF2222BBB222222BBB22FFFFFF22
FFFFFBBFFFBBBFFFFFFBBBFFFFFFFBBFFFFFFBBF00BBB000000BBB00FFFFFBBFFFFFFBBFBBFFFBBBBBBFFBBBFFFFFBBFFFFFFBBF22BBB222222BBB22FFFFFBBFFFFFF22FFFBBBFFFFFFBBBFFFFFFF22FFFFFF22F00BBB000000BBB00FFFFF22FFFFFF22FBBFFFBBBBBBFF2BBFFFFF22FFFFFF22F22BBB222222BBB22FFFFF22F
FFFFBBFFFFFBBBFFFFBBBFFFFFFFBBFFFFFFBBFF000BBB0000BBB000FFFFBBFFFFFFBBFFBBBFBBBBBBFFBBBBFFFFBBFFFFFFBBFF222BBB2222BBB222FFFFBBFFFFFF22FFFFFBBBFFFFBBBFFFFFFF22FFFFFF22FF000BBB0000BBB000FFFF22FFFFFF22FFBBBF22BBBBFF2BBBFFFF22FFFFFF22FF222BBB2222BBB222FFFF22FF
FFFBBFFFBFFBBBBBBBBBBFFBFFFBBFFFFFFBBFFFB00BBBBBBBBBB00BFFFBBFFFFFFBBFFFFBBBBFFFFFFBBBBFFFFBBFFFFFFBBFFFB22BBBBBBBBBB22BFFFBBFFFFFF22FFFBFFBBBBBBBBBBFFBFFF22FFFFFF22FFFB00BBBBBBBBBB00BFFF22FFFFFF22FFFFBB22FFFFFF22BBFFFF22FFFFFF22FFFB22BBBBBBBBBB22BFFF22FFF
FFBBFFFFBFFFBBBBBBBBFFFBFFBBFFFFFFBBFFFFB000BBBBBBBB000BFFBBFFFFFFBBFFFFFBBBFFFFFFBBBBBFFFBBFFFFFFBBFFFFB222BBBBBBBB222BFFBBFFFFFF22FFFFBFFFBBBBBBBBFFFBFF22FFFFFF22FFFFB000BBBBBBBB000BFF22FFFFFF22FFFFFBBBFFFFFF22BBBFFF22FFFFFF22FFFFB222BBBBBBBB222BFF22FFFF
FBBFFFFFBBFFFFBBBBFFFFBBFBBFFFFFFBBFFFFFBB0000BBBB0000BBFBBFFFFFFBBFFFFFFBBBBBFFFBBBBBFFFBBFFFFFFBBFFFFFBB2222BBBB2222BBFBBFFFFFF22FFFFFBBFFFFBBBBFFFFBBF22FFFFFF22FFFFFBB0000BBBB0000BBF22FFFFFF22FFFFFF2BBBBFFF2BBBBFFF22FFFFFF22FFFFFBB2222BBBB2222BBF22FFFFF
BBFFFFFFBBBFFFFFFFFFFBBBBBFFFFFFBBFFFFFFBBB0000000000BBBBBFFFFFFBBFFFFFFBBFBBBBBBBBBBFFFBBFFFFFFBBFFFFFFBBB2222222222BBBBBFFFFFF22FFFFFFBBBFFFFFFFFFFBBB22FFFFFF22FFFFFFBBB0000000000BBB22FFFFFF22FFFFFF22FBBBBBBBBBBFFF22FFFFFF22FFFFFFBBB2222222222BBB22FFFFFF
BFFFFFFBBBBBBFFFFFFBBBBBBFFFFFFBBFFFFFFBBBBBB000000BBBBBBFFFFFFBBFFFFFFBBFFFFBBBBBBFFFFBBFFFFFFBBFFFFFFBBBBBB222222BBBBBBFFFFFFB2FFFFFF2BBBBBFFFFFFBBBBB2FFFFFF22FFFFFF2BBBBB000000BBBBB2FFFFFF22FFFFFF22FFFFBBBBBBFFFF22FFFFFF22FFFFFF2BBBBB222222BBBBB2FFFFFF2
FFFFFFBBFFFFFFBBFFFFFFBBFFFFFFBBFFFFFFBBFFFFFFBBFFFFFFBBFFFFFFBBFFFFFFBBFFFFFFBBFFFFFFBBFFFFFFBBFFFFFFBBFFFFFFBBFFFFFFBBFFFFFFBBFFFFFF22FFFFFF22FFFFFF22FFFFFF22FFFFFF22FFFFFF22FFFFFF22FFFFFF22FFFFFF22FFFFFF22FFFFFF22FFFFFF22FFFFFF22FFFFFF22FFFFFF22FFFFFF22
FFFFFBBFFFFFFBBFFFFFFBBFFFFFFBBFFFFFFBBFFFFFFBBFFFFFFBBFFFFFFBBFFFFFFBBFFFFFFBBFFFFFFBBFFFFFFBBFFFFFFBBFFFFFFBBFFFFFFBBFFFFFFBBFFFFFF22FFFFFF22FFFFFF22FFFFFF22FFFFFF22FFFFFF22FFFFFF22FFFFFF22FFFFFF22FFFFFF22FFFFFF22FFFFFF22FFFFFF22FFFFFF22FFFFFF22FFFFFF22F
FFFFBBFFFFFFBBFFFFFFBBFFFFFFBBFFFFFFBBFFFFFFBBFFFFFFBBFFFFFFBBFFFFFFBBFFFFFFBBFFFFFFBBFFFFFFBBFFFFFFBBFFFFFFBBFFFFFFBBFFFFFFBBFFFFFF22FFFFFF22FFFFFF22FFFFFF22FFFFFF22FFFFFF22FFFFFF22FFFFFF22FFFFFF22FFFFFF22FFFFFF22FFFFFF22FFFFFF22FFFFFF22FFFFFF22FFFFFF22FF
FFFBBFFFFFFBBFFFFFFBBFFFFFFBBFFFFFFBBFFFFFFBBFFFFFFBBFFFFFFBBFFFFFFBBFFFFFFBBFFFFFFBBFFFFFFBBFFFFFFBBFFFFFFBBFFFFFFBBFFFFFFBBFFFFFF22FFFFFF22FFFFFF22FFFFFF22FFFFFF22FFFFFF22FFFFFF22FFFFFF22FFFFFF22FFFFFF22FFFFFF22FFFFFF22FFFFFF22FFFFFF22FFFFFF22FFFFFF22FFF
FFBBFFFFBBBBBBBBFFBBFFFFFFBBFFFFFFBBFFFFBBBBBBBBFFBBFFFFFFBBFFFFFFBBFFFFBBBBBBBBFFBBFFFFFFBBFFFFFFBBFFFFBBBBBBBBFFBBFFFFFFBBFFFFFF22FFFFBBBBBBBBFF22FFFFFF22FFFFFF22FFFFBBBBBBBBFF22FFFFFF22FFFFFF22FFFFBBBBBBBBFF22FFFFFF22FFFFFF22FFFFBBBBBBBBFF22FFFFFF22FFFF
FBBFFFFFB00000BBFBBFFFFFFBBFFFFFFBBFFFFFB00000BBFBBFFFFFFBBFFFFFFBBFFFFFB00000BBFBBFFFFFFBBFFFFFFBBFFFFF000000BBFBBFFFFFFBBFFFFFF22FFFFFB00000BBF22FFFFFF22FFFFFF22FFFFFB00000BBF22FFFFFF22FFFFFF22FFFFFB00000BBF22FFFFFF22FFFFFF22FFFFF000000BBF22FFFFFF22FFFFF
BBFFFFFF0BBBBB0BBBFFFFFFBBFFFFFFBBFFFFFF0BBBBB0BBBFFFFFFBBFFFFFFBBFFFFFF0BBBBB0BBBFFFFFFBBFFFFFFBBFFFFFF0BBBBB0BBBFFFFFFBBFFFFFF22FFFFFF0BBBBB0B22FFFFFF22FFFFFF22FFFFFF0BBBBB0B22FFFFFF22FFFFFF22FFFFFF0BBBBB0B22FFFFFF22FFFFFF22FFFFFF0BBBBB0B22FFFFFF22FFFFFF
BFFFFFFB0BBBBB0BBFFFFFFBBFFFFFFBBFFFFFFB0BBBBB0BBFFFFFFBBFFFFFFBBFFFFFFBBBBBBB0BBFFFFFFBBFFFFFFBBFFFFFFB0BBBBB0BBFFFFFFBBFFFFFFB2FFFFFF20BBBBB0B2FFFFFF22FFFFFF22FFFFFF20BBBBB0B2FFFFFF22FFFFFF22FFFFFF2BBBBBB0B2FFFFFF22FFFFFF22FFFFFF20BBBBB0B2FFFFFF22FFFFFF2
FFFFFFBBB00000BBFFFFFFBBFFFFFFBBFFFFFFBBB000000BFFFFFFBBFFFFFFBBFFFFFFBBB000000BFFFFFFBBFFFFFFBBFFFFFFBB000000BBFFFFFFBBFFFFFFBBFFFFFF22B00000BBFFFFFF22FFFFFF22FFFFFF22B000000BFFFFFF22FFFFFF22FFFFFF22B000000BFFFFFF22FFFFFF22FFFFFF22000000BBFFFFFF22FFFFFF22
FFFFFBBF0BBBBB0BFFFFFBBFFFFFFBBFFFFFFBBFBBBBBB0BFFFFFBBFFFFFFBBFFFFFFBBF0BBBBB0BFFFFFBBFFFFFFBBFFFFFFBBF0BBBBB0BFFFFFBBFFFFFFBBFFFFFF22F0BBBBB0BFFFFF22FFFFFF22FFFFFF22FBBBBBB0BFFFFF22FFFFFF22FFFFFF22F0BBBBB0BFFFFF22FFFFFF22FFFFFF22F0BBBBB0BFFFFF22FFFFFF22F
FFFFBBFF0BBBBB0BFFFFBBFFFFFFBBFFFFFFBBFF0BBBBB0BFFFFBBFFFFFFBBFFFFFFBBFF0BBBBB0BFFFFBBFFFFFFBBFFFFFFBBFF0BBBBB0BFFFFBBFFFFFFBBFFFFFF22FF0BBBBB0BFFFF22FFFFFF22FFFFFF22FF0BBBBB0BFFFF22FFFFFF22FFFFFF22FF0BBBBB0BFFFF22FFFFFF22FFFFFF22FF0BBBBB0BFFFF22FFFFFF22FF
FFFBBFFFB00000BBFFFBBFFFFFFBBFFFFFFBBFFFB00000BBFFFBBFFFFFFBBFFFFFFBBFFFB000000BFFFBBFFFFFFBBFFFFFFBBFFF000000BBFFFBBFFFFFFBBFFFFFF22FFFB00000BBFFF22FFFFFF22FFFFFF22FFFB00000BBFFF22FFFFFF22FFFFFF22FFFB000000BFFF22FFFFFF22FFFFFF22FFF000000BBFFF22FFFFFF22FFF
FFBBFFFFFFBBFFFFFFBBFFFFFFBBFFFFFFBBFFFFFFBBFFFFFFBBFFFFFFBBFFFFFFBBFFFFFFBBFFFFFFBBFFFFFFBBFFFFFFBBFFFFFFBBFFFFFFBBFFFFFFBBFFFFFF22FFFFFF22FFFFFF22FFFFFF22FFFFFF22FFFFFF22FFFFFF22FFFFFF22FFFFFF22FFFFFF22FFFFFF22FFFFFF22FFFFFF22FFFFFF22FFFFFF22FFFFFF22FFFF
FBBFFFFFFBBFFFFFFBBFFFFFFBBFFFFFFBBFFFFFFBBFFFFFFBBFFFFFFBBFFFFFFBBFFFFFFBBFFFFFFBBFFFFFFBBFFFFFFBBFFFFFFBBFFFFFFBBFFFFFFBBFFFFFF22FFFFFF22FFFFFF22FFFFFF22FFFFFF22FFFFFF22FFFFFF22FFFFFF22FFFFFF22FFFFFF22FFFFFF22FFFFFF22FFFFFF22FFFFFF22FFFFFF22FFFFFF22FFFFF
BBFFFFFFBBFFFFFFBBFFFFFFBBFFFFFFBBFFFFFFBBFFFFFFBBFFFFFFBBFFFFFFBBFFFFFFBBFFFFFFBBFFFFFFBBFFFFFFBBFFFFFFBBFFFFFFBBFFFFFFBBFFFFFF22FFFFFF22FFFFFF22FFFFFF22FFFFFF22FFFFFF22FFFFFF22FFFFFF22FFFFFF22FFFFFF22FFFFFF22FFFFFF22FFFFFF22FFFFFF22FFFFFF22FFFFFF22FFFFFF
BFFFFFFBBFFFFFFBBFFFFFFBBFFFFFFBBFFFFFFBBFFFFFFBBFFFFFFBBFFFFFFBBFFFFFFBBFFFFFFBBFFFFFFBBFFFFFFBBFFFFFFBBFFFFFFBBFFFFFFBBFFFFFFB2FFFFFF22FFFFFF22FFFFFF22FFFFFF22FFFFFF22FFFFFF22FFFFFF22FFFFFF22FFFFFF22FFFFFF22FFFFFF22FFFFFF22FFFFFF22FFFFFF22FFFFFF22FFFFFF2
FFFFFFBB22222FFFFFF22222FFFFFFBBFFFFFFBB2222200000022222FFFFFFBBFFFFFFBB22222BBBBBB22222FFFFFFBBFFFFFFBBFFFFF222222FFFBBFFFFFFBBFFFFFF2222222FFFFFF22222FFFFFF22FFFFFF222222200000022222FFFFFF22FFFFFF2222222BBBBBB22222FFFFFF22FFFFFF22FFFFF222222FFF22FFFFFF22
FFFFFBBF222FFFFFFFFFF222FFFFFBBFFFFFFBBF2220000000000222FFFFFBBFFFFFFBBF222BBBBBBBBBB222FFFFFBBFFFFFFBBFFFF2222222222BBFFFFFFBBFFFFFF22F222FFFFFFFFFF222FFFFF22FFFFFF22F2220000000000222FFFFF22FFFFFF22F222BBBBBBBBBB222FFFFF22FFFFFF22FFFF222222222222FFFFFF22F
FFFFBBFF22FFFF2222FFFF22FFFFBBFFFFFFBBFF2200002222000022FFFFBBFFFFFFBBFF22BBBB2222BBBB22FFFFBBFFFFFFBBFFFF2222FFFF2222FFFFFFBBFFFFFF22FF22FFFF2222FFFF22FFFF22FFFFFF22FF2200002222000022FFFF22FFFFFF22FF22BBBB2222BBBB22FFFF22FFFFFF22FFFF2222FFFF2222FFFFFF22FF
FFFBBFFF2FFF22222222FFF2FFFBBFFFFFFBBFFF2000222222220002FFFBBFFFFFFBBFFF2BBB22222222BBB2FFFBBFFFFFFBBFFFF222BFFFFFFB222FFFFBBFFFFFF22FFF2FFF22222222FFF2FFF22FFFFFF22FFF2000222222220002FFF22FFFFFF22FFF2BBB22222222BBB2FFF22FFFFFF22FFFF2222FFFFFF2222FFFF22FFF
FFBBFFFF2FF2222222222FF2FFBBFFFFFFBBFFFF2002222222222002FFBBFFFFFFBBFFFF2BB2222222222BB2FFBBFFFFFFBBFFFFF22BFFFFFFBBF22FFFBBFFFFFF22FFFF2FF2222222222FF2FF22FFFFFF22FFFF2002222222222002FF22FFFFFF22FFFF2BB2222222222BB2FF22FFFFFF22FFFFF222FFFFFF22F22FFF22FFFF
FBBFFFFFFFF222FFFF222FFFFBBFFFFFFBBFFFFF0002220000222000FBBFFFFFFBBFFFFFBBB222BBBB222BBBFBBFFFFFFBBFFFFF222FFF2222BFF222FBBFFFFFF22FFFFFFFF222FFFF222FFFF22FFFFFF22FFFFF0002220000222000F22FFFFFF22FFFFFBBB222BBBB222BBBF22FFFFFF22FFFFF222FFF22222FF222F22FFFFF
BBFFFFFFFF222FFFFFF222FFBBFFFFFFBBFFFFFF0022200000022200BBFFFFFFBBFFFFFFBB222BBBBBB222BBBBFFFFFFBBFFFFFF22FFF222222FFF22BBFFFFFF22FFFFFFFF222FFFFFF222FF22FFFFFF22FFFFFF002220000002220022FFFFFF22FFFFFFBB222BBBBBB222BB22FFFFFF22FFFFFF22FFF222222FFF2222FFFFFF
BFFFFFFBFF222FFFFFF222FFBFFFFFFBBFFFFFFB0022200000022200BFFFFFFBBFFFFFFBBB222BBBBBB222BBBFFFFFFBBFFFFFFB22FFF222222FFF22BFFFFFFB2FFFFFF2FF222FFFFFF222FF2FFFFFF22FFFFFF200222000000222002FFFFFF22FFFFFF2BB222BBBBBB222BB2FFFFFF22FFFFFF222FFF222222FFF222FFFFFF2
FFFFFFBBFF222FFFFFF222FFFFFFFFBBFFFFFFBB0022200000022200FFFFFFBBFFFFFFBBBB222BBBBBB222BBFFFFFFBBFFFFFFBB22FFF222222FFF22FFFFFFBBFFFFFF22FF222FFFFFF222FFFFFFFF22FFFFFF220022200000022200FFFFFF22FFFFFF22BB222BBBBBB222BBFFFFFF22FFFFFF2222FFF222222FFF22FFFFFF22
FFFFFBBFFF222FFFFFF222FFFFFFFBBFFFFFFBBF0022200000022200FFFFFBBFFFFFFBBFBB222BBBBBB222BBFFFFFBBFFFFFFBBF22FFF222222FFB22FFFFFBBFFFFFF22FFF222FFFFFF222FFFFFFF22FFFFFF22F0022200000022200FFFFF22FFFFFF22FBB222BBBBBB222BBFFFFF22FFFFFF22F22FFF222222FF222FFFFF22F
FFFFBBFFFFF222FFFF222FFFFFFFBBFFFFFFBBFF0002220000222000FFFFBBFFFFFFBBFFBBB222BBBB222BBBFFFFBBFFFFFFBBFF222FBB2222FFB222FFFFBBFFFFFF22FFFFF222FFFF222FFFFFFF22FFFFFF22FF0002220000222000FFFF22FFFFFF22FFBBB222BBBB222BBBFFFF22FFFFFF22FF222F222222FF2222FFFF22FF
FFFBBFFF2FF2222222222FF2FFFBBFFFFFFBBFFF2002222222222002FFFBBFFFFFFBBFFF2BB2222222222BB2FFFBBFFFFFFBBFFFF22BBFFFFFFBB22FFFFBBFFFFFF22FFF2FF2222222222FF2FFF22FFFFFF22FFF2002222222222002FFF22FFFFFF22FFF2BB2222222222BB2FFF22FFFFFF22FFFF2222FFFFFF2222FFFF22FFF
FFBBFFFF2FFF22222222FFF2FFBBFFFFFFBBFFFF2000222222220002FFBBFFFFFFBBFFFF2BBB22222222BBB2FFBBFFFFFFBBFFFFF222FFFFFFBB222FFFBBFFFFFF22FFFF2FFF22222222FFF2FF22FFFFFF22FFFF2000222222220002FF22FFFFFF22FFFF2BBB22222222BBB2FF22FFFFFF22FFFFF222FFFFFF22222FFF22FFFF
FBBFFFFF22FFFF2222FFFF22FBBFFFFFFBBFFFFF2200002222000022FBBFFFFFFBBFFFFF22BBBB2222BBBB22FBBFFFFFFBBFFFFFFB2222FFFB2222FFFBBFFFFFF22FFFFF22FFFF2222FFFF22F22FFFFFF22FFFFF2200002222000022F22FFFFFF22FFFFF22BBBB2222BBBB22F22FFFFFF22FFFFFF22222FFF22222FFF22FFFFF
BBFFFFFF222FFFFFFFFFF222BBFFFFFFBBFFFFFF2220000000000222BBFFFFFFBBFFFFFF222BBBBBBBBBB222BBFFFFFFBBFFFFFFBBF2222222222FFFBBFFFFFF22FFFFFF222FFFFFFFFFF22222FFFFFF22FFFFFF222000000000022222FFFFFF22FFFFFF222BBBBBBBBBB22222FFFFFF22FFFFFF22F2222222222FFF22FFFFFF
BFFFFFFB22222FFFFFF22222BFFFFFFBBFFFFFFB2222200000022222BFFFFFFBBFFFFFFB22222BBBBBB22222BFFFFFFBBFFFFFFBBFFFF222222FFFFBBFFFFFFB2FFFFFF222222FFFFFF222222FFFFFF22FFFFFF222222000000222222FFFFFF22FFFFFF222222BBBBBB222222FFFFFF22FFFFFF22FFFF222222FFFF22FFFFFF2
FFFFFFBBFFFFFFBBFFFFFFBBFFFFFFBBFFFFFFBBFFFFFFBBFFFFFFBBFFFFFFBBFFFFFFBBFFFFFFBBFFFFFFBBFFFFFFBBFFFFFFBBFFFFFFBBFFFFFFBBFFFFFFBBFFFFFF22FFFFFF22FFFFFF22FFFFFF22FFFFFF22FFFFFF22FFFFFF22FFFFFF22FFFFFF22FFFFFF22FFFFFF22FFFFFF22FFFFFF22FFFFFF22FFFFFF22FFFFFF22
FFFFFBBFFFFFFBBFFFFFFBBFFFFFFBBFFFFFFBBFFFFFFBBFFFFFFBBFFFFFFBBFFFFFFBBFFFFFFBBFFFFFFBBFFFFFFBBFFFFFFBBFFFFFFBBFFFFFFBBFFFFFFBBFFFFFF22FFFFFF22FFFFFF22FFFFFF22FFFFFF22FFFFFF22FFFFFF22FFFFFF22FFFFFF22FFFFFF22FFFFFF22FFFFFF22FFFFFF22FFFFFF22FFFFFF22FFFFFF22F
FFFFBBFFFFFFBBFFFFFFBBFFFFFFBBFFFFFFBBFFFFFFBBFFFFFFBBFFFFFFBBFFFFFFBBFFFFFFBBFFFFFFBBFFFFFFBBFFFFFFBBFFFFFFBBFFFFFFBBFFFFFFBBFFFFFF22FFFFFF22FFFFFF22FFFFFF22FFFFFF22FFFFFF22FFFFFF22FFFFFF22FFFFFF22FFFFFF22FFFFFF22FFFFFF22FFFFFF22FFFFFF22FFFFFF22FFFFFF22FF
FFFBBFFFFFFBBFFFFFFBBFFFFFFBBFFFFFFBBFFFFFFBBFFFFFFBBFFFFFFBBFFFFFFBBFFFFFFBBFFFFFFBBFFFFFFBBFFFFFFBBFFFFFFBBFFFFFFBBFFFFFFBBFFFFFF22FFFFFF22FFFFFF22FFFFFF22FFFFFF22FFFFFF22FFFFFF22FFFFFF22FFFFFF22FFFFFF22FFFFFF22FFFFFF22FFFFFF22FFFFFF22FFFFFF22FFFFFF22FFF
FFBBFFFFBBBBBBBBFFBBFFFFFFBBFFFFFFBBFFFFBBBBBBBBFFBBFFFFFFBBFFFFFFBBFFFFBBBBBBBBFFBBFFFFFFBBFFFFFFBBFFFFBBBBBBBBFFBBFFFFFFBBFFFFFF22FFFFBBBBBBBBFF22FFFFFF22FFFFFF22FFFFBBBBBBBBFF22FFFFFF22FFFFFF22FFFFBBBBBBBBFF22FFFFFF22FFFFFF22FFFFBBBBBBBBFF22FFFFFF22FFFF
FBBFFFFFB00000BBFBBFFFFFFBBFFFFFFBBFFFFF000000BBFBBFFFFFFBBFFFFFFBBFFFFFB00000BBFBBFFFFFFBBFFFFFFBBFFFFFB00000BBFBBFFFFFFBBFFFFFF22FFFFFB00000BBF22FFFFFF22FFFFFF22FFFFF000000BBF22FFFFFF22FFFFFF22FFFFFB00000BBF22FFFFFF22FFFFFF22FFFFFB00000BBF22FFFFFF22FFFFF
BBFFFFFF0BBBBB0BBBFFFFFFBBFFFFFFBBFFFFFF0BBBBB0BBBFFFFFFBBFFFFFFBBFFFFFF0BBBBB0BBBFFFFFFBBFFFFFFBBFFFFFF0BBBBB0BBBFFFFFFBBFFFFFF22FFFFFF0BBBBB0B22FFFFFF22FFFFFF22FFFFFF0BBBBB0B22FFFFFF22FFFFFF22FFFFFF0BBBBB0B22FFFFFF22FFFFFF22FFFFFF0BBBBB0B22FFFFFF22FFFFFF
BFFFFFFB0BBBBBBBBFFFFFFBBFFFFFFBBFFFFFFB0BBBBB0BBFFFFFFBBFFFFFFBBFFFFFFB0BBBBBBBBFFFFFFBBFFFFFFBBFFFFFFB0BBBBBBBBFFFFFFBBFFFFFFB2FFFFFF20BBBBBBB2FFFFFF22FFFFFF22FFFFFF20BBBBB0B2FFFFFF22FFFFFF22FFFFFF20BBBBBBB2FFFFFF22FFFFFF22FFFFFF20BBBBBBB2FFFFFF22FFFFFF2
FFFFFFBB0BBBBBBBFFFFFFBBFFFFFFBBFFFFFFBB0BBBBB0BFFFFFFBBFFFFFFBBFFFFFFBB0000BBBBFFFFFFBBFFFFFFBBFFFFFFBB0000BBBBFFFFFFBBFFFFFFBBFFFFFF220BBBBBBBFFFFFF22FFFFFF22FFFFFF220BBBBB0BFFFFFF22FFFFFF22FFFFFF220000BBBBFFFFFF22FFFFFF22FFFFFF220000BBBBFFFFFF22FFFFFF22
FFFFFBBF0BBBBBBBFFFFFBBFFFFFFBBFFFFFFBBF0BBBBB0BFFFFFBBFFFFFFBBFFFFFFBBF0BBBBBBBFFFFFBBFFFFFFBBFFFFFFBBF0BBBBBBBFFFFFBBFFFFFFBBFFFFFF22F0BBBBBBBFFFFF22FFFFFF22FFFFFF22F0BBBBB0BFFFFF22FFFFFF22FFFFFF22F0BBBBBBBFFFFF22FFFFFF22FFFFFF22F0BBBBBBBFFFFF22FFFFFF22F
FFFFBBFF0BBBBB0BFFFFBBFFFFFFBBFFFFFFBBFF0BBBBB0BFFFFBBFFFFFFBBFFFFFFBBFF0BBBBB0BFFFFBBFFFFFFBBFFFFFFBBFF0BBBBBBBFFFFBBFFFFFFBBFFFFFF22FF0BBBBB0BFFFF22FFFFFF22FFFFFF22FF0BBBBB0BFFFF22FFFFFF22FFFFFF22FF0BBBBB0BFFFF22FFFFFF22FFFFFF22FF0BBBBBBBFFFF22FFFFFF22FF
FFFBBFFFB00000BBFFFBBFFFFFFBBFFFFFFBBFFF000000BBFFFBBFFFFFFBBFFFFFFBBFFFB00000BBFFFBBFFFFFFBBFFFFFFBBFFF0BBBBBBBFFFBBFFFFFFBBFFFFFF22FFFB00000BBFFF22FFFFFF22FFFFFF22FFF000000BBFFF22FFFFFF22FFFFFF22FFFB00000BBFFF22FFFFFF22FFFFFF22FFF0BBBBBBBFFF22FFFFFF22FFF
FFBBFFFFFFBBFFFFFFBBFFFFFFBBFFFFFFBBFFFFFFBBFFFFFFBBFFFFFFBBFFFFFFBBFFFFFFBBFFFFFFBBFFFFFFBBFFFFFFBBFFFFFFBBFFFFFFBBFFFFFFBBFFFFFF22FFFFFF22FFFFFF22FFFFFF22FFFFFF22FFFFFF22FFFFFF22FFFFFF22FFFFFF22FFFFFF22FFFFFF22FFFFFF22FFFFFF22FFFFFF22FFFFFF22FFFFFF22FFFF
FBBFFFFFFBBFFFFFFBBFFFFFFBBFFFFFFBBFFFFFFBBFFFFFFBBFFFFFFBBFFFFFFBBFFFFFFBBFFFFFFBBFFFFFFBBFFFFFFBBFFFFFFBBFFFFFFBBFFFFFFBBFFFFFF22FFFFFF22FFFFFF22FFFFFF22FFFFFF22FFFFFF22FFFFFF22FFFFFF22FFFFFF22FFFFFF22FFFFFF22FFFFFF22FFFFFF22FFFFFF22FFFFFF22FFFFFF22FFFFF
BBFFFFFFBBFFFFFFBBFFFFFFBBFFFFFFBBFFFFFFBBFFFFFFBBFFFFFFBBFFFFFFBBFFFFFFBBFFFFFFBBFFFFFFBBFFFFFFBBFFFFFFBBFFFFFFBBFFFFFFBBFFFFFF22FFFFFF22FFFFFF22FFFFFF22FFFFFF22FFFFFF22FFFFFF22FFFFFF22FFFFFF22FFFFFF22FFFFFF22FFFFFF22FFFFFF22FFFFFF22FFFFFF22FFFFFF22FFFFFF
BFFFFFFBBFFFFFFBBFFFFFFBBFFFFFFBBFFFFFFBBFFFFFFBBFFFFFFBBFFFFFFBBFFFFFFBBFFFFFFBBFFFFFFBBFFFFFFBBFFFFFFBBFFFFFFBBFFFFFFBBFFFFFFB2FFFFFF22FFFFFF22FFFFFF22FFFFFF22FFFFFF22FFFFFF22FFFFFF22FFFFFF22FFFFFF22FFFFFF22FFFFFF22FFFFFF22FFFFFF22FFFFFF22FFFFFF22FFFFFF2
FFFFFFBBFFFFFFFFFFFFFFBBFFFFFFBBFFFFFFBBFFFFF000000FFFFFFFFFFFBBFFFFFFBBFFFFFBBBBBBFFFFFFFFFFFBBFFFFFFBBFFFFF222222FFFFFFFFFFFBBFFFFFF22FFFFFF22FFFFFF22FFFFFF22FFFFFF22FFFFF000000FFF22FFFFFF22FFFFFF22FFFFFBBBBBBFFF22FFFFFF22FFFFFF22FFFFF222222FFF22FFFFFF22
FFFFFBBFFFFFFFFFFFFFFBBFFFFFFBBFFFFFFBBFFFF0000000000FFFFFFFFBBFFFFFFBBFFFFBBBBBBBBBBFFFFFFFFBBFFFFFFBBFFFF2222222222FFFFFFFFBBFFFFFF22FFFFFF22FFFFFF22FFFFFF22FFFFFF22FFFF000000000022FFFFFF22FFFFFF22FFFFBBBBBBBBBB22FFFFFF22FFFFFF22FFFF222222222222FFFFFF22F
FFFFBBFFFFFFFF0000FFFFFFFFFFBBFFFFFFBBFFFF0000BBBB0000FFFFFFBBFFFFFFBBFFFFBBBB2222BBBBFFFFFFBBFFFFFFBBFFFF222200002222FFFFFFBBFFFFFF22FFFFFF220000FF22FFFFFF22FFFFFF22FFFF0000BBBB0000FFFFFF22FFFFFF22FFFFBBBB2222BBBBFFFFFF22FFFFFF22FFFF222200002222FFFFFF22FF
FFFBBFFFFFFF00000000FFFFFFFBBFFFFFFBBFFFF000BBBBBBBB000FFFFBBFFFFFFBBFFFFBBB22222222BBBFFFFBBFFFFFFBBFFFF22200000000222FFFFBBFFFFFF22FFFFFF2000000002FFFFFF22FFFFFF22FFFF000BBBBBBBB000FFFF22FFFFFF22FFFFBBB22222222BBBFFFF22FFFFFF22FFFF22200000000222FFFF22FFF
FFBBFFFFFFF0000000000FFFFFBBFFFFFFBBFFFFF00BBBBBBBBBB00FFFBBFFFFFFBBFFFFFBB2222222222BBFFFBBFFFFFFBBFFFFF22000000000022FFFBBFFFFFF22FFFFFF20000000000FFFFF22FFFFFF22FFFFF00BBBBBBBBBB00FFF22FFFFFF22FFFFFBB2222222222BBFFF22FFFFFF22FFFFF22000000000022FFF22FFFF
FBBFFFFFFFF000BBBB000FFFFBBFFFFFFBBFFFFF000BBB2222BBB000FBBFFFFFFBBFFFFFBBB2220000222BBBFBBFFFFFFBBFFFFF222000BBBB000222FBBFFFFFF22FFFFFF22000BBBB000FFFF22FFFFFF22FFFFF000BBB2222BBB000F22FFFFFF22FFFFFBBB2220000222BBBF22FFFFFF22FFFFF222000BBBB000222F22FFFFF
BBFFFFFFFF000BBBBBB000FFBBFFFFFFBBFFFFFF00BBB222222BBB00BBFFFFFFBBFFFFFFBB222000000222BBBBFFFFFFBBFFFFFF22000BBBBBB00022BBFFFFFF22FFFFFF22000BBBBBB000FF22FFFFFF22FFFFFF00BBB222222BBB0022FFFFFF22FFFFFFBB222000000222BB22FFFFFF22FFFFFF22000BBBBBB0002222FFFFFF
BFFFFFFBFF000BBBBBB000FFBFFFFFFBBFFFFFFB00BBB222222BBB00BFFFFFFBBFFFFFFBBB222000000222BBBFFFFFFBBFFFFFFB22000BBBBBB00022BFFFFFFB2FFFFFF22F000BBBBBB000F22FFFFFF22FFFFFF200BBB222222BBB002FFFFFF22FFFFFF2BB222000000222BB2FFFFFF22FFFFFF222000BBBBBB000222FFFFFF2
FFFFFFBBFF000BBBBBB000FFFFFFFFBBFFFFFFBB00BBB222222BBB00FFFFFFBBFFFFFFBBBB222000000222BBFFFFFFBBFFFFFFBB22000BBBBBB00022FFFFFFBBFFFFFF22FF000BBBBBB00022FFFFFF22FFFFFF2200BBB222222BBB00FFFFFF22FFFFFF22BB222000000222BBFFFFFF22FFFFFF2222000BBBBBB00022FFFFFF22
FFFFFBBFFF000BBBBBB000FFFFFFFBBFFFFFFBBF00BBB222222BBB00FFFFFBBFFFFFFBBFBB222000000222BBFFFFFBBFFFFFFBBF22000BBBBBB00022FFFFFBBFFFFFF22FFF000BBBBBB0002FFFFFF22FFFFFF22F00BBB222222BBB00FFFFF22FFFFFF22FBB222000000222BBFFFFF22FFFFFF22F22000BBBBBB00022FFFFF22F
FFFFBBFFFFF000BBBB000FFFFFFFBBFFFFFFBBFF000BBB2222BBB000FFFFBBFFFFFFBBFFBBB2220000222BBBFFFFBBFFFFFFBBFF222000BBBB000222FFFFBBFFFFFF22FFFFF000BBBB0002FFFFFF22FFFFFF22FF000BBB2222BBB000FFFF22FFFFFF22FFBBB2220000222BBBFFFF22FFFFFF22FF222000BBBB000222FFFF22FF
FFFBBFFFFFF0000000000FFFFFFBBFFFFFFBBFFFF00BBBBBBBBBB00FFFFBBFFFFFFBBFFFFBB2222222222BBFFFFBBFFFFFFBBFFFF22000000000022FFFFBBFFFFFF22FFFFFF0000000000FFFFFF22FFFFFF22FFFF00BBBBBBBBBB00FFFF22FFFFFF22FFFFBB2222222222BBFFFF22FFFFFF22FFFF22000000000022FFFF22FFF
FFBBFFFFFFFF00000000FFFFFFBBFFFFFFBBFFFFF000BBBBBBBB000FFFBBFFFFFFBBFFFFFBBB22222222BBBFFFBBFFFFFFBBFFFFF22200000000222FFFBBFFFFFF22FFFFFF2200000000FFFFFF22FFFFFF22FFFFF000BBBBBBBB000FFF22FFFFFF22FFFFFBBB22222222BBBFFF22FFFFFF22FFFFF22200000000222FFF22FFFF
FBBFFFFFFBFFFF0000FFFFFFFBBFFFFFFBBFFFFFFF0000BBBB0000FFFBBFFFFFFBBFFFFFFFBBBB2222BBBBFFFBBFFFFFFBBFFFFFFF222200002222FFFBBFFFFFF22FFFFFF22FFF00002FFFFFF22FFFFFF22FFFFFF20000BBBB0000FFF22FFFFFF22FFFFFF2BBBB2222BBBBFFF22FFFFFF22FFFFFF2222200002222FFF22FFFFF
BBFFFFFFBBFFFFFFFFFFFFFFBBFFFFFFBBFFFFFFFFF0000000000FFFBBFFFFFFBBFFFFFFFFFBBBBBBBBBBFFFBBFFFFFFBBFFFFFFFFF2222222222FFFBBFFFFFF22FFFFFF22FFFFFF22FFFFFF22FFFFFF22FFFFFF22F0000000000FFF22FFFFFF22FFFFFF22FBBBBBBBBBBFFF22FFFFFF22FFFFFF22F2222222222FFF22FFFFFF
BFFFFFFBBFFFFFFFFFFFFFFBBFFFFFFBBFFFFFFBFFFFF000000FFFFFBFFFFFFBBFFFFFFBFFFFFBBBBBBFFFFFBFFFFFFBBFFFFFFBFFFFF222222FFFFFBFFFFFFB2FFFFFF22FFFFFF22FFFFFF22FFFFFF22FFFFFF22FFFF000000FFFF22FFFFFF22FFFFFF22FFFFBBBBBBFFFF22FFFFFF22FFFFFF22FFFF222222FFFF22FFFFFF2
FFFFFFBBFFFFFFBBFFFFFFBBFFFFFFBBFFFFFFBBFFFFFFBBFFFFFFBBFFFFFFBBFFFFFFBBFFFFFFBBFFFFFFBBFFFFFFBBFFFFFFBBFFFFFFBBFFFFFFBBFFFFFFBBFFFFFF22FFFFFF22FFFFFF22FFFFFF22FFFFFF22FFFFFF22FFFFFF22FFFFFF22FFFFFF22FFFFFF22FFFFFF22FFFFFF22FFFFFF22FFFFFF22FFFFFF22FFFFFF22
FFFFFBBFFFFFFBBFFFFFFBBFFFFFFBBFFFFFFBBFFFFFFBBFFFFFFBBFFFFFFBBFFFFFFBBFFFFFFBBFFFFFFBBFFFFFFBBFFFFFFBBFFFFFFBBFFFFFFBBFFFFFFBBFFFFFF22FFFFFF22FFFFFF22FFFFFF22FFFFFF22FFFFFF22FFFFFF22FFFFFF22FFFFFF22FFFFFF22FFFFFF22FFFFFF22FFFFFF22FFFFFF22FFFFFF22FFFFFF22F
FFFFBBFFFFFFBBFFFFFFBBFFFFFFBBFFFFFFBBFFFFFFBBFFFFFFBBFFFFFFBBFFFFFFBBFFFFFFBBFFFFFFBBFFFFFFBBFFFFFFBBFFFFFFBBFFFFFFBBFFFFFFBBFFFFFF22FFFFFF22FFFFFF22FFFFFF22FFFFFF22FFFFFF22FFFFFF22FFFFFF22FFFFFF22FFFFFF22FFFFFF22FFFFFF22FFFFFF22FFFFFF22FFFFFF22FFFFFF22FF
FFFBBFFFFFFBBFFFFFFBBFFFFFFBBFFFFFFBBFFFFFFBBFFFFFFBBFFFFFFBBFFFFFFBBFFFFFFBBFFFFFFBBFFFFFFBBFFFFFFBBFFFFFFBBFFFFFFBBFFFFFFBBFFFFFF22FFFFFF22FFFFFF22FFFFFF22FFFFFF22FFFFFF22FFFFFF22FFFFFF22FFFFFF22FFFFFF22FFFFFF22FFFFFF22FFFFFF22FFFFFF22FFFFFF22FFFFFF22FFF
FFBBFFFFBBBBBBBBFFBBFFFFFFBBFFFFFFBBFFFFBBBBBBBBFFBBFFFFFFBBFFFFFFBBFFFFBBBBBBBBFFBBFFFFFFBBFFFFFFBBFFFFBBBBBBBBFFBBFFFFFFBBFFFFFF22FFFFBBBBBBBBFF22FFFFFF22FFFFFF22FFFFBBBBBBBBFF22FFFFFF22FFFFFF22FFFFBBBBBBBBFF22FFFFFF22FFFFFF22FFFFBBBBBBBBFF22FFFFFF22FFFF
FBBFFFFFB00000BBFBBFFFFFFBBFFFFFFBBFFFFFBB00BBBBFBBFFFFFFBBFFFFFFBBFFFFFB00000BBFBBFFFFFFBBFFFFFFBBFFFFFB00000BBFBBFFFFFFBBFFFFFF22FFFFFB00000BBF22FFFFFF22FFFFFF22FFFFFBB00BBBBF22FFFFFF22FFFFFF22FFFFFB00000BBF22FFFFFF22FFFFFF22FFFFFB00000BBF22FFFFFF22FFFFF
BBFFFFFF0BBBBB0BBBFFFFFFBBFFFFFFBBFFFFFFBBB0BBBBBBFFFFFFBBFFFFFFBBFFFFFF0BBBBB0BBBFFFFFFBBFFFFFFBBFFFFFF0BBBBB0BBBFFFFFFBBFFFFFF22FFFFFF0BBBBB0B22FFFFFF22FFFFFF22FFFFFFBBB0BBBB22FFFFFF22FFFFFF22FFFFFF0BBBBB0B22FFFFFF22FFFFFF22FFFFFF0BBBBB0B22FFFFFF22FFFFFF
BFFFFFFB0BBBBB0BBFFFFFFBBFFFFFFBBFFFFFFBBBB0BBBBBFFFFFFBBFFFFFFBBFFFFFFBBBBBBB0BBFFFFFFBBFFFFFFBBFFFFFFBBBBBBB0BBFFFFFFBBFFFFFFB2FFFFFF20BBBBB0B2FFFFFF22FFFFFF22FFFFFF2BBB0BBBB2FFFFFF22FFFFFF22FFFFFF2BBBBBB0B2FFFFFF22FFFFFF22FFFFFF2BBBBBB0B2FFFFFF22FFFFFF2
FFFFFFBB0BBBBB0BFFFFFFBBFFFFFFBBFFFFFFBBBBB0BBBBFFFFFFBBFFFFFFBBFFFFFFBBB00000BBFFFFFFBBFFFFFFBBFFFFFFBBBBB000BBFFFFFFBBFFFFFFBBFFFFFF220BBBBB0BFFFFFF22FFFFFF22FFFFFF22BBB0BBBBFFFFFF22FFFFFF22FFFFFF22B00000BBFFFFFF22FFFFFF22FFFFFF22BBB000BBFFFFFF22FFFFFF22
FFFFFBBF0BBBBB0BFFFFFBBFFFFFFBBFFFFFFBBFBBB0BBBBFFFFFBBFFFFFFBBFFFFFFBBF0BBBBBBBFFFFFBBFFFFFFBBFFFFFFBBFBBBBBB0BFFFFFBBFFFFFFBBFFFFFF22F0BBBBB0BFFFFF22FFFFFF22FFFFFF22FBBB0BBBBFFFFF22FFFFFF22FFFFFF22F0BBBBBBBFFFFF22FFFFFF22FFFFFF22FBBBBBB0BFFFFF22FFFFFF22F
FFFFBBFF0BBBBB0BFFFFBBFFFFFFBBFFFFFFBBFFBBB0BBBBFFFFBBFFFFFFBBFFFFFFBBFF0BBBBBBBFFFFBBFFFFFFBBFFFFFFBBFF0BBBBB0BFFFFBBFFFFFFBBFFFFFF22FF0BBBBB0BFFFF22FFFFFF22FFFFFF22FFBBB0BBBBFFFF22FFFFFF22FFFFFF22FF0BBBBBBBFFFF22FFFFFF22FFFFFF22FF0BBBBB0BFFFF22FFFFFF22FF
FFFBBFFFB00000BBFFFBBFFFFFFBBFFFFFFBBFFFBBB0BBBBFFFBBFFFFFFBBFFFFFFBBFFF0000000BFFFBBFFFFFFBBFFFFFFBBFFFB00000BBFFFBBFFFFFFBBFFFFFF22FFFB00000BBFFF22FFFFFF22FFFFFF22FFFBBB0BBBBFFF22FFFFFF22FFFFFF22FFF0000000BFFF22FFFFFF22FFFFFF22FFFB00000BBFFF22FFFFFF22FFF
FFBBFFFFFFBBFFFFFFBBFFFFFFBBFFFFFFBBFFFFFFBBFFFFFFBBFFFFFFBBFFFFFFBBFFFFFFBBFFFFFFBBFFFFFFBBFFFFFFBBFFFFFFBBFFFFFFBBFFFFFFBBFFFFFF22FFFFFF22FFFFFF22FFFFFF22FFFFFF22FFFFFF22FFFFFF22FFFFFF22FFFFFF22FFFFFF22FFFFFF22FFFFFF22FFFFFF22FFFFFF22FFFFFF22FFFFFF22FFFF
FBBFFFFFFBBFFFFFFBBFFFFFFBBFFFFFFBBFFFFFFBBFFFFFFBBFFFFFFBBFFFFFFBBFFFFFFBBFFFFFFBBFFFFFFBBFFFFFFBBFFFFFFBBFFFFFFBBFFFFFFBBFFFFFF22FFFFFF22FFFFFF22FFFFFF22FFFFFF22FFFFFF22FFFFFF22FFFFFF22FFFFFF22FFFFFF22FFFFFF22FFFFFF22FFFFFF22FFFFFF22FFFFFF22FFFFFF22FFFFF
BBFFFFFFBBFFFFFFBBFFFFFFBBFFFFFFBBFFFFFFBBFFFFFFBBFFFFFFBBFFFFFFBBFFFFFFBBFFFFFFBBFFFFFFBBFFFFFFBBFFFFFFBBFFFFFFBBFFFFFFBBFFFFFF22FFFFFF22FFFFFF22FFFFFF22FFFFFF22FFFFFF22FFFFFF22FFFFFF22FFFFFF22FFFFFF22FFFFFF22FFFFFF22FFFFFF22FFFFFF22FFFFFF22FFFFFF22FFFFFF
BFFFFFFBBFFFFFFBBFFFFFFBBFFFFFFBBFFFFFFBBFFFFFFBBFFFFFFBBFFFFFFBBFFFFFFBBFFFFFFBBFFFFFFBBFFFFFFBBFFFFFFBBFFFFFFBBFFFFFFBBFFFFFFB2FFFFFF22FFFFFF22FFFFFF22FFFFFF22FFFFFF22FFFFFF22FFFFFF22FFFFFF22FFFFFF22FFFFFF22FFFFFF22FFFFFF22FFFFFF22FFFFFF22FFFFFF22FFFFFF2
FFFFFFBB00000FFFFFF00000FFFFFFBBFFFFFFBBFFFFF000000FFFBBFFFFFFBBFFFFFFBB00000BBBBBB00000FFFFFFBBFFFFFFBB0000022222200000FFFFFFBBFFFFFF2200000F22FFF00000FFFFFF22FFFFFF22FFFFF000000FFF22FFFFFF22FFFFFF2200000BBBBBB00000FFFFFF22FFFFFF220000022222200000FFFFFF22
FFFFFBBF000FFFFFFFFFF000FFFFFBBFFFFFFBBFFFF0000000000BBFFFFFFBBFFFFFFBBF000BBBBBBBBBB000FFFFFBBFFFFFFBBF0002222222222000FFFFFBBFFFFFF22F000FF22FFFFFF000FFFFF22FFFFFF22FFFF000000000022FFFFFF22FFFFFF22F000BBBBBBBBBB000FFFFF22FFFFFF22F0002222222222000FFFFF22F
FFFFBBFF00FFFF0000FFFF00FFFFBBFFFFFFBBFFFF0000BBBB0000FFFFFFBBFFFFFFBBFF00BBBB2222BBBB00FFFFBBFFFFFFBBFF0022220000222200FFFFBBFFFFFF22FF00FF220000FF2200FFFF22FFFFFF22FFFF0000BBBB0000FFFFFF22FFFFFF22FF00BBBB2222BBBB00FFFF22FFFFFF22FF0022220000222200FFFF22FF
FFFBBFFF0FFF00000000FFF0FFFBBFFFFFFBBFFFF000BBBBBBBB000FFFFBBFFFFFFBBFFF0BBB22222222BBB0FFFBBFFFFFFBBFFF0222000000002220FFFBBFFFFFF22FFF0FF2000000002FF0FFF22FFFFFF22FFFF000BBBBBBBB000FFFF22FFFFFF22FFF0BBB22222222BBB0FFF22FFFFFF22FFF0222000000002220FFF22FFF
FFBBFFFF0FF0000000000FF0FFBBFFFFFFBBFFFFF00BBBBBBBBBB00FFFBBFFFFFFBBFFFF0BB2222222222BB0FFBBFFFFFFBBFFFF0220000000000220FFBBFFFFFF22FFFF0F20000000000FF0FF22FFFFFF22FFFFF00BBBBBBBBBB00FFF22FFFFFF22FFFF0BB2222222222BB0FF22FFFFFF22FFFF0220000000000220FF22FFFF
FBBFFFFFFFF000BBBB000FFFFBBFFFFFFBBFFFFF000BBB2222BBB000FBBFFFFFFBBFFFFFBBB2220000222BBBFBBFFFFFFBBFFFFF222000BBBB000222FBBFFFFFF22FFFFFF22000BBBB000FFFF22FFFFFF22FFFFF000BBB2222BBB000F22FFFFFF22FFFFFBBB2220000222BBBF22FFFFFF22FFFFF222000BBBB000222F22FFFFF
BBFFFFFFFF000BBBBBB000FFBBFFFFFFBBFFFFFF00BBB222222BBB00BBFFFFFFBBFFFFFFBB222000000222BBBBFFFFFFBBFFFFFF22000BBBBBB00022BBFFFFFF22FFFFFF22000BBBBBB000FF22FFFFFF22FFFFFF00BBB222222BBB0022FFFFFF22FFFFFFBB222000000222BB22FFFFFF22FFFFFF22000BBBBBB0002222FFFFFF
BFFFFFFBFF000BBBBBB000FFBFFFFFFBBFFFFFFB00BBB222222BBB00BFFFFFFBBFFFFFFBBB222000000222BBBFFFFFFBBFFFFFFB22000BBBBBB00022BFFFFFFB2FFFFFF22F000BBBBBB000F22FFFFFF22FFFFFF200BBB222222BBB002FFFFFF22FFFFFF2BB222000000222BB2FFFFFF22FFFFFF222000BBBBBB000222FFFFFF2
FFFFFFBBFF000BBBBBB000FFFFFFFFBBFFFFFFBB00BBB222222BBB00FFFFFFBBFFFFFFBBBB222000000222BBFFFFFFBBFFFFFFBB22000BBBBBB00022FFFFFFBBFFFFFF22FF000BBBBBB00022FFFFFF22FFFFFF2200BBB222222BBB00FFFFFF22FFFFFF22BB222000000222BBFFFFFF22FFFFFF2222000BBBBBB00022FFFFFF22
FFFFFBBFFF000BBBBBB000FFFFFFFBBFFFFFFBBF00BBB222222BBB00FFFFFBBFFFFFFBBFBB222000000222BBFFFFFBBFFFFFFBBF22000BBBBBB00022FFFFFBBFFFFFF22FFF000BBBBBB0002FFFFFF22FFFFFF22F00BBB222222BBB00FFFFF22FFFFFF22FBB222000000222BBFFFFF22FFFFFF22F22000BBBBBB00022FFFFF22F
FFFFBBFFFFF000BBBB000FFFFFFFBBFFFFFFBBFF000BBB2222BBB000FFFFBBFFFFFFBBFFBBB2220000222BBBFFFFBBFFFFFFBBFF222000BBBB000222FFFFBBFFFFFF22FFFFF000BBBB0002FFFFFF22FFFFFF22FF000BBB2222BBB000FFFF22FFFFFF22FFBBB2220000222BBBFFFF22FFFFFF22FF222000BBBB000222FFFF22FF
FFFBBFFF0FF0000000000FF0FFFBBFFFFFFBBFFFF00BBBBBBBBBB00FFFFBBFFFFFFBBFFF0BB2222222222BB0FFFBBFFFFFFBBFFF0220000000000220FFFBBFFFFFF22FFF0FF0000000000FF0FFF22FFFFFF22FFFF00BBBBBBBBBB00FFFF22FFFFFF22FFF0BB2222222222BB0FFF22FFFFFF22FFF0220000000000220FFF22FFF
FFBBFFFF0FFF00000000FFF0FFBBFFFFFFBBFFFFF000BBBBBBBB000FFFBBFFFFFFBBFFFF0BBB22222222BBB0FFBBFFFFFFBBFFFF0222000000002220FFBBFFFFFF22FFFF0F2200000000FFF0FF22FFFFFF22FFFFF000BBBBBBBB000FFF22FFFFFF22FFFF0BBB22222222BBB0FF22FFFFFF22FFFF0222000000002220FF22FFFF
FBBFFFFF00FFFF0000FFFF00FBBFFFFFFBBFFFFFFB0000BBBB0000FFFBBFFFFFFBBFFFFF00BBBB2222BBBB00FBBFFFFFFBBFFFFF0022220000222200FBBFFFFFF22FFFFF002FFF00002FFF00F22FFFFFF22FFFFFF20000BBBB0000FFF22FFFFFF22FFFFF00BBBB2222BBBB00F22FFFFFF22FFFFF0022220000222200F22FFFFF
BBFFFFFF000FFFFFFFFFF000BBFFFFFFBBFFFFFFBBF0000000000FFFBBFFFFFFBBFFFFFF000BBBBBBBBBB000BBFFFFFFBBFFFFFF0002222222222000BBFFFFFF22FFFFFF000FFFFF22FFF00022FFFFFF22FFFFFF22F0000000000FFF22FFFFFF22FFFFFF000BBBBBBBBBB00022FFFFFF22FFFFFF000222222222200022FFFFFF
BFFFFFFB00000FFFFFF00000BFFFFFFBBFFFFFFBBFFFF000000FFFFBBFFFFFFBBFFFFFFB00000BBBBBB00000BFFFFFFBBFFFFFFB0000022222200000BFFFFFFB2FFFFFF200000FF22FF000002FFFFFF22FFFFFF22FFFF000000FFFF22FFFFFF22FFFFFF200000BBBBBB000002FFFFFF22FFFFFF200000222222000002FFFFFF2
FFFFFFBBFFFFFFBBFFFFFFBBFFFFFFBBFFFFFFBBFFFFFFBBFFFFFFBBFFFFFFBBFFFFFFBBFFFFFFBBFFFFFFBBFFFFFFBBFFFFFFBBFFFFFFBBFFFFFFBBFFFFFFBBFFFFFF22FFFFFF22FFFFFF22FFFFFF22FFFFFF22FFFFFF22FFFFFF22FFFFFF22FFFFFF22FFFFFF22FFFFFF22FFFFFF22FFFFFF22FFFFFF22FFFFFF22FFFFFF22
FFFFFBBFFFFFFBBFFFFFFBBFFFFFFBBFFFFFFBBFFFFFFBBFFFFFFBBFFFFFFBBFFFFFFBBFFFFFFBBFFFFFFBBFFFFFFBBFFFFFFBBFFFFFFBBFFFFFFBBFFFFFFBBFFFFFF22FFFFFF22FFFFFF22FFFFFF22FFFFFF22FFFFFF22FFFFFF22FFFFFF22FFFFFF22FFFFFF22FFFFFF22FFFFFF22FFFFFF22FFFFFF22FFFFFF22FFFFFF22F
FFFFBBFFFFFFBBFFFFFFBBFFFFFFBBFFFFFFBBFFFFFFBBFFFFFFBBFFFFFFBBFFFFFFBBFFFFFFBBFFFFFFBBFFFFFFBBFFFFFFBBFFFFFFBBFFFFFFBBFFFFFFBBFFFFFF22FFFFFF22FFFFFF22FFFFFF22FFFFFF22FFFFFF22FFFFFF22FFFFFF22FFFFFF22FFFFFF22FFFFFF22FFFFFF22FFFFFF22FFFFFF22FFFFFF22FFFFFF22FF
FFFBBFFFFFFBBFFFFFFBBFFFFFFBBFFFFFFBBFFFFFFBBFFFFFFBBFFFFFFBBFFFFFFBBFFFFFFBBFFFFFFBBFFFFFFBBFFFFFFBBFFFFFFBBFFFFFFBBFFFFFFBBFFFFFF22FFFFFF22FFFFFF22FFFFFF22FFFFFF22FFFFFF22FFFFFF22FFFFFF22FFFFFF22FFFFFF22FFFFFF22FFFFFF22FFFFFF22FFFFFF22FFFFFF22FFFFFF22FFF
FFBBFFFFBBBBBBBBFFBBFFFFFFBBFFFFFFBBFFFFBBBBBBBBFFBBFFFFFFBBFFFFFFBBFFFFBBBBBBBBFFBBFFFFFFBBFFFFFFBBFFFFBBBBBBBBFFBBFFFFFFBBFFFFFF22FFFFBBBBBBBBFF22FFFFFF22FFFFFF22FFFFBBBBBBBBFF22FFFFFF22FFFFFF22FFFFBBBBBBBBFF22FFFFFF22FFFFFF22FFFFBBBBBBBBFF22FFFFFF22FFFF
FBBFFFFFBBBB00BBFBBFFFFFFBBFFFFFFBBFFFFF0000000BFBBFFFFFFBBFFFFFFBBFFFFFB00000BBFBBFFFFFFBBFFFFFFBBFFFFFB00000BBFBBFFFFFFBBFFFFFF22FFFFFBBBB00BBF22FFFFFF22FFFFFF22FFFFF0000000BF22FFFFFF22FFFFFF22FFFFFB00000BBF22FFFFFF22FFFFFF22FFFFFB00000BBF22FFFFFF22FFFFF
BBFFFFFFBBB0B0BBBBFFFFFFBBFFFFFFBBFFFFFF0BBBBBBBBBFFFFFFBBFFFFFFBBFFFFFF0BBBBB0BBBFFFFFFBBFFFFFFBBFFFFFF0BBBBB0BBBFFFFFFBBFFFFFF22FFFFFFBBB0B0BB22FFFFFF22FFFFFF22FFFFFF0BBBBBBB22FFFFFF22FFFFFF22FFFFFF0BBBBB0B22FFFFFF22FFFFFF22FFFFFF0BBBBB0B22FFFFFF22FFFFFF
BFFFFFFBBB0BB0BBBFFFFFFBBFFFFFFBBFFFFFFB0BBBBBBBBFFFFFFBBFFFFFFBBFFFFFFB0BBBBBBBBFFFFFFBBFFFFFFBBFFFFFFBBBBBBB0BBFFFFFFBBFFFFFFB2FFFFFF2BB0BB0BB2FFFFFF22FFFFFF22FFFFFF20BBBBBBB2FFFFFF22FFFFFF22FFFFFF20BBBBBBB2FFFFFF22FFFFFF22FFFFFF2BBBBBB0B2FFFFFF22FFFFFF2
FFFFFFBBB0BBB0BBFFFFFFBBFFFFFFBBFFFFFFBBB00000BBFFFFFFBBFFFFFFBBFFFFFFBB000000BBFFFFFFBBFFFFFFBBFFFFFFBBBBB0000BFFFFFFBBFFFFFFBBFFFFFF22B0BBB0BBFFFFFF22FFFFFF22FFFFFF22B00000BBFFFFFF22FFFFFF22FFFFFF22000000BBFFFFFF22FFFFFF22FFFFFF22BBB0000BFFFFFF22FFFFFF22
FFFFFBBF0BBBB0BBFFFFFBBFFFFFFBBFFFFFFBBFBBBBBB0BFFFFFBBFFFFFFBBFFFFFFBBF0BBBBB0BFFFFFBBFFFFFFBBFFFFFFBBFBBBBBB0BFFFFFBBFFFFFFBBFFFFFF22F0BBBB0BBFFFFF22FFFFFF22FFFFFF22FBBBBBB0BFFFFF22FFFFFF22FFFFFF22F0BBBBB0BFFFFF22FFFFFF22FFFFFF22FBBBBBB0BFFFFF22FFFFFF22F
FFFFBBFF0000000BFFFFBBFFFFFFBBFFFFFFBBFF0BBBBB0BFFFFBBFFFFFFBBFFFFFFBBFF0BBBBB0BFFFFBBFFFFFFBBFFFFFFBBFFBBBBBB0BFFFFBBFFFFFFBBFFFFFF22FF0000000BFFFF22FFFFFF22FFFFFF22FF0BBBBB0BFFFF22FFFFFF22FFFFFF22FF0BBBBB0BFFFF22FFFFFF22FFFFFF22FFBBBBBB0BFFFF22FFFFFF22FF
FFFBBFFFBBBBB0BBFFFBBFFFFFFBBFFFFFFBBFFFB00000BBFFFBBFFFFFFBBFFFFFFBBFFFB00000BBFFFBBFFFFFFBBFFFFFFBBFFFBBBBBB0BFFFBBFFFFFFBBFFFFFF22FFFBBBBB0BBFFF22FFFFFF22FFFFFF22FFFB00000BBFFF22FFFFFF22FFFFFF22FFFB00000BBFFF22FFFFFF22FFFFFF22FFFBBBBBB0BFFF22FFFFFF22FFF
FFBBFFFFFFBBFFFFFFBBFFFFFFBBFFFFFFBBFFFFFFBBFFFFFFBBFFFFFFBBFFFFFFBBFFFFFFBBFFFFFFBBFFFFFFBBFFFFFFBBFFFFFFBBFFFFFFBBFFFFFFBBFFFFFF22FFFFFF22FFFFFF22FFFFFF22FFFFFF22FFFFFF22FFFFFF22FFFFFF22FFFFFF22FFFFFF22FFFFFF22FFFFFF22FFFFFF22FFFFFF22FFFFFF22FFFFFF22FFFF
FBBFFFFFFBBFFFFFFBBFFFFFFBBFFFFFFBBFFFFFFBBFFFFFFBBFFFFFFBBFFFFFFBBFFFFFFBBFFFFFFBBFFFFFFBBFFFFFFBBFFFFFFBBFFFFFFBBFFFFFFBBFFFFFF22FFFFFF22FFFFFF22FFFFFF22FFFFFF22FFFFFF22FFFFFF22FFFFFF22FFFFFF22FFFFFF22FFFFFF22FFFFFF22FFFFFF22FFFFFF22FFFFFF22FFFFFF22FFFFF
BBFFFFFFBBFFFFFFBBFFFFFFBBFFFFFFBBFFFFFFBBFFFFFFBBFFFFFFBBFFFFFFBBFFFFFFBBFFFFFFBBFFFFFFBBFFFFFFBBFFFFFFBBFFFFFFBBFFFFFFBBFFFFFF22FFFFFF22FFFFFF22FFFFFF22FFFFFF22FFFFFF22FFFFFF22FFFFFF22FFFFFF22FFFFFF22FFFFFF22FFFFFF22FFFFFF22FFFFFF22FFFFFF22FFFFFF22FFFFFF
BFFFFFFBBFFFFFFBBFFFFFFBBFFFFFFBBFFFFFFBBFFFFFFBBFFFFFFBBFFFFFFBBFFFFFFBBFFFFFFBBFFFFFFBBFFFFFFBBFFFFFFBBFFFFFFBBFFFFFFBBFFFFFFB2FFFFFF22FFFFFF22FFFFFF22FFFFFF22FFFFFF22FFFFFF22FFFFFF22FFFFFF22FFFFFF22FFFFFF22FFFFFF22FFFFFF22FFFFFF22FFFFFF22FFFFFF22FFFFFF2
FFFFFFBBBBBBBFFFFFFBBBBBFFFFFFBBFFFFFFBBBBBBB000000BBBBBFFFFFFBBFFFFFFBBFFFFFBBBBBBFFFBBFFFFFFBBFFFFFFBBBBBBB222222BBBBBFFFFFFBBFFFFFF22BBBBBF22FFFBBBBBFFFFFF22FFFFFF22BBBBB000000BBBBBFFFFFF22FFFFFF22FFFFFBBBBBBFFF22FFFFFF22FFFFFF22BBBBB222222BBBBBFFFFFF22
FFFFFBBFBBBFFFFFFFFFFBBBFFFFFBBFFFFFFBBFBBB0000000000BBBFFFFFBBFFFFFFBBFFFFBBBBBBBBBBBBFFFFFFBBFFFFFFBBFBBB2222222222BBBFFFFFBBFFFFFF22FBBBFF22FFFFFFBBBFFFFF22FFFFFF22FBBB0000000000BBBFFFFF22FFFFFF22FFFFBBBBBBBBBB22FFFFFF22FFFFFF22FBBB2222222222BBBFFFFF22F
FFFFBBFFBBFFFF0000FFFFBBFFFFBBFFFFFFBBFFBB0000BBBB0000BBFFFFBBFFFFFFBBFFFFBBBB2222BBBBFFFFFFBBFFFFFFBBFFBB222200002222BBFFFFBBFFFFFF22FFBBFF220000FF22BBFFFF22FFFFFF22FFBB0000BBBB0000BBFFFF22FFFFFF22FFFFBBBB2222BBBBFFFFFF22FFFFFF22FFBB222200002222BBFFFF22FF
FFFBBFFFBFFF00000000FFFBFFFBBFFFFFFBBFFFB000BBBBBBBB000BFFFBBFFFFFFBBFFFFBBB22222222BBBFFFFBBFFFFFFBBFFFB22200000000222BFFFBBFFFFFF22FFFBFF2000000002FFBFFF22FFFFFF22FFFB000BBBBBBBB000BFFF22FFFFFF22FFFFBBB22222222BBBFFFF22FFFFFF22FFFB22200000000222BFFF22FFF
FFBBFFFFBFF0000000000FFBFFBBFFFFFFBBFFFFB00BBBBBBBBBB00BFFBBFFFFFFBBFFFFFBB2222222222BBFFFBBFFFFFFBBFFFFB22000000000022BFFBBFFFFFF22FFFFBF20000000000FFBFF22FFFFFF22FFFFB00BBBBBBBBBB00BFF22FFFFFF22FFFFFBB2222222222BBFFF22FFFFFF22FFFFB22000000000022BFF22FFFF
FBBFFFFFFFF000BBBB000FFFFBBFFFFFFBBFFFFF000BBB2222BBB000FBBFFFFFFBBFFFFFBBB2220000222BBBFBBFFFFFFBBFFFFF222000BBBB000222FBBFFFFFF22FFFFFF22000BBBB000FFFF22FFFFFF22FFFFF000BBB2222BBB000F22FFFFFF22FFFFFBBB2220000222BBBF22FFFFFF22FFFFF222000BBBB000222F22FFFFF
BBFFFFFFFF000BBBBBB000FFBBFFFFFFBBFFFFFF00BBB222222BBB00BBFFFFFFBBFFFFFFBB222000000222BBBBFFFFFFBBFFFFFF22000BBBBBB00022BBFFFFFF22FFFFFF22000BBBBBB000FF22FFFFFF22FFFFFF00BBB222222BBB0022FFFFFF22FFFFFFBB222000000222BB22FFFFFF22FFFFFF22000BBBBBB0002222FFFFFF
BFFFFFFBFF000BBBBBB000FFBFFFFFFBBFFFFFFB00BBB222222BBB00BFFFFFFBBFFFFFFBBB222000000222BBBFFFFFFBBFFFFFFB22000BBBBBB00022BFFFFFFB2FFFFFF22F000BBBBBB000F22FFFFFF22FFFFFF200BBB222222BBB002FFFFFF22FFFFFF2BB222000000222BB2FFFFFF22FFFFFF222000BBBBBB000222FFFFFF2
FFFFFFBBFF000BBBBBB000FFFFFFFFBBFFFFFFBB00BBB222222BBB00FFFFFFBBFFFFFFBBBB222000000222BBFFFFFFBBFFFFFFBB22000BBBBBB00022FFFFFFBBFFFFFF22FF000BBBBBB00022FFFFFF22FFFFFF2200BBB222222BBB00FFFFFF22FFFFFF22BB222000000222BBFFFFFF22FFFFFF2222000BBBBBB00022FFFFFF22
FFFFFBBFFF000BBBBBB000FFFFFFFBBFFFFFFBBF00BBB222222BBB00FFFFFBBFFFFFFBBFBB222000000222BBFFFFFBBFFFFFFBBF22000BBBBBB00022FFFFFBBFFFFFF22FFF000BBBBBB0002FFFFFF22FFFFFF22F00BBB222222BBB00FFFFF22FFFFFF22FBB222000000222BBFFFFF22FFFFFF22F22000BBBBBB00022FFFFF22F
FFFFBBFFFFF000BBBB000FFFFFFFBBFFFFFFBBFF000BBB2222BBB000FFFFBBFFFFFFBBFFBBB2220000222BBBFFFFBBFFFFFFBBFF222000BBBB000222FFFFBBFFFFFF22FFFFF000BBBB0002FFFFFF22FFFFFF22FF000BBB2222BBB000FFFF22FFFFFF22FFBBB2220000222BBBFFFF22FFFFFF22FF222000BBBB000222FFFF22FF
FFFBBFFFBFF0000000000FFBFFFBBFFFFFFBBFFFB00BBBBBBBBBB00BFFFBBFFFFFFBBFFFFBB2222222222BBFFFFBBFFFFFFBBFFFB22000000000022BFFFBBFFFFFF22FFFBFF0000000000FFBFFF22FFFFFF22FFFB00BBBBBBBBBB00BFFF22FFFFFF22FFFFBB2222222222BBFFFF22FFFFFF22FFFB22000000000022BFFF22FFF
FFBBFFFFBFFF00000000FFFBFFBBFFFFFFBBFFFFB000BBBBBBBB000BFFBBFFFFFFBBFFFFFBBB22222222BBBFFFBBFFFFFFBBFFFFB22200000000222BFFBBFFFFFF22FFFFBF2200000000FFFBFF22FFFFFF22FFFFB000BBBBBBBB000BFF22FFFFFF22FFFFFBBB22222222BBBFFF22FFFFFF22FFFFB22200000000222BFF22FFFF
FBBFFFFFBBFFFF0000FFFFBBFBBFFFFFFBBFFFFFBB0000BBBB0000BBFBBFFFFFFBBFFFFFFBBBBB2222BBBBFFFBBFFFFFFBBFFFFFBB222200002222BBFBBFFFFFF22FFFFFBB2FFF00002FFFBBF22FFFFFF22FFFFFBB0000BBBB0000BBF22FFFFFF22FFFFFF2BBBB2222BBBBFFF22FFFFFF22FFFFFBB222200002222BBF22FFFFF
BBFFFFFFBBBFFFFFFFFFFBBBBBFFFFFFBBFFFFFFBBB0000000000BBBBBFFFFFFBBFFFFFFBBFBBBBBBBBBBFFFBBFFFFFFBBFFFFFFBBB2222222222BBBBBFFFFFF22FFFFFFBBBFFFFF22FFFBBB22FFFFFF22FFFFFFBBB0000000000BBB22FFFFFF22FFFFFF22FBBBBBBBBBBFFF22FFFFFF22FFFFFFBBB2222222222BBB22FFFFFF
BFFFFFFBBBBBBFFFFFFBBBBBBFFFFFFBBFFFFFFBBBBBB000000BBBBBBFFFFFFBBFFFFFFBBFFFFBBBBBBFFFFBBFFFFFFBBFFFFFFBBBBBB222222BBBBBBFFFFFFB2FFFFFF2BBBBBFF22FFBBBBB2FFFFFF22FFFFFF2BBBBB000000BBBBB2FFFFFF22FFFFFF22FFFFBBBBBBFFFF22FFFFFF22FFFFFF2BBBBB222222BBBBB2FFFFFF2
FFFFFFBBFFFFFFBBFFFFFFBBFFFFFFBBFFFFFFBBFFFFFFBBFFFFFFBBFFFFFFBBFFFFFFBBFFFFFFBBFFFFFFBBFFFFFFBBFFFFFFBBFFFFFFBBFFFFFFBBFFFFFFBBFFFFFF22FFFFFF22FFFFFF22FFFFFF22FFFFFF22FFFFFF22FFFFFF22FFFFFF22FFFFFF22FFFFFF22FFFFFF22FFFFFF22FFFFFF22FFFFFF22FFFFFF22FFFFFF22
FFFFFBBFFFFFFBBFFFFFFBBFFFFFFBBFFFFFFBBFFFFFFBBFFFFFFBBFFFFFFBBFFFFFFBBFFFFFFBBFFFFFFBBFFFFFFBBFFFFFFBBFFFFFFBBFFFFFFBBFFFFFFBBFFFFFF22FFFFFF22FFFFFF22FFFFFF22FFFFFF22FFFFFF22FFFFFF22FFFFFF22FFFFFF22FFFFFF22FFFFFF22FFFFFF22FFFFFF22FFFFFF22FFFFFF22FFFFFF22F
FFFFBBFFFFFFBBFFFFFFBBFFFFFFBBFFFFFFBBFFFFFFBBFFFFFFBBFFFFFFBBFFFFFFBBFFFFFFBBFFFFFFBBFFFFFFBBFFFFFFBBFFFFFFBBFFFFFFBBFFFFFFBBFFFFFF22FFFFFF22FFFFFF22FFFFFF22FFFFFF22FFFFFF22FFFFFF22FFFFFF22FFFFFF22FFFFFF22FFFFFF22FFFFFF22FFFFFF22FFFFFF22FFFFFF22FFFFFF22FF
FFFBBFFFFFFBBFFFFFFBBFFFFFFBBFFFFFFBBFFFFFFBBFFFFFFBBFFFFFFBBFFFFFFBBFFFFFFBBFFFFFFBBFFFFFFBBFFFFFFBBFFFFFFBBFFFFFFBBFFFFFFBBFFFFFF22FFFFFF22FFFFFF22FFFFFF22FFFFFF22FFFFFF22FFFFFF22FFFFFF22FFFFFF22FFFFFF22FFFFFF22FFFFFF22FFFFFF22FFFFFF22FFFFFF22FFFFFF22FFF
FFBBFFFFBBBBBBBBFFBBFFFFFFBBFFFFFFBBFFFFBBBBBBBBFFBBFFFFFFBBFFFFFFBBFFFFBBBBBBBBFFBBFFFFFFBBFFFFFFBBFFFFBBBBBBBBFFBBFFFFFFBBFFFFFF22FFFFBBBBBBBBFF22FFFFFF22FFFFFF22FFFFBBBBBBBBFF22FFFFFF22FFFFFF22FFFFBBBBBBBBFF22FFFFFF22FFFFFF22FFFFBBBBBBBBFF22FFFFFF22FFFF
FBBFFFFFB00000BBFBBFFFFFFBBFFFFFFBBFFFFFB00000BBFBBFFFFFFBBFFFFFFBBFFFFFB00000BBFBBFFFFFFBBFFFFFFBBFFFFF000000BBFBBFFFFFFBBFFFFFF22FFFFFB00000BBF22FFFFFF22FFFFFF22FFFFFB00000BBF22FFFFFF22FFFFFF22FFFFFB00000BBF22FFFFFF22FFFFFF22FFFFF000000BBF22FFFFFF22FFFFF
BBFFFFFF0BBBBB0BBBFFFFFFBBFFFFFFBBFFFFFF0BBBBB0BBBFFFFFFBBFFFFFFBBFFFFFF0BBBBB0BBBFFFFFFBBFFFFFFBBFFFFFF0BBBBB0BBBFFFFFFBBFFFFFF22FFFFFF0BBBBB0B22FFFFFF22FFFFFF22FFFFFF0BBBBB0B22FFFFFF22FFFFFF22FFFFFF0BBBBB0B22FFFFFF22FFFFFF22FFFFFF0BBBBB0B22FFFFFF22FFFFFF
BFFFFFFB0BBBBB0BBFFFFFFBBFFFFFFBBFFFFFFB0BBBBB0BBFFFFFFBBFFFFFFBBFFFFFFBBBBBBB0BBFFFFFFBBFFFFFFBBFFFFFFB0BBBBB0BBFFFFFFBBFFFFFFB2FFFFFF20BBBBB0B2FFFFFF22FFFFFF22FFFFFF20BBBBB0B2FFFFFF22FFFFFF22FFFFFF2BBBBBB0B2FFFFFF22FFFFFF22FFFFFF20BBBBB0B2FFFFFF22FFFFFF2
FFFFFFBBB00000BBFFFFFFBBFFFFFFBBFFFFFFBBB000000BFFFFFFBBFFFFFFBBFFFFFFBBB000000BFFFFFFBBFFFFFFBBFFFFFFBB000000BBFFFFFFBBFFFFFFBBFFFFFF22B00000BBFFFFFF22FFFFFF22FFFFFF22B000000BFFFFFF22FFFFFF22FFFFFF22B000000BFFFFFF22FFFFFF22FFFFFF22000000BBFFFFFF22FFFFFF22
FFFFFBBF0BBBBB0BFFFFFBBFFFFFFBBFFFFFFBBFBBBBBB0BFFFFFBBFFFFFFBBFFFFFFBBF0BBBBB0BFFFFFBBFFFFFFBBFFFFFFBBF0BBBBB0BFFFFFBBFFFFFFBBFFFFFF22F0BBBBB0BFFFFF22FFFFFF22FFFFFF22FBBBBBB0BFFFFF22FFFFFF22FFFFFF22F0BBBBB0BFFFFF22FFFFFF22FFFFFF22F0BBBBB0BFFFFF22FFFFFF22F
FFFFBBFF0BBBBB0BFFFFBBFFFFFFBBFFFFFFBBFF0BBBBB0BFFFFBBFFFFFFBBFFFFFFBBFF0BBBBB0BFFFFBBFFFFFFBBFFFFFFBBFF0BBBBB0BFFFFBBFFFFFFBBFFFFFF22FF0BBBBB0BFFFF22FFFFFF22FFFFFF22FF0BBBBB0BFFFF22FFFFFF22FFFFFF22FF0BBBBB0BFFFF22FFFFFF22FFFFFF22FF0BBBBB0BFFFF22FFFFFF22FF
FFFBBFFFB00000BBFFFBBFFFFFFBBFFFFFFBBFFFB00000BBFFFBBFFFFFFBBFFFFFFBBFFFB000000BFFFBBFFFFFFBBFFFFFFBBFFF000000BBFFFBBFFFFFFBBFFFFFF22FFFB00000BBFFF22FFFFFF22FFFFFF22FFFB00000BBFFF22FFFFFF22FFFFFF22FFFB000000BFFF22FFFFFF22FFFFFF22FFF000000BBFFF22FFFFFF22FFF
FFBBFFFFFFBBFFFFFFBBFFFFFFBBFFFFFFBBFFFFFFBBFFFFFFBBFFFFFFBBFFFFFFBBFFFFFFBBFFFFFFBBFFFFFFBBFFFFFFBBFFFFFFBBFFFFFFBBFFFFFFBBFFFFFF22FFFFFF22FFFFFF22FFFFFF22FFFFFF22FFFFFF22FFFFFF22FFFFFF22FFFFFF22FFFFFF22FFFFFF22FFFFFF22FFFFFF22FFFFFF22FFFFFF22FFFFFF22FFFF
FBBFFFFFFBBFFFFFFBBFFFFFFBBFFFFFFBBFFFFFFBBFFFFFFBBFFFFFFBBFFFFFFBBFFFFFFBBFFFFFFBBFFFFFFBBFFFFFFBBFFFFFFBBFFFFFFBBFFFFFFBBFFFFFF22FFFFFF22FFFFFF22FFFFFF22FFFFFF22FFFFFF22FFFFFF22FFFFFF22FFFFFF22FFFFFF22FFFFFF22FFFFFF22FFFFFF22FFFFFF22FFFFFF22FFFFFF22FFFFF
BBFFFFFFBBFFFFFFBBFFFFFFBBFFFFFFBBFFFFFFBBFFFFFFBBFFFFFFBBFFFFFFBBFFFFFFBBFFFFFFBBFFFFFFBBFFFFFFBBFFFFFFBBFFFFFFBBFFFFFFBBFFFFFF22FFFFFF22FFFFFF22FFFFFF22FFFFFF22FFFFFF22FFFFFF22FFFFFF22FFFFFF22FFFFFF22FFFFFF22FFFFFF22FFFFFF22FFFFFF22FFFFFF22FFFFFF22FFFFFF
BFFFFFFBBFFFFFFBBFFFFFFBBFFFFFFBBFFFFFFBBFFFFFFBBFFFFFFBBFFFFFFBBFFFFFFBBFFFFFFBBFFFFFFBBFFFFFFBBFFFFFFBBFFFFFFBBFFFFFFBBFFFFFFB2FFFFFF22FFFFFF22FFFFFF22FFFFFF22FFFFFF22FFFFFF22FFFFFF22FFFFFF22FFFFFF22FFFFFF22FFFFFF22FFFFFF22FFFFFF22FFFFFF22FFFFFF22FFFFFF2
FFFFFFBB22222FFFFFF22222FFFFFFBBFFFFFFBB2222200000022222FFFFFFBBFFFFFFBB22222BBBBBB22222FFFFFFBBFFFFFFBBFFFFF222222FFFBBFFFFFFBBFFFFFF2222222F22FFF22222FFFFFF22FFFFFF222222200000022222FFFFFF22FFFFFF2222222BBBBBB22222FFFFFF22FFFFFF22FFFFF222222FFF22FFFFFF22
FFFFFBBF222FFFFFFFFFF222FFFFFBBFFFFFFBBF2220000000000222FFFFFBBFFFFFFBBF222BBBBBBBBBB222FFFFFBBFFFFFFBBFFFF2222222222BBFFFFFFBBFFFFFF22F222FF22FFFFFF222FFFFF22FFFFFF22F2220000000000222FFFFF22FFFFFF22F222BBBBBBBBBB222FFFFF22FFFFFF22FFFF222222222222FFFFFF22F
FFFFBBFF22FFFF0000FFFF22FFFFBBFFFFFFBBFF220000BBBB000022FFFFBBFFFFFFBBFF22BBBB2222BBBB22FFFFBBFFFFFFBBFFFF222200002222FFFFFFBBFFFFFF22FF22FF220000FF2222FFFF22FFFFFF22FF220000BBBB000022FFFF22FFFFFF22FF22BBBB2222BBBB22FFFF22FFFFFF22FFFF222200002222FFFFFF22FF
FFFBBFFF2FFF00000000FFF2FFFBBFFFFFFBBFFF2000BBBBBBBB0002FFFBBFFFFFFBBFFF2BBB22222222BBB2FFFBBFFFFFFBBFFFF22200000000222FFFFBBFFFFFF22FFF2FF2000000002FF2FFF22FFFFFF22FFF2000BBBBBBBB0002FFF22FFFFFF22FFF2BBB22222222BBB2FFF22FFFFFF22FFFF22200000000222FFFF22FFF
FFBBFFFF2FF0000000000FF2FFBBFFFFFFBBFFFF200BBBBBBBBBB002FFBBFFFFFFBBFFFF2BB2222222222BB2FFBBFFFFFFBBFFFFF22000000000022FFFBBFFFFFF22FFFF2F20000000000FF2FF22FFFFFF22FFFF200BBBBBBBBBB002FF22FFFFFF22FFFF2BB2222222222BB2FF22FFFFFF22FFFFF22000000000022FFF22FFFF
FBBFFFFFFFF000BBBB000FFFFBBFFFFFFBBFFFFF000BBB2222BBB000FBBFFFFFFBBFFFFFBBB2220000222BBBFBBFFFFFFBBFFFFF222000BBBB000222FBBFFFFFF22FFFFFF22000BBBB000FFFF22FFFFFF22FFFFF000BBB2222BBB000F22FFFFFF22FFFFFBBB2220000222BBBF22FFFFFF22FFFFF222000BBBB000222F22FFFFF
BBFFFFFFFF000BBBBBB000FFBBFFFFFFBBFFFFFF00BBB222222BBB00BBFFFFFFBBFFFFFFBB222000000222BBBBFFFFFFBBFFFFFF22000BBBBBB00022BBFFFFFF22FFFFFF22000BBBBBB000FF22FFFFFF22FFFFFF00BBB222222BBB0022FFFFFF22FFFFFFBB222000000222BB22FFFFFF22FFFFFF22000BBBBBB0002222FFFFFF
BFFFFFFBFF000BBBBBB000FFBFFFFFFBBFFFFFFB00BBB222222BBB00BFFFFFFBBFFFFFFBBB222000000222BBBFFFFFFBBFFFFFFB22000BBBBBB00022BFFFFFFB2FFFFFF22F000BBBBBB000F22FFFFFF22FFFFFF200BBB222222BBB002FFFFFF22FFFFFF2BB222000000222BB2FFFFFF22FFFFFF222000BBBBBB000222FFFFFF2
FFFFFFBBFF000BBBBBB000FFFFFFFFBBFFFFFFBB00BBB222222BBB00FFFFFFBBFFFFFFBBBB222000000222BBFFFFFFBBFFFFFFBB22000BBBBBB00022FFFFFFBBFFFFFF22FF000BBBBBB00022FFFFFF22FFFFFF2200BBB222222BBB00FFFFFF22FFFFFF22BB222000000222BBFFFFFF22FFFFFF2222000BBBBBB00022FFFFFF22
FFFFFBBFFF000BBBBBB000FFFFFFFBBFFFFFFBBF00BBB222222BBB00FFFFFBBFFFFFFBBFBB222000000222BBFFFFFBBFFFFFFBBF22000BBBBBB00022FFFFFBBFFFFFF22FFF000BBBBBB0002FFFFFF22FFFFFF22F00BBB222222BBB00FFFFF22FFFFFF22FBB222000000222BBFFFFF22FFFFFF22F22000BBBBBB00022FFFFF22F
FFFFBBFFFFF000BBBB000FFFFFFFBBFFFFFFBBFF000BBB2222BBB000FFFFBBFFFFFFBBFFBBB2220000222BBBFFFFBBFFFFFFBBFF222000BBBB000222FFFFBBFFFFFF22FFFFF000BBBB0002FFFFFF22FFFFFF22FF000BBB2222BBB000FFFF22FFFFFF22FFBBB2220000222BBBFFFF22FFFFFF22FF222000BBBB000222FFFF22FF
FFFBBFFF2FF0000000000FF2FFFBBFFFFFFBBFFF200BBBBBBBBBB002FFFBBFFFFFFBBFFF2BB2222222222BB2FFFBBFFFFFFBBFFFF22000000000022FFFFBBFFFFFF22FFF2FF0000000000FF2FFF22FFFFFF22FFF200BBBBBBBBBB002FFF22FFFFFF22FFF2BB2222222222BB2FFF22FFFFFF22FFFF22000000000022FFFF22FFF
FFBBFFFF2FFF00000000FFF2FFBBFFFFFFBBFFFF2000BBBBBBBB0002FFBBFFFFFFBBFFFF2BBB22222222BBB2FFBBFFFFFFBBFFFFF22200000000222FFFBBFFFFFF22FFFF2F2200000000FFF2FF22FFFFFF22FFFF2000BBBBBBBB0002FF22FFFFFF22FFFF2BBB22222222BBB2FF22FFFFFF22FFFFF22200000000222FFF22FFFF
FBBFFFFF22FFFF0000FFFF22FBBFFFFFFBBFFFFF220000BBBB000022FBBFFFFFFBBFFFFF22BBBB2222BBBB22FBBFFFFFFBBFFFFFFB222200002222FFFBBFFFFFF22FFFFF222FFF00002FFF22F22FFFFFF22FFFFF220000BBBB000022F22FFFFFF22FFFFF22BBBB2222BBBB22F22FFFFFF22FFFFFF2222200002222FFF22FFFFF
BBFFFFFF222FFFFFFFFFF222BBFFFFFFBBFFFFFF2220000000000222BBFFFFFFBBFFFFFF222BBBBBBBBBB222BBFFFFFFBBFFFFFFBBF2222222222FFFBBFFFFFF22FFFFFF222FFFFF22FFF22222FFFFFF22FFFFFF222000000000022222FFFFFF22FFFFFF222BBBBBBBBBB22222FFFFFF22FFFFFF22F2222222222FFF22FFFFFF
BFFFFFFB22222FFFFFF22222BFFFFFFBBFFFFFFB2222200000022222BFFFFFFBBFFFFFFB22222BBBBBB22222BFFFFFFBBFFFFFFBBFFFF222222FFFFBBFFFFFFB2FFFFFF222222FF22FF222222FFFFFF22FFFFFF222222000000222222FFFFFF22FFFFFF222222BBBBBB222222FFFFFF22FFFFFF22FFFF222222FFFF22FFFFFF2
FFFFFFBBFFFFFFBBFFFFFFBBFFFFFFBBFFFFFFBBFFFFFFBBFFFFFFBBFFFFFFBBFFFFFFBBFFFFFFBBFFFFFFBBFFFFFFBBFFFFFFBBFFFFFFBBFFFFFFBBFFFFFFBBFFFFFF22FFFFFF22FFFFFF22FFFFFF22FFFFFF22FFFFFF22FFFFFF22FFFFFF22FFFFFF22FFFFFF22FFFFFF22FFFFFF22FFFFFF22FFFFFF22FFFFFF22FFFFFF22
FFFFFBBFFFFFFBBFFFFFFBBFFFFFFBBFFFFFFBBFFFFFFBBFFFFFFBBFFFFFFBBFFFFFFBBFFFFFFBBFFFFFFBBFFFFFFBBFFFFFFBBFFFFFFBBFFFFFFBBFFFFFFBBFFFFFF22FFFFFF22FFFFFF22FFFFFF22FFFFFF22FFFFFF22FFFFFF22FFFFFF22FFFFFF22FFFFFF22FFFFFF22FFFFFF22FFFFFF22FFFFFF22FFFFFF22FFFFFF22F
FFFFBBFFFFFFBBFFFFFFBBFFFFFFBBFFFFFFBBFFFFFFBBFFFFFFBBFFFFFFBBFFFFFFBBFFFFFFBBFFFFFFBBFFFFFFBBFFFFFFBBFFFFFFBBFFFFFFBBFFFFFFBBFFFFFF22FFFFFF22FFFFFF22FFFFFF22FFFFFF22FFFFFF22FFFFFF22FFFFFF22FFFFFF22FFFFFF22FFFFFF22FFFFFF22FFFFFF22FFFFFF22FFFFFF22FFFFFF22FF
FFFBBFFFFFFBBFFFFFFBBFFFFFFBBFFFFFFBBFFFFFFBBFFFFFFBBFFFFFFBBFFFFFFBBFFFFFFBBFFFFFFBBFFFFFFBBFFFFFFBBFFFFFFBBFFFFFFBBFFFFFFBBFFFFFF22FFFFFF22FFFFFF22FFFFFF22FFFFFF22FFFFFF22FFFFFF22FFFFFF22FFFFFF22FFFFFF22FFFFFF22FFFFFF22FFFFFF22FFFFFF22FFFFFF22FFFFFF22FFF
FFBBFFFFBBBBBBBBFFBBFFFFFFBBFFFFFFBBFFFFBBBBBBBBFFBBFFFFFFBBFFFFFFBBFFFFBBBBBBBBFFBBFFFFFFBBFFFFFFBBFFFFBBBBBBBBFFBBFFFFFFBBFFFFFF22FFFFBBBBBBBBFF22FFFFFF22FFFFFF22FFFFBBBBBBBBFF22FFFFFF22FFFFFF22FFFFBBBBBBBBFF22FFFFFF22FFFFFF22FFFFBBBBBBBBFF22FFFFFF22FFFF
FBBFFFFFB00000BBFBBFFFFFFBBFFFFFFBBFFFFF000000BBFBBFFFFFFBBFFFFFFBBFFFFFB00000BBFBBFFFFFFBBFFFFFFBBFFFFFB00000BBFBBFFFFFFBBFFFFFF22FFFFFB00000BBF22FFFFFF22FFFFFF22FFFFF000000BBF22FFFFFF22FFFFFF22FFFFFB00000BBF22FFFFFF22FFFFFF22FFFFFB00000BBF22FFFFFF22FFFFF
BBFFFFFF0BBBBB0BBBFFFFFFBBFFFFFFBBFFFFFF0BBBBB0BBBFFFFFFBBFFFFFFBBFFFFFF0BBBBB0BBBFFFFFFBBFFFFFFBBFFFFFF0BBBBB0BBBFFFFFFBBFFFFFF22FFFFFF0BBBBB0B22FFFFFF22FFFFFF22FFFFFF0BBBBB0B22FFFFFF22FFFFFF22FFFFFF0BBBBB0B22FFFFFF22FFFFFF22FFFFFF0BBBBB0B22FFFFFF22FFFFFF
BFFFFFFB0BBBBBBBBFFFFFFBBFFFFFFBBFFFFFFB0BBBBB0BBFFFFFFBBFFFFFFBBFFFFFFB0BBBBBBBBFFFFFFBBFFFFFFBBFFFFFFB0BBBBBBBBFFFFFFBBFFFFFFB2FFFFFF20BBBBBBB2FFFFFF22FFFFFF22FFFFFF20BBBBB0B2FFFFFF22FFFFFF22FFFFFF20BBBBBBB2FFFFFF22FFFFFF22FFFFFF20BBBBBBB2FFFFFF22FFFFFF2
FFFFFFBB0BBBBBBBFFFFFFBBFFFFFFBBFFFFFFBB0BBBBB0BFFFFFFBBFFFFFFBBFFFFFFBB0000BBBBFFFFFFBBFFFFFFBBFFFFFFBB0000BBBBFFFFFFBBFFFFFFBBFFFFFF220BBBBBBBFFFFFF22FFFFFF22FFFFFF220BBBBB0BFFFFFF22FFFFFF22FFFFFF220000BBBBFFFFFF22FFFFFF22FFFFFF220000BBBBFFFFFF22FFFFFF22
FFFFFBBF0BBBBBBBFFFFFBBFFFFFFBBFFFFFFBBF0BBBBB0BFFFFFBBFFFFFFBBFFFFFFBBF0BBBBBBBFFFFFBBFFFFFFBBFFFFFFBBF0BBBBBBBFFFFFBBFFFFFFBBFFFFFF22F0BBBBBBBFFFFF22FFFFFF22FFFFFF22F0BBBBB0BFFFFF22FFFFFF22FFFFFF22F0BBBBBBBFFFFF22FFFFFF22FFFFFF22F0BBBBBBBFFFFF22FFFFFF22F
FFFFBBFF0BBBBB0BFFFFBBFFFFFFBBFFFFFFBBFF0BBBBB0BFFFFBBFFFFFFBBFFFFFFBBFF0BBBBB0BFFFFBBFFFFFFBBFFFFFFBBFF0BBBBBBBFFFFBBFFFFFFBBFFFFFF22FF0BBBBB0BFFFF22FFFFFF22FFFFFF22FF0BBBBB0BFFFF22FFFFFF22FFFFFF22FF0BBBBB0BFFFF22FFFFFF22FFFFFF22FF0BBBBBBBFFFF22FFFFFF22FF
FFFBBFFFB00000BBFFFBBFFFFFFBBFFFFFFBBFFF000000BBFFFBBFFFFFFBBFFFFFFBBFFFB00000BBFFFBBFFFFFFBBFFFFFFBBFFF0BBBBBBBFFFBBFFFFFFBBFFFFFF22FFFB00000BBFFF22FFFFFF22FFFFFF22FFF000000BBFFF22FFFFFF22FFFFFF22FFFB00000BBFFF22FFFFFF22FFFFFF22FFF0BBBBBBBFFF22FFFFFF22FFF
FFBBFFFFFFBBFFFFFFBBFFFFFFBBFFFFFFBBFFFFFFBBFFFFFFBBFFFFFFBBFFFFFFBBFFFFFFBBFFFFFFBBFFFFFFBBFFFFFFBBFFFFFFBBFFFFFFBBFFFFFFBBFFFFFF22FFFFFF22FFFFFF22FFFFFF22FFFFFF22FFFFFF22FFFFFF22FFFFFF22FFFFFF22FFFFFF22FFFFFF22FFFFFF22FFFFFF22FFFFFF22FFFFFF22FFFFFF22FFFF
FBBFFFFFFBBFFFFFFBBFFFFFFBBFFFFFFBBFFFFFFBBFFFFFFBBFFFFFFBBFFFFFFBBFFFFFFBBFFFFFFBBFFFFFFBBFFFFFFBBFFFFFFBBFFFFFFBBFFFFFFBBFFFFFF22FFFFFF22FFFFFF22FFFFFF22FFFFFF22FFFFFF22FFFFFF22FFFFFF22FFFFFF22FFFFFF22FFFFFF22FFFFFF22FFFFFF22FFFFFF22FFFFFF22FFFFFF22FFFFF
BBFFFFFFBBFFFFFFBBFFFFFFBBFFFFFFBBFFFFFFBBFFFFFFBBFFFFFFBBFFFFFFBBFFFFFFBBFFFFFFBBFFFFFFBBFFFFFFBBFFFFFFBBFFFFFFBBFFFFFFBBFFFFFF22FFFFFF22FFFFFF22FFFFFF22FFFFFF22FFFFFF22FFFFFF22FFFFFF22FFFFFF22FFFFFF22FFFFFF22FFFFFF22FFFFFF22FFFFFF22FFFFFF22FFFFFF22FFFFFF
BFFFFFFBBFFFFFFBBFFFFFFBBFFFFFFBBFFFFFFBBFFFFFFBBFFFFFFBBFFFFFFBBFFFFFFBBFFFFFFBBFFFFFFBBFFFFFFBBFFFFFFBBFFFFFFBBFFFFFFBBFFFFFFB2FFFFFF22FFFFFF22FFFFFF22FFFFFF22FFFFFF22FFFFFF22FFFFFF22FFFFFF22FFFFFF22FFFFFF22FFFFFF22FFFFFF22FFFFFF22FFFFFF22FFFFFF22FFFFFF2
FFFFFFBBFFFFFFBBFFFFFFBBFFFFFFBBFFFFFFBBFFFFFFBBFFFFFFBBFFFFFFBBFFFFFFBBFFFFFFBBFFFFFFBBFFFFFFBBFFFFFFBBFFFFFFBBFFFFFFBBFFFFFFBBFFFFFF22FFFFFF22FFFFFF22FFFFFF22FFFFFF22FFFFFF22FFFFFF22FFFFFF22FFFFFF22FFFFFF22FFFFFF22FFFFFF22FFFFFF22FFFFFF22FFFFFF22FFFFFF22
FFFFFBBFFFFFFBBFFFFFFBBFFFFFFBBFFFFFFBBFFFFFFBBFFFFFFBBFFFFFFBBFFFFFFBBFFFFFFBBFFFFFFBBFFFFFFBBFFFFFFBBFFFFFFBBFFFFFFBBFFFFFFBBFFFFFF22FFFFFF22FFFFFF22FFFFFF22FFFFFF22FFFFFF22FFFFFF22FFFFFF22FFFFFF22FFFFFF22FFFFFF22FFFFFF22FFFFFF22FFFFFF22FFFFFF22FFFFFF22F
FFFFBBFFFFFFBBFFFFFFBBFFFFFFBBFFFFFFBBFFFFFFBBFFFFFFBBFFFFFFBBFFFFFFBBFFFFFFBBFFFFFFBBFFFFFFBBFFFFFFBBFFFFFFBBFFFFFFBBFFFFFFBBFFFFFF22FFFFFF22FFFFFF22FFFFFF22FFFFFF22FFFFFF22FFFFFF22FFFFFF22FFFFFF22FFFFFF22FFFFFF22FFFFFF22FFFFFF22FFFFFF22FFFFFF22FFFFFF22FF
FFFBBFFFFFFBBFFFFFFBBFFFFFFBBFFFFFFBBFFFFFFBBFFFFFFBBFFFFFFBBFFFFFFBBFFFFFFBBFFFFFFBBFFFFFFBBFFFFFFBBFFFFFFBBFFFFFFBBFFFFFFBBFFFFFF22FFFFFF22FFFFFF22FFFFFF22FFFFFF22FFFFFF22FFFFFF22FFFFFF22FFFFFF22FFFFFF22FFFFFF22FFFFFF22FFFFFF22FFFFFF22FFFFFF22FFFFFF22FFF
